2023-03-19 11:05:13.617 [info] Using settings sync service https://vscode-sync.trafficmanager.net/
2023-03-19 11:05:13.617 [info] Auto Sync is enabled.
2023-03-19 11:05:13.617 [info] Auto Sync: Suspended until auth token is available.
2023-03-19 11:05:14.029 [info] Deleting non existing profile from backup /home/dima/.config/Code/User/sync/extensions
2023-03-19 11:05:14.030 [info] Deleting non existing profile from backup /home/dima/.config/Code/User/sync/globalState
2023-03-19 11:05:14.031 [info] Deleting non existing profile from backup /home/dima/.config/Code/User/sync/keybindings
2023-03-19 11:05:14.032 [info] Deleting non existing profile from backup /home/dima/.config/Code/User/sync/profiles
2023-03-19 11:05:14.033 [info] Deleting non existing profile from backup /home/dima/.config/Code/User/sync/settings
2023-03-19 11:05:14.034 [info] Deleting non existing profile from backup /home/dima/.config/Code/User/sync/snippets
2023-03-19 11:05:14.036 [info] Deleting non existing profile from backup /home/dima/.config/Code/User/sync/tasks
2023-03-19 11:05:14.107 [info] Auto Sync: Triggered by Interval
2023-03-19 11:05:14.107 [info] Sync started.
2023-03-19 11:05:14.388 [info] Settings: Last sync resource does not exist locally.
2023-03-19 11:05:14.457 [info] Settings: No changes found during synchronizing settings.
2023-03-19 11:05:14.460 [info] Keybindings: Last sync resource does not exist locally.
2023-03-19 11:05:14.518 [info] Keybindings: No changes found during synchronizing keybindings.
2023-03-19 11:05:14.521 [info] Snippets: Last sync resource does not exist locally.
2023-03-19 11:05:14.627 [info] Snippets: No changes found during synchronizing snippets.
2023-03-19 11:05:14.629 [info] Tasks: Last sync resource does not exist locally.
2023-03-19 11:05:14.682 [info] Tasks: No changes found during synchronizing tasks.
2023-03-19 11:05:14.684 [info] GlobalState: Last sync resource does not exist locally.
2023-03-19 11:05:14.938 [info] GlobalState: Updated remote ui state. Updated: workbench.activity.pinnedViewlets2.
2023-03-19 11:05:14.940 [info] GlobalState: Updated last synchronized ui state
2023-03-19 11:05:14.942 [info] Extensions: Last sync resource does not exist locally.
2023-03-19 11:05:15.030 [info] Extensions: No changes found during synchronizing extensions.
2023-03-19 11:05:15.031 [info] Profiles: Last sync resource does not exist locally.
2023-03-19 11:05:15.232 [info] Profiles: No changes found during synchronizing profiles.
2023-03-19 11:05:15.233 [info] Sync done. Took 1127ms
2023-03-19 11:05:51.883 [info] Auto Sync: Triggered by Activity
2023-03-19 11:05:51.884 [info] Sync started.
2023-03-19 11:05:51.976 [info] Settings: No changes found during synchronizing settings.
2023-03-19 11:05:51.978 [info] Keybindings: No changes found during synchronizing keybindings.
2023-03-19 11:05:51.982 [info] Snippets: No changes found during synchronizing snippets.
2023-03-19 11:05:51.986 [info] Tasks: No changes found during synchronizing tasks.
2023-03-19 11:05:52.245 [info] GlobalState: Updated remote ui state. Updated: workbench.activity.pinnedViewlets2.
2023-03-19 11:05:52.252 [info] GlobalState: Updated last synchronized ui state
2023-03-19 11:05:52.309 [info] Extensions: No changes found during synchronizing extensions.
2023-03-19 11:05:52.310 [info] Profiles: No changes found during synchronizing profiles.
2023-03-19 11:05:52.313 [info] Sync done. Took 432ms
2023-03-19 11:10:52.319 [info] Auto Sync: Triggered by Interval
2023-03-19 11:10:52.320 [info] Sync started.
2023-03-19 11:10:52.591 [info] Settings: No changes found during synchronizing settings.
2023-03-19 11:10:52.596 [info] Keybindings: No changes found during synchronizing keybindings.
2023-03-19 11:10:52.600 [info] Snippets: No changes found during synchronizing snippets.
2023-03-19 11:10:52.603 [info] Tasks: No changes found during synchronizing tasks.
2023-03-19 11:10:52.607 [info] GlobalState: No changes found during synchronizing ui state.
2023-03-19 11:10:52.675 [info] Extensions: No changes found during synchronizing extensions.
2023-03-19 11:10:52.677 [info] Profiles: No changes found during synchronizing profiles.
2023-03-19 11:10:52.678 [info] Sync done. Took 359ms
2023-03-19 11:15:52.680 [info] Auto Sync: Triggered by Interval
2023-03-19 11:15:52.681 [info] Sync started.
2023-03-19 11:15:52.913 [info] Settings: No changes found during synchronizing settings.
2023-03-19 11:15:52.917 [info] Keybindings: No changes found during synchronizing keybindings.
2023-03-19 11:15:52.919 [info] Snippets: No changes found during synchronizing snippets.
2023-03-19 11:15:52.921 [info] Tasks: No changes found during synchronizing tasks.
2023-03-19 11:15:52.924 [info] GlobalState: No changes found during synchronizing ui state.
2023-03-19 11:15:52.986 [info] Extensions: No changes found during synchronizing extensions.
2023-03-19 11:15:52.988 [info] Profiles: No changes found during synchronizing profiles.
2023-03-19 11:15:52.991 [info] Sync done. Took 312ms
2023-03-19 11:20:52.993 [info] Auto Sync: Triggered by Interval
2023-03-19 11:20:52.993 [info] Sync started.
2023-03-19 11:20:53.195 [info] Settings: No changes found during synchronizing settings.
2023-03-19 11:20:53.199 [info] Keybindings: No changes found during synchronizing keybindings.
2023-03-19 11:20:53.202 [info] Snippets: No changes found during synchronizing snippets.
2023-03-19 11:20:53.204 [info] Tasks: No changes found during synchronizing tasks.
2023-03-19 11:20:53.208 [info] GlobalState: No changes found during synchronizing ui state.
2023-03-19 11:20:53.270 [info] Extensions: No changes found during synchronizing extensions.
2023-03-19 11:20:53.272 [info] Profiles: No changes found during synchronizing profiles.
2023-03-19 11:20:53.275 [info] Sync done. Took 284ms
2023-03-19 11:25:53.277 [info] Auto Sync: Triggered by Interval
2023-03-19 11:25:53.278 [info] Sync started.
2023-03-19 11:25:53.490 [info] Settings: No changes found during synchronizing settings.
2023-03-19 11:25:53.498 [info] Keybindings: No changes found during synchronizing keybindings.
2023-03-19 11:25:53.501 [info] Snippets: No changes found during synchronizing snippets.
2023-03-19 11:25:53.502 [info] Tasks: No changes found during synchronizing tasks.
2023-03-19 11:25:53.505 [info] GlobalState: No changes found during synchronizing ui state.
2023-03-19 11:25:53.544 [info] Extensions: No changes found during synchronizing extensions.
2023-03-19 11:25:53.546 [info] Profiles: No changes found during synchronizing profiles.
2023-03-19 11:25:53.547 [info] Sync done. Took 272ms
2023-03-19 11:30:53.550 [info] Auto Sync: Triggered by Interval
2023-03-19 11:30:53.551 [info] Sync started.
2023-03-19 11:30:53.731 [info] Settings: No changes found during synchronizing settings.
2023-03-19 11:30:53.739 [info] Keybindings: No changes found during synchronizing keybindings.
2023-03-19 11:30:53.745 [info] Snippets: No changes found during synchronizing snippets.
2023-03-19 11:30:53.752 [info] Tasks: No changes found during synchronizing tasks.
2023-03-19 11:30:53.757 [info] GlobalState: No changes found during synchronizing ui state.
2023-03-19 11:30:53.794 [info] Extensions: No changes found during synchronizing extensions.
2023-03-19 11:30:53.796 [info] Profiles: No changes found during synchronizing profiles.
2023-03-19 11:30:53.797 [info] Sync done. Took 248ms
2023-03-19 11:35:53.799 [info] Auto Sync: Triggered by Interval
2023-03-19 11:35:53.799 [info] Sync started.
2023-03-19 11:35:54.021 [info] Settings: No changes found during synchronizing settings.
2023-03-19 11:35:54.027 [info] Keybindings: No changes found during synchronizing keybindings.
2023-03-19 11:35:54.032 [info] Snippets: No changes found during synchronizing snippets.
2023-03-19 11:35:54.036 [info] Tasks: No changes found during synchronizing tasks.
2023-03-19 11:35:54.040 [info] GlobalState: No changes found during synchronizing ui state.
2023-03-19 11:35:54.109 [info] Extensions: No changes found during synchronizing extensions.
2023-03-19 11:35:54.110 [info] Profiles: No changes found during synchronizing profiles.
2023-03-19 11:35:54.110 [info] Sync done. Took 313ms
2023-03-19 11:40:54.112 [info] Auto Sync: Triggered by Interval
2023-03-19 11:40:54.113 [info] Sync started.
2023-03-19 11:40:54.358 [info] Settings: No changes found during synchronizing settings.
2023-03-19 11:40:54.363 [info] Keybindings: No changes found during synchronizing keybindings.
2023-03-19 11:40:54.370 [info] Snippets: No changes found during synchronizing snippets.
2023-03-19 11:40:54.374 [info] Tasks: No changes found during synchronizing tasks.
2023-03-19 11:40:54.380 [info] GlobalState: No changes found during synchronizing ui state.
2023-03-19 11:40:54.421 [info] Extensions: No changes found during synchronizing extensions.
2023-03-19 11:40:54.423 [info] Profiles: No changes found during synchronizing profiles.
2023-03-19 11:40:54.424 [info] Sync done. Took 313ms
2023-03-19 11:45:54.425 [info] Auto Sync: Triggered by Interval
2023-03-19 11:45:54.425 [info] Sync started.
2023-03-19 11:45:54.608 [info] Settings: No changes found during synchronizing settings.
2023-03-19 11:45:54.615 [info] Keybindings: No changes found during synchronizing keybindings.
2023-03-19 11:45:54.628 [info] Snippets: No changes found during synchronizing snippets.
2023-03-19 11:45:54.637 [info] Tasks: No changes found during synchronizing tasks.
2023-03-19 11:45:54.651 [info] GlobalState: No changes found during synchronizing ui state.
2023-03-19 11:45:54.693 [info] Extensions: No changes found during synchronizing extensions.
2023-03-19 11:45:54.696 [info] Profiles: No changes found during synchronizing profiles.
2023-03-19 11:45:54.697 [info] Sync done. Took 273ms
2023-03-19 11:50:54.699 [info] Auto Sync: Triggered by Interval
2023-03-19 11:50:54.699 [info] Sync started.
2023-03-19 11:50:54.897 [info] Settings: No changes found during synchronizing settings.
2023-03-19 11:50:54.909 [info] Keybindings: No changes found during synchronizing keybindings.
2023-03-19 11:50:54.913 [info] Snippets: No changes found during synchronizing snippets.
2023-03-19 11:50:54.916 [info] Tasks: No changes found during synchronizing tasks.
2023-03-19 11:50:54.923 [info] GlobalState: No changes found during synchronizing ui state.
2023-03-19 11:50:54.961 [info] Extensions: No changes found during synchronizing extensions.
2023-03-19 11:50:54.963 [info] Profiles: No changes found during synchronizing profiles.
2023-03-19 11:50:54.964 [info] Sync done. Took 267ms
2023-03-19 11:55:54.966 [info] Auto Sync: Triggered by Interval
2023-03-19 11:55:54.966 [info] Sync started.
2023-03-19 11:55:55.165 [info] Settings: No changes found during synchronizing settings.
2023-03-19 11:55:55.174 [info] Keybindings: No changes found during synchronizing keybindings.
2023-03-19 11:55:55.179 [info] Snippets: No changes found during synchronizing snippets.
2023-03-19 11:55:55.183 [info] Tasks: No changes found during synchronizing tasks.
2023-03-19 11:55:55.190 [info] GlobalState: No changes found during synchronizing ui state.
2023-03-19 11:55:55.232 [info] Extensions: No changes found during synchronizing extensions.
2023-03-19 11:55:55.233 [info] Profiles: No changes found during synchronizing profiles.
2023-03-19 11:55:55.237 [info] Sync done. Took 272ms
2023-03-19 12:00:55.239 [info] Auto Sync: Triggered by Interval
2023-03-19 12:00:55.239 [info] Sync started.
2023-03-19 12:00:55.410 [info] Settings: No changes found during synchronizing settings.
2023-03-19 12:00:55.413 [info] Keybindings: No changes found during synchronizing keybindings.
2023-03-19 12:00:55.416 [info] Snippets: No changes found during synchronizing snippets.
2023-03-19 12:00:55.418 [info] Tasks: No changes found during synchronizing tasks.
2023-03-19 12:00:55.422 [info] GlobalState: No changes found during synchronizing ui state.
2023-03-19 12:00:55.489 [info] Extensions: No changes found during synchronizing extensions.
2023-03-19 12:00:55.491 [info] Profiles: No changes found during synchronizing profiles.
2023-03-19 12:00:55.493 [info] Sync done. Took 256ms
2023-03-19 12:05:55.495 [info] Auto Sync: Triggered by Interval
2023-03-19 12:05:55.495 [info] Sync started.
2023-03-19 12:05:55.725 [info] Settings: No changes found during synchronizing settings.
2023-03-19 12:05:55.736 [info] Keybindings: No changes found during synchronizing keybindings.
2023-03-19 12:05:55.744 [info] Snippets: No changes found during synchronizing snippets.
2023-03-19 12:05:55.750 [info] Tasks: No changes found during synchronizing tasks.
2023-03-19 12:05:55.755 [info] GlobalState: No changes found during synchronizing ui state.
2023-03-19 12:05:55.800 [info] Extensions: No changes found during synchronizing extensions.
2023-03-19 12:05:55.802 [info] Profiles: No changes found during synchronizing profiles.
2023-03-19 12:05:55.803 [info] Sync done. Took 310ms
2023-03-19 12:10:55.805 [info] Auto Sync: Triggered by Interval
2023-03-19 12:10:55.806 [info] Sync started.
2023-03-19 12:10:56.049 [info] Settings: No changes found during synchronizing settings.
2023-03-19 12:10:56.059 [info] Keybindings: No changes found during synchronizing keybindings.
2023-03-19 12:10:56.068 [info] Snippets: No changes found during synchronizing snippets.
2023-03-19 12:10:56.072 [info] Tasks: No changes found during synchronizing tasks.
2023-03-19 12:10:56.077 [info] GlobalState: No changes found during synchronizing ui state.
2023-03-19 12:10:56.117 [info] Extensions: No changes found during synchronizing extensions.
2023-03-19 12:10:56.120 [info] Profiles: No changes found during synchronizing profiles.
2023-03-19 12:10:56.123 [info] Sync done. Took 320ms
2023-03-19 12:15:56.125 [info] Auto Sync: Triggered by Interval
2023-03-19 12:15:56.125 [info] Sync started.
2023-03-19 12:15:56.615 [info] Settings: No changes found during synchronizing settings.
2023-03-19 12:15:56.620 [info] Keybindings: No changes found during synchronizing keybindings.
2023-03-19 12:15:56.623 [info] Snippets: No changes found during synchronizing snippets.
2023-03-19 12:15:56.626 [info] Tasks: No changes found during synchronizing tasks.
2023-03-19 12:15:56.634 [info] GlobalState: No changes found during synchronizing ui state.
2023-03-19 12:15:56.674 [info] Extensions: No changes found during synchronizing extensions.
2023-03-19 12:15:56.676 [info] Profiles: No changes found during synchronizing profiles.
2023-03-19 12:15:56.677 [info] Sync done. Took 554ms
2023-03-19 12:20:56.679 [info] Auto Sync: Triggered by Interval
2023-03-19 12:20:56.679 [info] Sync started.
2023-03-19 12:20:56.876 [info] Settings: No changes found during synchronizing settings.
2023-03-19 12:20:56.887 [info] Keybindings: No changes found during synchronizing keybindings.
2023-03-19 12:20:56.897 [info] Snippets: No changes found during synchronizing snippets.
2023-03-19 12:20:56.903 [info] Tasks: No changes found during synchronizing tasks.
2023-03-19 12:20:56.907 [info] GlobalState: No changes found during synchronizing ui state.
2023-03-19 12:20:56.948 [info] Extensions: No changes found during synchronizing extensions.
2023-03-19 12:20:56.951 [info] Profiles: No changes found during synchronizing profiles.
2023-03-19 12:20:56.952 [info] Sync done. Took 275ms
2023-03-19 12:25:56.953 [info] Auto Sync: Triggered by Interval
2023-03-19 12:25:56.954 [info] Sync started.
2023-03-19 12:25:57.116 [info] Settings: No changes found during synchronizing settings.
2023-03-19 12:25:57.120 [info] Keybindings: No changes found during synchronizing keybindings.
2023-03-19 12:25:57.121 [info] Snippets: No changes found during synchronizing snippets.
2023-03-19 12:25:57.121 [info] Tasks: No changes found during synchronizing tasks.
2023-03-19 12:25:57.123 [info] GlobalState: No changes found during synchronizing ui state.
2023-03-19 12:25:57.157 [info] Extensions: No changes found during synchronizing extensions.
2023-03-19 12:25:57.158 [info] Profiles: No changes found during synchronizing profiles.
2023-03-19 12:25:57.160 [info] Sync done. Took 208ms
2023-03-19 12:30:57.162 [info] Auto Sync: Triggered by Interval
2023-03-19 12:30:57.162 [info] Sync started.
2023-03-19 12:30:57.340 [info] Settings: No changes found during synchronizing settings.
2023-03-19 12:30:57.341 [info] Keybindings: No changes found during synchronizing keybindings.
2023-03-19 12:30:57.342 [info] Snippets: No changes found during synchronizing snippets.
2023-03-19 12:30:57.345 [info] Tasks: No changes found during synchronizing tasks.
2023-03-19 12:30:57.350 [info] GlobalState: No changes found during synchronizing ui state.
2023-03-19 12:30:57.391 [info] Extensions: No changes found during synchronizing extensions.
2023-03-19 12:30:57.391 [info] Profiles: No changes found during synchronizing profiles.
2023-03-19 12:30:57.392 [info] Sync done. Took 231ms
2023-03-19 12:35:57.394 [info] Auto Sync: Triggered by Interval
2023-03-19 12:35:57.394 [info] Sync started.
2023-03-19 12:35:57.593 [info] Settings: No changes found during synchronizing settings.
2023-03-19 12:35:57.595 [info] Keybindings: No changes found during synchronizing keybindings.
2023-03-19 12:35:57.596 [info] Snippets: No changes found during synchronizing snippets.
2023-03-19 12:35:57.601 [info] Tasks: No changes found during synchronizing tasks.
2023-03-19 12:35:57.610 [info] GlobalState: No changes found during synchronizing ui state.
2023-03-19 12:35:57.673 [info] Extensions: No changes found during synchronizing extensions.
2023-03-19 12:35:57.677 [info] Profiles: No changes found during synchronizing profiles.
2023-03-19 12:35:57.678 [info] Sync done. Took 286ms
2023-03-19 12:40:57.680 [info] Auto Sync: Triggered by Interval
2023-03-19 12:40:57.680 [info] Sync started.
2023-03-19 12:40:57.910 [info] Settings: No changes found during synchronizing settings.
2023-03-19 12:40:57.915 [info] Keybindings: No changes found during synchronizing keybindings.
2023-03-19 12:40:57.919 [info] Snippets: No changes found during synchronizing snippets.
2023-03-19 12:40:57.921 [info] Tasks: No changes found during synchronizing tasks.
2023-03-19 12:40:57.925 [info] GlobalState: No changes found during synchronizing ui state.
2023-03-19 12:40:57.985 [info] Extensions: No changes found during synchronizing extensions.
2023-03-19 12:40:57.989 [info] Profiles: No changes found during synchronizing profiles.
2023-03-19 12:40:57.990 [info] Sync done. Took 312ms
2023-03-19 12:45:57.991 [info] Auto Sync: Triggered by Interval
2023-03-19 12:45:57.992 [info] Sync started.
2023-03-19 12:45:58.171 [info] Settings: No changes found during synchronizing settings.
2023-03-19 12:45:58.176 [info] Keybindings: No changes found during synchronizing keybindings.
2023-03-19 12:45:58.178 [info] Snippets: No changes found during synchronizing snippets.
2023-03-19 12:45:58.179 [info] Tasks: No changes found during synchronizing tasks.
2023-03-19 12:45:58.184 [info] GlobalState: No changes found during synchronizing ui state.
2023-03-19 12:45:58.223 [info] Extensions: No changes found during synchronizing extensions.
2023-03-19 12:45:58.224 [info] Profiles: No changes found during synchronizing profiles.
2023-03-19 12:45:58.225 [info] Sync done. Took 235ms
2023-03-19 12:50:58.227 [info] Auto Sync: Triggered by Interval
2023-03-19 12:50:58.228 [info] Sync started.
2023-03-19 12:50:58.411 [info] Settings: No changes found during synchronizing settings.
2023-03-19 12:50:58.415 [info] Keybindings: No changes found during synchronizing keybindings.
2023-03-19 12:50:58.417 [info] Snippets: No changes found during synchronizing snippets.
2023-03-19 12:50:58.421 [info] Tasks: No changes found during synchronizing tasks.
2023-03-19 12:50:58.426 [info] GlobalState: No changes found during synchronizing ui state.
2023-03-19 12:50:58.469 [info] Extensions: No changes found during synchronizing extensions.
2023-03-19 12:50:58.471 [info] Profiles: No changes found during synchronizing profiles.
2023-03-19 12:50:58.472 [info] Sync done. Took 245ms
2023-03-19 12:55:58.473 [info] Auto Sync: Triggered by Interval
2023-03-19 12:55:58.473 [info] Sync started.
2023-03-19 12:55:58.636 [info] Settings: No changes found during synchronizing settings.
2023-03-19 12:55:58.642 [info] Keybindings: No changes found during synchronizing keybindings.
2023-03-19 12:55:58.649 [info] Snippets: No changes found during synchronizing snippets.
2023-03-19 12:55:58.652 [info] Tasks: No changes found during synchronizing tasks.
2023-03-19 12:55:58.659 [info] GlobalState: No changes found during synchronizing ui state.
2023-03-19 12:55:58.709 [info] Extensions: No changes found during synchronizing extensions.
2023-03-19 12:55:58.711 [info] Profiles: No changes found during synchronizing profiles.
2023-03-19 12:55:58.711 [info] Sync done. Took 239ms
2023-03-19 13:00:58.713 [info] Auto Sync: Triggered by Interval
2023-03-19 13:00:58.713 [info] Sync started.
2023-03-19 13:00:58.917 [info] Settings: No changes found during synchronizing settings.
2023-03-19 13:00:58.918 [info] Keybindings: No changes found during synchronizing keybindings.
2023-03-19 13:00:58.922 [info] Snippets: No changes found during synchronizing snippets.
2023-03-19 13:00:58.928 [info] Tasks: No changes found during synchronizing tasks.
2023-03-19 13:00:58.939 [info] GlobalState: No changes found during synchronizing ui state.
2023-03-19 13:00:58.979 [info] Extensions: No changes found during synchronizing extensions.
2023-03-19 13:00:58.982 [info] Profiles: No changes found during synchronizing profiles.
2023-03-19 13:00:58.983 [info] Sync done. Took 270ms
2023-03-19 13:05:58.984 [info] Auto Sync: Triggered by Interval
2023-03-19 13:05:58.985 [info] Sync started.
2023-03-19 13:05:59.161 [info] Settings: No changes found during synchronizing settings.
2023-03-19 13:05:59.170 [info] Keybindings: No changes found during synchronizing keybindings.
2023-03-19 13:05:59.177 [info] Snippets: No changes found during synchronizing snippets.
2023-03-19 13:05:59.182 [info] Tasks: No changes found during synchronizing tasks.
2023-03-19 13:05:59.187 [info] GlobalState: No changes found during synchronizing ui state.
2023-03-19 13:05:59.228 [info] Extensions: No changes found during synchronizing extensions.
2023-03-19 13:05:59.230 [info] Profiles: No changes found during synchronizing profiles.
2023-03-19 13:05:59.231 [info] Sync done. Took 248ms
2023-03-19 13:10:59.233 [info] Auto Sync: Triggered by Interval
2023-03-19 13:10:59.233 [info] Sync started.
2023-03-19 13:10:59.475 [info] Settings: No changes found during synchronizing settings.
2023-03-19 13:10:59.484 [info] Keybindings: No changes found during synchronizing keybindings.
2023-03-19 13:10:59.490 [info] Snippets: No changes found during synchronizing snippets.
2023-03-19 13:10:59.493 [info] Tasks: No changes found during synchronizing tasks.
2023-03-19 13:10:59.500 [info] GlobalState: No changes found during synchronizing ui state.
2023-03-19 13:10:59.542 [info] Extensions: No changes found during synchronizing extensions.
2023-03-19 13:10:59.544 [info] Profiles: No changes found during synchronizing profiles.
2023-03-19 13:10:59.546 [info] Sync done. Took 314ms
2023-03-19 13:15:59.547 [info] Auto Sync: Triggered by Interval
2023-03-19 13:15:59.547 [info] Sync started.
2023-03-19 13:15:59.716 [info] Settings: No changes found during synchronizing settings.
2023-03-19 13:15:59.719 [info] Keybindings: No changes found during synchronizing keybindings.
2023-03-19 13:15:59.721 [info] Snippets: No changes found during synchronizing snippets.
2023-03-19 13:15:59.725 [info] Tasks: No changes found during synchronizing tasks.
2023-03-19 13:15:59.735 [info] GlobalState: No changes found during synchronizing ui state.
2023-03-19 13:15:59.775 [info] Extensions: No changes found during synchronizing extensions.
2023-03-19 13:15:59.777 [info] Profiles: No changes found during synchronizing profiles.
2023-03-19 13:15:59.778 [info] Sync done. Took 232ms
2023-03-19 13:20:59.780 [info] Auto Sync: Triggered by Interval
2023-03-19 13:20:59.780 [info] Sync started.
2023-03-19 13:20:59.940 [info] Settings: No changes found during synchronizing settings.
2023-03-19 13:20:59.945 [info] Keybindings: No changes found during synchronizing keybindings.
2023-03-19 13:20:59.948 [info] Snippets: No changes found during synchronizing snippets.
2023-03-19 13:20:59.951 [info] Tasks: No changes found during synchronizing tasks.
2023-03-19 13:20:59.954 [info] GlobalState: No changes found during synchronizing ui state.
2023-03-19 13:20:59.988 [info] Extensions: No changes found during synchronizing extensions.
2023-03-19 13:20:59.989 [info] Profiles: No changes found during synchronizing profiles.
2023-03-19 13:20:59.990 [info] Sync done. Took 212ms
2023-03-19 13:25:59.992 [info] Auto Sync: Triggered by Interval
2023-03-19 13:25:59.992 [info] Sync started.
2023-03-19 13:26:00.165 [info] Settings: No changes found during synchronizing settings.
2023-03-19 13:26:00.173 [info] Keybindings: No changes found during synchronizing keybindings.
2023-03-19 13:26:00.180 [info] Snippets: No changes found during synchronizing snippets.
2023-03-19 13:26:00.186 [info] Tasks: No changes found during synchronizing tasks.
2023-03-19 13:26:00.197 [info] GlobalState: No changes found during synchronizing ui state.
2023-03-19 13:26:00.258 [info] Extensions: No changes found during synchronizing extensions.
2023-03-19 13:26:00.262 [info] Profiles: No changes found during synchronizing profiles.
2023-03-19 13:26:00.263 [info] Sync done. Took 273ms
2023-03-19 13:31:00.265 [info] Auto Sync: Triggered by Interval
2023-03-19 13:31:00.265 [info] Sync started.
2023-03-19 13:31:00.436 [info] Settings: No changes found during synchronizing settings.
2023-03-19 13:31:00.439 [info] Keybindings: No changes found during synchronizing keybindings.
2023-03-19 13:31:00.445 [info] Snippets: No changes found during synchronizing snippets.
2023-03-19 13:31:00.448 [info] Tasks: No changes found during synchronizing tasks.
2023-03-19 13:31:00.453 [info] GlobalState: No changes found during synchronizing ui state.
2023-03-19 13:31:00.492 [info] Extensions: No changes found during synchronizing extensions.
2023-03-19 13:31:00.494 [info] Profiles: No changes found during synchronizing profiles.
2023-03-19 13:31:00.496 [info] Sync done. Took 233ms
2023-03-19 13:36:00.498 [info] Auto Sync: Triggered by Interval
2023-03-19 13:36:00.498 [info] Sync started.
2023-03-19 13:36:00.669 [info] Settings: No changes found during synchronizing settings.
2023-03-19 13:36:00.676 [info] Keybindings: No changes found during synchronizing keybindings.
2023-03-19 13:36:00.681 [info] Snippets: No changes found during synchronizing snippets.
2023-03-19 13:36:00.686 [info] Tasks: No changes found during synchronizing tasks.
2023-03-19 13:36:00.693 [info] GlobalState: No changes found during synchronizing ui state.
2023-03-19 13:36:00.728 [info] Extensions: No changes found during synchronizing extensions.
2023-03-19 13:36:00.729 [info] Profiles: No changes found during synchronizing profiles.
2023-03-19 13:36:00.731 [info] Sync done. Took 235ms
2023-03-19 13:41:00.732 [info] Auto Sync: Triggered by Interval
2023-03-19 13:41:00.733 [info] Sync started.
2023-03-19 13:41:00.952 [info] Settings: No changes found during synchronizing settings.
2023-03-19 13:41:00.958 [info] Keybindings: No changes found during synchronizing keybindings.
2023-03-19 13:41:00.964 [info] Snippets: No changes found during synchronizing snippets.
2023-03-19 13:41:00.968 [info] Tasks: No changes found during synchronizing tasks.
2023-03-19 13:41:00.975 [info] GlobalState: No changes found during synchronizing ui state.
2023-03-19 13:41:01.013 [info] Extensions: No changes found during synchronizing extensions.
2023-03-19 13:41:01.016 [info] Profiles: No changes found during synchronizing profiles.
2023-03-19 13:41:01.016 [info] Sync done. Took 285ms
2023-03-19 13:46:01.018 [info] Auto Sync: Triggered by Interval
2023-03-19 13:46:01.018 [info] Sync started.
2023-03-19 13:46:01.196 [info] Settings: No changes found during synchronizing settings.
2023-03-19 13:46:01.198 [info] Keybindings: No changes found during synchronizing keybindings.
2023-03-19 13:46:01.201 [info] Snippets: No changes found during synchronizing snippets.
2023-03-19 13:46:01.204 [info] Tasks: No changes found during synchronizing tasks.
2023-03-19 13:46:01.210 [info] GlobalState: No changes found during synchronizing ui state.
2023-03-19 13:46:01.270 [info] Extensions: No changes found during synchronizing extensions.
2023-03-19 13:46:01.273 [info] Profiles: No changes found during synchronizing profiles.
2023-03-19 13:46:01.274 [info] Sync done. Took 257ms
2023-03-19 13:51:01.276 [info] Auto Sync: Triggered by Interval
2023-03-19 13:51:01.276 [info] Sync started.
2023-03-19 13:51:01.448 [info] Settings: No changes found during synchronizing settings.
2023-03-19 13:51:01.452 [info] Keybindings: No changes found during synchronizing keybindings.
2023-03-19 13:51:01.455 [info] Snippets: No changes found during synchronizing snippets.
2023-03-19 13:51:01.457 [info] Tasks: No changes found during synchronizing tasks.
2023-03-19 13:51:01.461 [info] GlobalState: No changes found during synchronizing ui state.
2023-03-19 13:51:01.518 [info] Extensions: No changes found during synchronizing extensions.
2023-03-19 13:51:01.520 [info] Profiles: No changes found during synchronizing profiles.
2023-03-19 13:51:01.523 [info] Sync done. Took 248ms
2023-03-19 13:56:01.524 [info] Auto Sync: Triggered by Interval
2023-03-19 13:56:01.525 [info] Sync started.
2023-03-19 13:56:01.684 [info] Settings: No changes found during synchronizing settings.
2023-03-19 13:56:01.690 [info] Keybindings: No changes found during synchronizing keybindings.
2023-03-19 13:56:01.695 [info] Snippets: No changes found during synchronizing snippets.
2023-03-19 13:56:01.701 [info] Tasks: No changes found during synchronizing tasks.
2023-03-19 13:56:01.708 [info] GlobalState: No changes found during synchronizing ui state.
2023-03-19 13:56:01.746 [info] Extensions: No changes found during synchronizing extensions.
2023-03-19 13:56:01.748 [info] Profiles: No changes found during synchronizing profiles.
2023-03-19 13:56:01.750 [info] Sync done. Took 227ms
2023-03-19 14:01:01.752 [info] Auto Sync: Triggered by Interval
2023-03-19 14:01:01.752 [info] Sync started.
2023-03-19 14:01:01.932 [info] Settings: No changes found during synchronizing settings.
2023-03-19 14:01:01.937 [info] Keybindings: No changes found during synchronizing keybindings.
2023-03-19 14:01:01.941 [info] Snippets: No changes found during synchronizing snippets.
2023-03-19 14:01:01.945 [info] Tasks: No changes found during synchronizing tasks.
2023-03-19 14:01:01.955 [info] GlobalState: No changes found during synchronizing ui state.
2023-03-19 14:01:02.022 [info] Extensions: No changes found during synchronizing extensions.
2023-03-19 14:01:02.025 [info] Profiles: No changes found during synchronizing profiles.
2023-03-19 14:01:02.027 [info] Sync done. Took 276ms
2023-03-19 14:06:02.028 [info] Auto Sync: Triggered by Interval
2023-03-19 14:06:02.029 [info] Sync started.
2023-03-19 14:06:02.217 [info] Settings: No changes found during synchronizing settings.
2023-03-19 14:06:02.225 [info] Keybindings: No changes found during synchronizing keybindings.
2023-03-19 14:06:02.230 [info] Snippets: No changes found during synchronizing snippets.
2023-03-19 14:06:02.235 [info] Tasks: No changes found during synchronizing tasks.
2023-03-19 14:06:02.245 [info] GlobalState: No changes found during synchronizing ui state.
2023-03-19 14:06:02.288 [info] Extensions: No changes found during synchronizing extensions.
2023-03-19 14:06:02.290 [info] Profiles: No changes found during synchronizing profiles.
2023-03-19 14:06:02.291 [info] Sync done. Took 264ms
2023-03-19 14:11:02.292 [info] Auto Sync: Triggered by Interval
2023-03-19 14:11:02.293 [info] Sync started.
2023-03-19 14:11:02.555 [info] Settings: No changes found during synchronizing settings.
2023-03-19 14:11:02.558 [info] Keybindings: No changes found during synchronizing keybindings.
2023-03-19 14:11:02.563 [info] Snippets: No changes found during synchronizing snippets.
2023-03-19 14:11:02.569 [info] Tasks: No changes found during synchronizing tasks.
2023-03-19 14:11:02.579 [info] GlobalState: No changes found during synchronizing ui state.
2023-03-19 14:11:02.637 [info] Extensions: No changes found during synchronizing extensions.
2023-03-19 14:11:02.639 [info] Profiles: No changes found during synchronizing profiles.
2023-03-19 14:11:02.642 [info] Sync done. Took 351ms
2023-03-19 14:16:02.644 [info] Auto Sync: Triggered by Interval
2023-03-19 14:16:02.644 [info] Sync started.
2023-03-19 14:16:02.811 [info] Settings: No changes found during synchronizing settings.
2023-03-19 14:16:02.814 [info] Keybindings: No changes found during synchronizing keybindings.
2023-03-19 14:16:02.817 [info] Snippets: No changes found during synchronizing snippets.
2023-03-19 14:16:02.822 [info] Tasks: No changes found during synchronizing tasks.
2023-03-19 14:16:02.829 [info] GlobalState: No changes found during synchronizing ui state.
2023-03-19 14:16:02.893 [info] Extensions: No changes found during synchronizing extensions.
2023-03-19 14:16:02.897 [info] Profiles: No changes found during synchronizing profiles.
2023-03-19 14:16:02.898 [info] Sync done. Took 256ms
2023-03-19 14:21:02.899 [info] Auto Sync: Triggered by Interval
2023-03-19 14:21:02.900 [info] Sync started.
2023-03-19 14:21:03.076 [info] Settings: No changes found during synchronizing settings.
2023-03-19 14:21:03.085 [info] Keybindings: No changes found during synchronizing keybindings.
2023-03-19 14:21:03.091 [info] Snippets: No changes found during synchronizing snippets.
2023-03-19 14:21:03.095 [info] Tasks: No changes found during synchronizing tasks.
2023-03-19 14:21:03.100 [info] GlobalState: No changes found during synchronizing ui state.
2023-03-19 14:21:03.134 [info] Extensions: No changes found during synchronizing extensions.
2023-03-19 14:21:03.135 [info] Profiles: No changes found during synchronizing profiles.
2023-03-19 14:21:03.136 [info] Sync done. Took 238ms
2023-03-19 14:26:03.138 [info] Auto Sync: Triggered by Interval
2023-03-19 14:26:03.138 [info] Sync started.
2023-03-19 14:26:03.332 [info] Settings: No changes found during synchronizing settings.
2023-03-19 14:26:03.337 [info] Keybindings: No changes found during synchronizing keybindings.
2023-03-19 14:26:03.338 [info] Snippets: No changes found during synchronizing snippets.
2023-03-19 14:26:03.339 [info] Tasks: No changes found during synchronizing tasks.
2023-03-19 14:26:03.342 [info] GlobalState: No changes found during synchronizing ui state.
2023-03-19 14:26:03.379 [info] Extensions: No changes found during synchronizing extensions.
2023-03-19 14:26:03.380 [info] Profiles: No changes found during synchronizing profiles.
2023-03-19 14:26:03.380 [info] Sync done. Took 243ms
2023-03-19 14:31:03.382 [info] Auto Sync: Triggered by Interval
2023-03-19 14:31:03.382 [info] Sync started.
2023-03-19 14:31:03.594 [info] Settings: No changes found during synchronizing settings.
2023-03-19 14:31:03.600 [info] Keybindings: No changes found during synchronizing keybindings.
2023-03-19 14:31:03.607 [info] Snippets: No changes found during synchronizing snippets.
2023-03-19 14:31:03.614 [info] Tasks: No changes found during synchronizing tasks.
2023-03-19 14:31:03.624 [info] GlobalState: No changes found during synchronizing ui state.
2023-03-19 14:31:03.663 [info] Extensions: No changes found during synchronizing extensions.
2023-03-19 14:31:03.665 [info] Profiles: No changes found during synchronizing profiles.
2023-03-19 14:31:03.666 [info] Sync done. Took 285ms
2023-03-19 14:36:03.668 [info] Auto Sync: Triggered by Interval
2023-03-19 14:36:03.668 [info] Sync started.
2023-03-19 14:36:03.909 [info] Settings: No changes found during synchronizing settings.
2023-03-19 14:36:03.912 [info] Keybindings: No changes found during synchronizing keybindings.
2023-03-19 14:36:03.916 [info] Snippets: No changes found during synchronizing snippets.
2023-03-19 14:36:03.920 [info] Tasks: No changes found during synchronizing tasks.
2023-03-19 14:36:03.922 [info] GlobalState: No changes found during synchronizing ui state.
2023-03-19 14:36:03.959 [info] Extensions: No changes found during synchronizing extensions.
2023-03-19 14:36:03.961 [info] Profiles: No changes found during synchronizing profiles.
2023-03-19 14:36:03.962 [info] Sync done. Took 296ms
2023-03-19 14:41:03.964 [info] Auto Sync: Triggered by Interval
2023-03-19 14:41:03.964 [info] Sync started.
2023-03-19 14:41:04.223 [info] Settings: No changes found during synchronizing settings.
2023-03-19 14:41:04.228 [info] Keybindings: No changes found during synchronizing keybindings.
2023-03-19 14:41:04.229 [info] Snippets: No changes found during synchronizing snippets.
2023-03-19 14:41:04.232 [info] Tasks: No changes found during synchronizing tasks.
2023-03-19 14:41:04.236 [info] GlobalState: No changes found during synchronizing ui state.
2023-03-19 14:41:04.269 [info] Extensions: No changes found during synchronizing extensions.
2023-03-19 14:41:04.271 [info] Profiles: No changes found during synchronizing profiles.
2023-03-19 14:41:04.272 [info] Sync done. Took 309ms
2023-03-19 14:46:04.273 [info] Auto Sync: Triggered by Interval
2023-03-19 14:46:04.274 [info] Sync started.
2023-03-19 14:46:04.442 [info] Settings: No changes found during synchronizing settings.
2023-03-19 14:46:04.452 [info] Keybindings: No changes found during synchronizing keybindings.
2023-03-19 14:46:04.457 [info] Snippets: No changes found during synchronizing snippets.
2023-03-19 14:46:04.460 [info] Tasks: No changes found during synchronizing tasks.
2023-03-19 14:46:04.464 [info] GlobalState: No changes found during synchronizing ui state.
2023-03-19 14:46:04.507 [info] Extensions: No changes found during synchronizing extensions.
2023-03-19 14:46:04.509 [info] Profiles: No changes found during synchronizing profiles.
2023-03-19 14:46:04.510 [info] Sync done. Took 238ms
2023-03-19 14:51:04.511 [info] Auto Sync: Triggered by Interval
2023-03-19 14:51:04.512 [info] Sync started.
2023-03-19 14:51:04.674 [info] Settings: No changes found during synchronizing settings.
2023-03-19 14:51:04.676 [info] Keybindings: No changes found during synchronizing keybindings.
2023-03-19 14:51:04.681 [info] Snippets: No changes found during synchronizing snippets.
2023-03-19 14:51:04.685 [info] Tasks: No changes found during synchronizing tasks.
2023-03-19 14:51:04.694 [info] GlobalState: No changes found during synchronizing ui state.
2023-03-19 14:51:04.757 [info] Extensions: No changes found during synchronizing extensions.
2023-03-19 14:51:04.760 [info] Profiles: No changes found during synchronizing profiles.
2023-03-19 14:51:04.763 [info] Sync done. Took 252ms
2023-03-19 14:56:04.764 [info] Auto Sync: Triggered by Interval
2023-03-19 14:56:04.765 [info] Sync started.
2023-03-19 14:56:04.961 [info] Settings: No changes found during synchronizing settings.
2023-03-19 14:56:04.968 [info] Keybindings: No changes found during synchronizing keybindings.
2023-03-19 14:56:04.972 [info] Snippets: No changes found during synchronizing snippets.
2023-03-19 14:56:04.975 [info] Tasks: No changes found during synchronizing tasks.
2023-03-19 14:56:04.980 [info] GlobalState: No changes found during synchronizing ui state.
2023-03-19 14:56:05.041 [info] Extensions: No changes found during synchronizing extensions.
2023-03-19 14:56:05.042 [info] Profiles: No changes found during synchronizing profiles.
2023-03-19 14:56:05.043 [info] Sync done. Took 280ms
2023-03-19 15:01:05.045 [info] Auto Sync: Triggered by Interval
2023-03-19 15:01:05.045 [info] Sync started.
2023-03-19 15:01:05.212 [info] Settings: No changes found during synchronizing settings.
2023-03-19 15:01:05.221 [info] Keybindings: No changes found during synchronizing keybindings.
2023-03-19 15:01:05.228 [info] Snippets: No changes found during synchronizing snippets.
2023-03-19 15:01:05.232 [info] Tasks: No changes found during synchronizing tasks.
2023-03-19 15:01:05.237 [info] GlobalState: No changes found during synchronizing ui state.
2023-03-19 15:01:05.277 [info] Extensions: No changes found during synchronizing extensions.
2023-03-19 15:01:05.279 [info] Profiles: No changes found during synchronizing profiles.
2023-03-19 15:01:05.280 [info] Sync done. Took 236ms
2023-03-19 15:06:05.282 [info] Auto Sync: Triggered by Interval
2023-03-19 15:06:05.282 [info] Sync started.
2023-03-19 15:06:05.468 [info] Settings: No changes found during synchronizing settings.
2023-03-19 15:06:05.472 [info] Keybindings: No changes found during synchronizing keybindings.
2023-03-19 15:06:05.474 [info] Snippets: No changes found during synchronizing snippets.
2023-03-19 15:06:05.476 [info] Tasks: No changes found during synchronizing tasks.
2023-03-19 15:06:05.479 [info] GlobalState: No changes found during synchronizing ui state.
2023-03-19 15:06:05.516 [info] Extensions: No changes found during synchronizing extensions.
2023-03-19 15:06:05.519 [info] Profiles: No changes found during synchronizing profiles.
2023-03-19 15:06:05.520 [info] Sync done. Took 240ms
2023-03-19 15:11:05.522 [info] Auto Sync: Triggered by Interval
2023-03-19 15:11:05.522 [info] Sync started.
2023-03-19 15:11:05.781 [info] Settings: No changes found during synchronizing settings.
2023-03-19 15:11:05.784 [info] Keybindings: No changes found during synchronizing keybindings.
2023-03-19 15:11:05.786 [info] Snippets: No changes found during synchronizing snippets.
2023-03-19 15:11:05.789 [info] Tasks: No changes found during synchronizing tasks.
2023-03-19 15:11:05.798 [info] GlobalState: No changes found during synchronizing ui state.
2023-03-19 15:11:05.864 [info] Extensions: No changes found during synchronizing extensions.
2023-03-19 15:11:05.866 [info] Profiles: No changes found during synchronizing profiles.
2023-03-19 15:11:05.869 [info] Sync done. Took 349ms
2023-03-19 15:16:05.870 [info] Auto Sync: Triggered by Interval
2023-03-19 15:16:05.871 [info] Sync started.
2023-03-19 15:16:06.039 [info] Settings: No changes found during synchronizing settings.
2023-03-19 15:16:06.044 [info] Keybindings: No changes found during synchronizing keybindings.
2023-03-19 15:16:06.047 [info] Snippets: No changes found during synchronizing snippets.
2023-03-19 15:16:06.053 [info] Tasks: No changes found during synchronizing tasks.
2023-03-19 15:16:06.061 [info] GlobalState: No changes found during synchronizing ui state.
2023-03-19 15:16:06.102 [info] Extensions: No changes found during synchronizing extensions.
2023-03-19 15:16:06.106 [info] Profiles: No changes found during synchronizing profiles.
2023-03-19 15:16:06.107 [info] Sync done. Took 238ms
2023-03-19 15:21:06.109 [info] Auto Sync: Triggered by Interval
2023-03-19 15:21:06.109 [info] Sync started.
2023-03-19 15:21:06.357 [info] Settings: No changes found during synchronizing settings.
2023-03-19 15:21:06.359 [info] Keybindings: No changes found during synchronizing keybindings.
2023-03-19 15:21:06.360 [info] Snippets: No changes found during synchronizing snippets.
2023-03-19 15:21:06.362 [info] Tasks: No changes found during synchronizing tasks.
2023-03-19 15:21:06.365 [info] GlobalState: No changes found during synchronizing ui state.
2023-03-19 15:21:06.425 [info] Extensions: No changes found during synchronizing extensions.
2023-03-19 15:21:06.429 [info] Profiles: No changes found during synchronizing profiles.
2023-03-19 15:21:06.430 [info] Sync done. Took 323ms
2023-03-19 15:26:06.431 [info] Auto Sync: Triggered by Interval
2023-03-19 15:26:06.432 [info] Sync started.
2023-03-19 15:26:06.628 [info] Settings: No changes found during synchronizing settings.
2023-03-19 15:26:06.633 [info] Keybindings: No changes found during synchronizing keybindings.
2023-03-19 15:26:06.636 [info] Snippets: No changes found during synchronizing snippets.
2023-03-19 15:26:06.638 [info] Tasks: No changes found during synchronizing tasks.
2023-03-19 15:26:06.641 [info] GlobalState: No changes found during synchronizing ui state.
2023-03-19 15:26:06.700 [info] Extensions: No changes found during synchronizing extensions.
2023-03-19 15:26:06.703 [info] Profiles: No changes found during synchronizing profiles.
2023-03-19 15:26:06.704 [info] Sync done. Took 274ms
2023-03-19 15:31:06.706 [info] Auto Sync: Triggered by Interval
2023-03-19 15:31:06.706 [info] Sync started.
2023-03-19 15:31:06.879 [info] Settings: No changes found during synchronizing settings.
2023-03-19 15:31:06.881 [info] Keybindings: No changes found during synchronizing keybindings.
2023-03-19 15:31:06.882 [info] Snippets: No changes found during synchronizing snippets.
2023-03-19 15:31:06.882 [info] Tasks: No changes found during synchronizing tasks.
2023-03-19 15:31:06.886 [info] GlobalState: No changes found during synchronizing ui state.
2023-03-19 15:31:06.919 [info] Extensions: No changes found during synchronizing extensions.
2023-03-19 15:31:06.921 [info] Profiles: No changes found during synchronizing profiles.
2023-03-19 15:31:06.922 [info] Sync done. Took 218ms
2023-03-19 15:36:06.923 [info] Auto Sync: Triggered by Interval
2023-03-19 15:36:06.924 [info] Sync started.
2023-03-19 15:36:07.131 [info] Settings: No changes found during synchronizing settings.
2023-03-19 15:36:07.134 [info] Keybindings: No changes found during synchronizing keybindings.
2023-03-19 15:36:07.136 [info] Snippets: No changes found during synchronizing snippets.
2023-03-19 15:36:07.140 [info] Tasks: No changes found during synchronizing tasks.
2023-03-19 15:36:07.143 [info] GlobalState: No changes found during synchronizing ui state.
2023-03-19 15:36:07.176 [info] Extensions: No changes found during synchronizing extensions.
2023-03-19 15:36:07.177 [info] Profiles: No changes found during synchronizing profiles.
2023-03-19 15:36:07.178 [info] Sync done. Took 256ms
2023-03-19 15:41:07.179 [info] Auto Sync: Triggered by Interval
2023-03-19 15:41:07.180 [info] Sync started.
2023-03-19 15:41:07.431 [info] Settings: No changes found during synchronizing settings.
2023-03-19 15:41:07.432 [info] Keybindings: No changes found during synchronizing keybindings.
2023-03-19 15:41:07.434 [info] Snippets: No changes found during synchronizing snippets.
2023-03-19 15:41:07.438 [info] Tasks: No changes found during synchronizing tasks.
2023-03-19 15:41:07.448 [info] GlobalState: No changes found during synchronizing ui state.
2023-03-19 15:41:07.488 [info] Extensions: No changes found during synchronizing extensions.
2023-03-19 15:41:07.491 [info] Profiles: No changes found during synchronizing profiles.
2023-03-19 15:41:07.492 [info] Sync done. Took 313ms
2023-03-19 15:46:07.492 [info] Auto Sync: Triggered by Interval
2023-03-19 15:46:07.492 [info] Sync started.
2023-03-19 15:46:07.669 [info] Settings: No changes found during synchronizing settings.
2023-03-19 15:46:07.678 [info] Keybindings: No changes found during synchronizing keybindings.
2023-03-19 15:46:07.683 [info] Snippets: No changes found during synchronizing snippets.
2023-03-19 15:46:07.686 [info] Tasks: No changes found during synchronizing tasks.
2023-03-19 15:46:07.689 [info] GlobalState: No changes found during synchronizing ui state.
2023-03-19 15:46:07.729 [info] Extensions: No changes found during synchronizing extensions.
2023-03-19 15:46:07.732 [info] Profiles: No changes found during synchronizing profiles.
2023-03-19 15:46:07.733 [info] Sync done. Took 241ms
2023-03-19 15:51:07.734 [info] Auto Sync: Triggered by Interval
2023-03-19 15:51:07.735 [info] Sync started.
2023-03-19 15:51:07.915 [info] Settings: No changes found during synchronizing settings.
2023-03-19 15:51:07.923 [info] Keybindings: No changes found during synchronizing keybindings.
2023-03-19 15:51:07.929 [info] Snippets: No changes found during synchronizing snippets.
2023-03-19 15:51:07.933 [info] Tasks: No changes found during synchronizing tasks.
2023-03-19 15:51:07.938 [info] GlobalState: No changes found during synchronizing ui state.
2023-03-19 15:51:07.976 [info] Extensions: No changes found during synchronizing extensions.
2023-03-19 15:51:07.978 [info] Profiles: No changes found during synchronizing profiles.
2023-03-19 15:51:07.980 [info] Sync done. Took 246ms
2023-03-19 15:56:07.981 [info] Auto Sync: Triggered by Interval
2023-03-19 15:56:07.982 [info] Sync started.
2023-03-19 15:56:08.171 [info] Settings: No changes found during synchronizing settings.
2023-03-19 15:56:08.177 [info] Keybindings: No changes found during synchronizing keybindings.
2023-03-19 15:56:08.186 [info] Snippets: No changes found during synchronizing snippets.
2023-03-19 15:56:08.192 [info] Tasks: No changes found during synchronizing tasks.
2023-03-19 15:56:08.200 [info] GlobalState: No changes found during synchronizing ui state.
2023-03-19 15:56:08.262 [info] Extensions: No changes found during synchronizing extensions.
2023-03-19 15:56:08.264 [info] Profiles: No changes found during synchronizing profiles.
2023-03-19 15:56:08.267 [info] Sync done. Took 287ms
2023-03-19 16:01:08.269 [info] Auto Sync: Triggered by Interval
2023-03-19 16:01:08.269 [info] Sync started.
2023-03-19 16:01:08.433 [info] Settings: No changes found during synchronizing settings.
2023-03-19 16:01:08.436 [info] Keybindings: No changes found during synchronizing keybindings.
2023-03-19 16:01:08.438 [info] Snippets: No changes found during synchronizing snippets.
2023-03-19 16:01:08.439 [info] Tasks: No changes found during synchronizing tasks.
2023-03-19 16:01:08.442 [info] GlobalState: No changes found during synchronizing ui state.
2023-03-19 16:01:08.502 [info] Extensions: No changes found during synchronizing extensions.
2023-03-19 16:01:08.504 [info] Profiles: No changes found during synchronizing profiles.
2023-03-19 16:01:08.506 [info] Sync done. Took 238ms
2023-03-19 16:06:08.508 [info] Auto Sync: Triggered by Interval
2023-03-19 16:06:08.509 [info] Sync started.
2023-03-19 16:06:08.686 [info] Settings: No changes found during synchronizing settings.
2023-03-19 16:06:08.689 [info] Keybindings: No changes found during synchronizing keybindings.
2023-03-19 16:06:08.691 [info] Snippets: No changes found during synchronizing snippets.
2023-03-19 16:06:08.692 [info] Tasks: No changes found during synchronizing tasks.
2023-03-19 16:06:08.695 [info] GlobalState: No changes found during synchronizing ui state.
2023-03-19 16:06:08.729 [info] Extensions: No changes found during synchronizing extensions.
2023-03-19 16:06:08.731 [info] Profiles: No changes found during synchronizing profiles.
2023-03-19 16:06:08.732 [info] Sync done. Took 225ms
2023-03-19 16:11:08.733 [info] Auto Sync: Triggered by Interval
2023-03-19 16:11:08.733 [info] Sync started.
2023-03-19 16:11:08.957 [info] Settings: No changes found during synchronizing settings.
2023-03-19 16:11:08.961 [info] Keybindings: No changes found during synchronizing keybindings.
2023-03-19 16:11:08.962 [info] Snippets: No changes found during synchronizing snippets.
2023-03-19 16:11:08.967 [info] Tasks: No changes found during synchronizing tasks.
2023-03-19 16:11:08.974 [info] GlobalState: No changes found during synchronizing ui state.
2023-03-19 16:11:09.008 [info] Extensions: No changes found during synchronizing extensions.
2023-03-19 16:11:09.010 [info] Profiles: No changes found during synchronizing profiles.
2023-03-19 16:11:09.012 [info] Sync done. Took 280ms
2023-03-19 16:16:09.013 [info] Auto Sync: Triggered by Interval
2023-03-19 16:16:09.014 [info] Sync started.
2023-03-19 16:16:09.254 [info] Settings: No changes found during synchronizing settings.
2023-03-19 16:16:09.258 [info] Keybindings: No changes found during synchronizing keybindings.
2023-03-19 16:16:09.259 [info] Snippets: No changes found during synchronizing snippets.
2023-03-19 16:16:09.260 [info] Tasks: No changes found during synchronizing tasks.
2023-03-19 16:16:09.265 [info] GlobalState: No changes found during synchronizing ui state.
2023-03-19 16:16:09.304 [info] Extensions: No changes found during synchronizing extensions.
2023-03-19 16:16:09.306 [info] Profiles: No changes found during synchronizing profiles.
2023-03-19 16:16:09.307 [info] Sync done. Took 295ms
2023-03-19 16:21:09.308 [info] Auto Sync: Triggered by Interval
2023-03-19 16:21:09.309 [info] Sync started.
2023-03-19 16:21:09.479 [info] Settings: No changes found during synchronizing settings.
2023-03-19 16:21:09.487 [info] Keybindings: No changes found during synchronizing keybindings.
2023-03-19 16:21:09.492 [info] Snippets: No changes found during synchronizing snippets.
2023-03-19 16:21:09.497 [info] Tasks: No changes found during synchronizing tasks.
2023-03-19 16:21:09.502 [info] GlobalState: No changes found during synchronizing ui state.
2023-03-19 16:21:09.539 [info] Extensions: No changes found during synchronizing extensions.
2023-03-19 16:21:09.541 [info] Profiles: No changes found during synchronizing profiles.
2023-03-19 16:21:09.543 [info] Sync done. Took 236ms
2023-03-19 16:26:09.544 [info] Auto Sync: Triggered by Interval
2023-03-19 16:26:09.545 [info] Sync started.
2023-03-19 16:26:09.767 [info] Settings: No changes found during synchronizing settings.
2023-03-19 16:26:09.770 [info] Keybindings: No changes found during synchronizing keybindings.
2023-03-19 16:26:09.771 [info] Snippets: No changes found during synchronizing snippets.
2023-03-19 16:26:09.772 [info] Tasks: No changes found during synchronizing tasks.
2023-03-19 16:26:09.774 [info] GlobalState: No changes found during synchronizing ui state.
2023-03-19 16:26:09.810 [info] Extensions: No changes found during synchronizing extensions.
2023-03-19 16:26:09.812 [info] Profiles: No changes found during synchronizing profiles.
2023-03-19 16:26:09.813 [info] Sync done. Took 270ms
2023-03-19 16:31:09.814 [info] Auto Sync: Triggered by Interval
2023-03-19 16:31:09.815 [info] Sync started.
2023-03-19 16:31:10.049 [info] Settings: No changes found during synchronizing settings.
2023-03-19 16:31:10.055 [info] Keybindings: No changes found during synchronizing keybindings.
2023-03-19 16:31:10.059 [info] Snippets: No changes found during synchronizing snippets.
2023-03-19 16:31:10.062 [info] Tasks: No changes found during synchronizing tasks.
2023-03-19 16:31:10.065 [info] GlobalState: No changes found during synchronizing ui state.
2023-03-19 16:31:10.102 [info] Extensions: No changes found during synchronizing extensions.
2023-03-19 16:31:10.105 [info] Profiles: No changes found during synchronizing profiles.
2023-03-19 16:31:10.106 [info] Sync done. Took 293ms
2023-03-19 16:36:10.107 [info] Auto Sync: Triggered by Interval
2023-03-19 16:36:10.108 [info] Sync started.
2023-03-19 16:36:10.341 [info] Settings: No changes found during synchronizing settings.
2023-03-19 16:36:10.346 [info] Keybindings: No changes found during synchronizing keybindings.
2023-03-19 16:36:10.352 [info] Snippets: No changes found during synchronizing snippets.
2023-03-19 16:36:10.357 [info] Tasks: No changes found during synchronizing tasks.
2023-03-19 16:36:10.366 [info] GlobalState: No changes found during synchronizing ui state.
2023-03-19 16:36:10.411 [info] Extensions: No changes found during synchronizing extensions.
2023-03-19 16:36:10.413 [info] Profiles: No changes found during synchronizing profiles.
2023-03-19 16:36:10.413 [info] Sync done. Took 307ms
2023-03-19 16:41:10.415 [info] Auto Sync: Triggered by Interval
2023-03-19 16:41:10.415 [info] Sync started.
2023-03-19 16:41:10.684 [info] Settings: No changes found during synchronizing settings.
2023-03-19 16:41:10.687 [info] Keybindings: No changes found during synchronizing keybindings.
2023-03-19 16:41:10.689 [info] Snippets: No changes found during synchronizing snippets.
2023-03-19 16:41:10.692 [info] Tasks: No changes found during synchronizing tasks.
2023-03-19 16:41:10.698 [info] GlobalState: No changes found during synchronizing ui state.
2023-03-19 16:41:10.731 [info] Extensions: No changes found during synchronizing extensions.
2023-03-19 16:41:10.733 [info] Profiles: No changes found during synchronizing profiles.
2023-03-19 16:41:10.733 [info] Sync done. Took 319ms
2023-03-19 16:46:10.735 [info] Auto Sync: Triggered by Interval
2023-03-19 16:46:10.735 [info] Sync started.
2023-03-19 16:46:10.945 [info] Settings: No changes found during synchronizing settings.
2023-03-19 16:46:10.953 [info] Keybindings: No changes found during synchronizing keybindings.
2023-03-19 16:46:10.955 [info] Snippets: No changes found during synchronizing snippets.
2023-03-19 16:46:10.957 [info] Tasks: No changes found during synchronizing tasks.
2023-03-19 16:46:10.961 [info] GlobalState: No changes found during synchronizing ui state.
2023-03-19 16:46:11.031 [info] Extensions: No changes found during synchronizing extensions.
2023-03-19 16:46:11.034 [info] Profiles: No changes found during synchronizing profiles.
2023-03-19 16:46:11.035 [info] Sync done. Took 301ms
2023-03-19 16:51:11.036 [info] Auto Sync: Triggered by Interval
2023-03-19 16:51:11.036 [info] Sync started.
2023-03-19 16:51:11.195 [info] Settings: No changes found during synchronizing settings.
2023-03-19 16:51:11.202 [info] Keybindings: No changes found during synchronizing keybindings.
2023-03-19 16:51:11.209 [info] Snippets: No changes found during synchronizing snippets.
2023-03-19 16:51:11.212 [info] Tasks: No changes found during synchronizing tasks.
2023-03-19 16:51:11.217 [info] GlobalState: No changes found during synchronizing ui state.
2023-03-19 16:51:11.251 [info] Extensions: No changes found during synchronizing extensions.
2023-03-19 16:51:11.252 [info] Profiles: No changes found during synchronizing profiles.
2023-03-19 16:51:11.255 [info] Sync done. Took 219ms
2023-03-19 16:56:11.256 [info] Auto Sync: Triggered by Interval
2023-03-19 16:56:11.257 [info] Sync started.
2023-03-19 16:56:11.472 [info] Settings: No changes found during synchronizing settings.
2023-03-19 16:56:11.476 [info] Keybindings: No changes found during synchronizing keybindings.
2023-03-19 16:56:11.481 [info] Snippets: No changes found during synchronizing snippets.
2023-03-19 16:56:11.483 [info] Tasks: No changes found during synchronizing tasks.
2023-03-19 16:56:11.488 [info] GlobalState: No changes found during synchronizing ui state.
2023-03-19 16:56:11.551 [info] Extensions: No changes found during synchronizing extensions.
2023-03-19 16:56:11.553 [info] Profiles: No changes found during synchronizing profiles.
2023-03-19 16:56:11.556 [info] Sync done. Took 301ms
2023-03-19 17:01:11.557 [info] Auto Sync: Triggered by Interval
2023-03-19 17:01:11.558 [info] Sync started.
2023-03-19 17:01:11.767 [info] Settings: No changes found during synchronizing settings.
2023-03-19 17:01:11.768 [info] Keybindings: No changes found during synchronizing keybindings.
2023-03-19 17:01:11.773 [info] Snippets: No changes found during synchronizing snippets.
2023-03-19 17:01:11.778 [info] Tasks: No changes found during synchronizing tasks.
2023-03-19 17:01:11.786 [info] GlobalState: No changes found during synchronizing ui state.
2023-03-19 17:01:11.827 [info] Extensions: No changes found during synchronizing extensions.
2023-03-19 17:01:11.829 [info] Profiles: No changes found during synchronizing profiles.
2023-03-19 17:01:11.831 [info] Sync done. Took 275ms
2023-03-19 17:06:11.833 [info] Auto Sync: Triggered by Interval
2023-03-19 17:06:11.833 [info] Sync started.
2023-03-19 17:06:12.088 [info] Settings: No changes found during synchronizing settings.
2023-03-19 17:06:12.096 [info] Keybindings: No changes found during synchronizing keybindings.
2023-03-19 17:06:12.101 [info] Snippets: No changes found during synchronizing snippets.
2023-03-19 17:06:12.105 [info] Tasks: No changes found during synchronizing tasks.
2023-03-19 17:06:12.109 [info] GlobalState: No changes found during synchronizing ui state.
2023-03-19 17:06:12.170 [info] Extensions: No changes found during synchronizing extensions.
2023-03-19 17:06:12.174 [info] Profiles: No changes found during synchronizing profiles.
2023-03-19 17:06:12.176 [info] Sync done. Took 344ms
2023-03-19 17:11:12.177 [info] Auto Sync: Triggered by Interval
2023-03-19 17:11:12.177 [info] Sync started.
2023-03-19 17:11:12.394 [info] Settings: No changes found during synchronizing settings.
2023-03-19 17:11:12.400 [info] Keybindings: No changes found during synchronizing keybindings.
2023-03-19 17:11:12.405 [info] Snippets: No changes found during synchronizing snippets.
2023-03-19 17:11:12.411 [info] Tasks: No changes found during synchronizing tasks.
2023-03-19 17:11:12.422 [info] GlobalState: No changes found during synchronizing ui state.
2023-03-19 17:11:12.469 [info] Extensions: No changes found during synchronizing extensions.
2023-03-19 17:11:12.470 [info] Profiles: No changes found during synchronizing profiles.
2023-03-19 17:11:12.472 [info] Sync done. Took 295ms
2023-03-19 17:16:12.473 [info] Auto Sync: Triggered by Interval
2023-03-19 17:16:12.473 [info] Sync started.
2023-03-19 17:16:12.609 [info] Settings: No changes found during synchronizing settings.
2023-03-19 17:16:12.617 [info] Keybindings: No changes found during synchronizing keybindings.
2023-03-19 17:16:12.623 [info] Snippets: No changes found during synchronizing snippets.
2023-03-19 17:16:12.627 [info] Tasks: No changes found during synchronizing tasks.
2023-03-19 17:16:12.635 [info] GlobalState: No changes found during synchronizing ui state.
2023-03-19 17:16:12.673 [info] Extensions: No changes found during synchronizing extensions.
2023-03-19 17:16:12.675 [info] Profiles: No changes found during synchronizing profiles.
2023-03-19 17:16:12.676 [info] Sync done. Took 204ms
2023-03-19 17:21:12.677 [info] Auto Sync: Triggered by Interval
2023-03-19 17:21:12.678 [info] Sync started.
2023-03-19 17:21:12.823 [info] Settings: No changes found during synchronizing settings.
2023-03-19 17:21:12.829 [info] Keybindings: No changes found during synchronizing keybindings.
2023-03-19 17:21:12.836 [info] Snippets: No changes found during synchronizing snippets.
2023-03-19 17:21:12.842 [info] Tasks: No changes found during synchronizing tasks.
2023-03-19 17:21:12.852 [info] GlobalState: No changes found during synchronizing ui state.
2023-03-19 17:21:12.910 [info] Extensions: No changes found during synchronizing extensions.
2023-03-19 17:21:12.912 [info] Profiles: No changes found during synchronizing profiles.
2023-03-19 17:21:12.915 [info] Sync done. Took 239ms
2023-03-19 17:26:12.916 [info] Auto Sync: Triggered by Interval
2023-03-19 17:26:12.917 [info] Sync started.
2023-03-19 17:26:13.131 [info] Settings: No changes found during synchronizing settings.
2023-03-19 17:26:13.133 [info] Keybindings: No changes found during synchronizing keybindings.
2023-03-19 17:26:13.134 [info] Snippets: No changes found during synchronizing snippets.
2023-03-19 17:26:13.134 [info] Tasks: No changes found during synchronizing tasks.
2023-03-19 17:26:13.138 [info] GlobalState: No changes found during synchronizing ui state.
2023-03-19 17:26:13.174 [info] Extensions: No changes found during synchronizing extensions.
2023-03-19 17:26:13.176 [info] Profiles: No changes found during synchronizing profiles.
2023-03-19 17:26:13.176 [info] Sync done. Took 261ms
2023-03-19 17:31:13.178 [info] Auto Sync: Triggered by Interval
2023-03-19 17:31:13.178 [info] Sync started.
2023-03-19 17:31:13.388 [info] Settings: No changes found during synchronizing settings.
2023-03-19 17:31:13.395 [info] Keybindings: No changes found during synchronizing keybindings.
2023-03-19 17:31:13.402 [info] Snippets: No changes found during synchronizing snippets.
2023-03-19 17:31:13.409 [info] Tasks: No changes found during synchronizing tasks.
2023-03-19 17:31:13.420 [info] GlobalState: No changes found during synchronizing ui state.
2023-03-19 17:31:13.478 [info] Extensions: No changes found during synchronizing extensions.
2023-03-19 17:31:13.482 [info] Profiles: No changes found during synchronizing profiles.
2023-03-19 17:31:13.483 [info] Sync done. Took 306ms
2023-03-19 17:36:13.484 [info] Auto Sync: Triggered by Interval
2023-03-19 17:36:13.485 [info] Sync started.
2023-03-19 17:36:13.712 [info] Settings: No changes found during synchronizing settings.
2023-03-19 17:36:13.718 [info] Keybindings: No changes found during synchronizing keybindings.
2023-03-19 17:36:13.724 [info] Snippets: No changes found during synchronizing snippets.
2023-03-19 17:36:13.728 [info] Tasks: No changes found during synchronizing tasks.
2023-03-19 17:36:13.736 [info] GlobalState: No changes found during synchronizing ui state.
2023-03-19 17:36:13.803 [info] Extensions: No changes found during synchronizing extensions.
2023-03-19 17:36:13.807 [info] Profiles: No changes found during synchronizing profiles.
2023-03-19 17:36:13.808 [info] Sync done. Took 324ms
2023-03-19 17:41:13.809 [info] Auto Sync: Triggered by Interval
2023-03-19 17:41:13.809 [info] Sync started.
2023-03-19 17:41:14.034 [info] Settings: No changes found during synchronizing settings.
2023-03-19 17:41:14.039 [info] Keybindings: No changes found during synchronizing keybindings.
2023-03-19 17:41:14.045 [info] Snippets: No changes found during synchronizing snippets.
2023-03-19 17:41:14.049 [info] Tasks: No changes found during synchronizing tasks.
2023-03-19 17:41:14.056 [info] GlobalState: No changes found during synchronizing ui state.
2023-03-19 17:41:14.093 [info] Extensions: No changes found during synchronizing extensions.
2023-03-19 17:41:14.095 [info] Profiles: No changes found during synchronizing profiles.
2023-03-19 17:41:14.096 [info] Sync done. Took 288ms
2023-03-19 17:46:14.098 [info] Auto Sync: Triggered by Interval
2023-03-19 17:46:14.098 [info] Sync started.
2023-03-19 17:46:14.303 [info] Settings: No changes found during synchronizing settings.
2023-03-19 17:46:14.307 [info] Keybindings: No changes found during synchronizing keybindings.
2023-03-19 17:46:14.312 [info] Snippets: No changes found during synchronizing snippets.
2023-03-19 17:46:14.315 [info] Tasks: No changes found during synchronizing tasks.
2023-03-19 17:46:14.317 [info] GlobalState: No changes found during synchronizing ui state.
2023-03-19 17:46:14.373 [info] Extensions: No changes found during synchronizing extensions.
2023-03-19 17:46:14.375 [info] Profiles: No changes found during synchronizing profiles.
2023-03-19 17:46:14.377 [info] Sync done. Took 281ms
2023-03-19 17:51:14.379 [info] Auto Sync: Triggered by Interval
2023-03-19 17:51:14.379 [info] Sync started.
2023-03-19 17:51:14.520 [info] Settings: No changes found during synchronizing settings.
2023-03-19 17:51:14.523 [info] Keybindings: No changes found during synchronizing keybindings.
2023-03-19 17:51:14.527 [info] Snippets: No changes found during synchronizing snippets.
2023-03-19 17:51:14.530 [info] Tasks: No changes found during synchronizing tasks.
2023-03-19 17:51:14.536 [info] GlobalState: No changes found during synchronizing ui state.
2023-03-19 17:51:14.573 [info] Extensions: No changes found during synchronizing extensions.
2023-03-19 17:51:14.576 [info] Profiles: No changes found during synchronizing profiles.
2023-03-19 17:51:14.577 [info] Sync done. Took 199ms
2023-03-19 17:56:14.579 [info] Auto Sync: Triggered by Interval
2023-03-19 17:56:14.579 [info] Sync started.
2023-03-19 17:56:14.801 [info] Settings: No changes found during synchronizing settings.
2023-03-19 17:56:14.804 [info] Keybindings: No changes found during synchronizing keybindings.
2023-03-19 17:56:14.807 [info] Snippets: No changes found during synchronizing snippets.
2023-03-19 17:56:14.809 [info] Tasks: No changes found during synchronizing tasks.
2023-03-19 17:56:14.813 [info] GlobalState: No changes found during synchronizing ui state.
2023-03-19 17:56:14.871 [info] Extensions: No changes found during synchronizing extensions.
2023-03-19 17:56:14.873 [info] Profiles: No changes found during synchronizing profiles.
2023-03-19 17:56:14.876 [info] Sync done. Took 299ms
2023-03-19 18:01:14.877 [info] Auto Sync: Triggered by Interval
2023-03-19 18:01:14.878 [info] Sync started.
2023-03-19 18:01:15.082 [info] Settings: No changes found during synchronizing settings.
2023-03-19 18:01:15.084 [info] Keybindings: No changes found during synchronizing keybindings.
2023-03-19 18:01:15.085 [info] Snippets: No changes found during synchronizing snippets.
2023-03-19 18:01:15.086 [info] Tasks: No changes found during synchronizing tasks.
2023-03-19 18:01:15.088 [info] GlobalState: No changes found during synchronizing ui state.
2023-03-19 18:01:15.123 [info] Extensions: No changes found during synchronizing extensions.
2023-03-19 18:01:15.125 [info] Profiles: No changes found during synchronizing profiles.
2023-03-19 18:01:15.126 [info] Sync done. Took 250ms
2023-03-19 18:06:15.127 [info] Auto Sync: Triggered by Interval
2023-03-19 18:06:15.127 [info] Sync started.
2023-03-19 18:06:15.273 [info] Settings: No changes found during synchronizing settings.
2023-03-19 18:06:15.275 [info] Keybindings: No changes found during synchronizing keybindings.
2023-03-19 18:06:15.277 [info] Snippets: No changes found during synchronizing snippets.
2023-03-19 18:06:15.279 [info] Tasks: No changes found during synchronizing tasks.
2023-03-19 18:06:15.283 [info] GlobalState: No changes found during synchronizing ui state.
2023-03-19 18:06:15.331 [info] Extensions: No changes found during synchronizing extensions.
2023-03-19 18:06:15.333 [info] Profiles: No changes found during synchronizing profiles.
2023-03-19 18:06:15.334 [info] Sync done. Took 208ms
2023-03-19 18:11:15.335 [info] Auto Sync: Triggered by Interval
2023-03-19 18:11:15.336 [info] Sync started.
2023-03-19 18:11:15.477 [info] Settings: No changes found during synchronizing settings.
2023-03-19 18:11:15.484 [info] Keybindings: No changes found during synchronizing keybindings.
2023-03-19 18:11:15.489 [info] Snippets: No changes found during synchronizing snippets.
2023-03-19 18:11:15.492 [info] Tasks: No changes found during synchronizing tasks.
2023-03-19 18:11:15.499 [info] GlobalState: No changes found during synchronizing ui state.
2023-03-19 18:11:15.532 [info] Extensions: No changes found during synchronizing extensions.
2023-03-19 18:11:15.534 [info] Profiles: No changes found during synchronizing profiles.
2023-03-19 18:11:15.536 [info] Sync done. Took 202ms
2023-03-19 18:16:15.538 [info] Auto Sync: Triggered by Interval
2023-03-19 18:16:15.538 [info] Sync started.
2023-03-19 18:16:15.672 [info] Settings: No changes found during synchronizing settings.
2023-03-19 18:16:15.677 [info] Keybindings: No changes found during synchronizing keybindings.
2023-03-19 18:16:15.685 [info] Snippets: No changes found during synchronizing snippets.
2023-03-19 18:16:15.693 [info] Tasks: No changes found during synchronizing tasks.
2023-03-19 18:16:15.707 [info] GlobalState: No changes found during synchronizing ui state.
2023-03-19 18:16:15.756 [info] Extensions: No changes found during synchronizing extensions.
2023-03-19 18:16:15.758 [info] Profiles: No changes found during synchronizing profiles.
2023-03-19 18:16:15.759 [info] Sync done. Took 223ms
2023-03-19 18:21:15.760 [info] Auto Sync: Triggered by Interval
2023-03-19 18:21:15.761 [info] Sync started.
2023-03-19 18:21:15.899 [info] Settings: No changes found during synchronizing settings.
2023-03-19 18:21:15.901 [info] Keybindings: No changes found during synchronizing keybindings.
2023-03-19 18:21:15.902 [info] Snippets: No changes found during synchronizing snippets.
2023-03-19 18:21:15.903 [info] Tasks: No changes found during synchronizing tasks.
2023-03-19 18:21:15.905 [info] GlobalState: No changes found during synchronizing ui state.
2023-03-19 18:21:15.935 [info] Extensions: No changes found during synchronizing extensions.
2023-03-19 18:21:15.937 [info] Profiles: No changes found during synchronizing profiles.
2023-03-19 18:21:15.940 [info] Sync done. Took 181ms
2023-03-19 18:26:15.941 [info] Auto Sync: Triggered by Interval
2023-03-19 18:26:15.942 [info] Sync started.
2023-03-19 18:26:16.082 [info] Settings: No changes found during synchronizing settings.
2023-03-19 18:26:16.091 [info] Keybindings: No changes found during synchronizing keybindings.
2023-03-19 18:26:16.095 [info] Snippets: No changes found during synchronizing snippets.
2023-03-19 18:26:16.097 [info] Tasks: No changes found during synchronizing tasks.
2023-03-19 18:26:16.102 [info] GlobalState: No changes found during synchronizing ui state.
2023-03-19 18:26:16.143 [info] Extensions: No changes found during synchronizing extensions.
2023-03-19 18:26:16.145 [info] Profiles: No changes found during synchronizing profiles.
2023-03-19 18:26:16.146 [info] Sync done. Took 206ms
2023-03-19 18:31:16.148 [info] Auto Sync: Triggered by Interval
2023-03-19 18:31:16.148 [info] Sync started.
2023-03-19 18:31:16.317 [info] Settings: No changes found during synchronizing settings.
2023-03-19 18:31:16.323 [info] Keybindings: No changes found during synchronizing keybindings.
2023-03-19 18:31:16.327 [info] Snippets: No changes found during synchronizing snippets.
2023-03-19 18:31:16.329 [info] Tasks: No changes found during synchronizing tasks.
2023-03-19 18:31:16.333 [info] GlobalState: No changes found during synchronizing ui state.
2023-03-19 18:31:16.393 [info] Extensions: No changes found during synchronizing extensions.
2023-03-19 18:31:16.397 [info] Profiles: No changes found during synchronizing profiles.
2023-03-19 18:31:16.399 [info] Sync done. Took 251ms
2023-03-19 18:36:16.400 [info] Auto Sync: Triggered by Interval
2023-03-19 18:36:16.401 [info] Sync started.
2023-03-19 18:36:16.562 [info] Settings: No changes found during synchronizing settings.
2023-03-19 18:36:16.569 [info] Keybindings: No changes found during synchronizing keybindings.
2023-03-19 18:36:16.576 [info] Snippets: No changes found during synchronizing snippets.
2023-03-19 18:36:16.579 [info] Tasks: No changes found during synchronizing tasks.
2023-03-19 18:36:16.582 [info] GlobalState: No changes found during synchronizing ui state.
2023-03-19 18:36:16.619 [info] Extensions: No changes found during synchronizing extensions.
2023-03-19 18:36:16.620 [info] Profiles: No changes found during synchronizing profiles.
2023-03-19 18:36:16.620 [info] Sync done. Took 221ms
2023-03-19 18:41:16.622 [info] Auto Sync: Triggered by Interval
2023-03-19 18:41:16.622 [info] Sync started.
2023-03-19 18:41:16.757 [info] Settings: No changes found during synchronizing settings.
2023-03-19 18:41:16.760 [info] Keybindings: No changes found during synchronizing keybindings.
2023-03-19 18:41:16.761 [info] Snippets: No changes found during synchronizing snippets.
2023-03-19 18:41:16.763 [info] Tasks: No changes found during synchronizing tasks.
2023-03-19 18:41:16.766 [info] GlobalState: No changes found during synchronizing ui state.
2023-03-19 18:41:16.807 [info] Extensions: No changes found during synchronizing extensions.
2023-03-19 18:41:16.809 [info] Profiles: No changes found during synchronizing profiles.
2023-03-19 18:41:16.809 [info] Sync done. Took 188ms
2023-03-19 18:46:16.810 [info] Auto Sync: Triggered by Interval
2023-03-19 18:46:16.810 [info] Sync started.
2023-03-19 18:46:16.930 [info] Settings: No changes found during synchronizing settings.
2023-03-19 18:46:16.934 [info] Keybindings: No changes found during synchronizing keybindings.
2023-03-19 18:46:16.935 [info] Snippets: No changes found during synchronizing snippets.
2023-03-19 18:46:16.937 [info] Tasks: No changes found during synchronizing tasks.
2023-03-19 18:46:16.939 [info] GlobalState: No changes found during synchronizing ui state.
2023-03-19 18:46:16.968 [info] Extensions: No changes found during synchronizing extensions.
2023-03-19 18:46:16.970 [info] Profiles: No changes found during synchronizing profiles.
2023-03-19 18:46:16.971 [info] Sync done. Took 161ms
2023-03-19 18:51:16.972 [info] Auto Sync: Triggered by Interval
2023-03-19 18:51:16.972 [info] Sync started.
2023-03-19 18:51:17.103 [info] Settings: No changes found during synchronizing settings.
2023-03-19 18:51:17.105 [info] Keybindings: No changes found during synchronizing keybindings.
2023-03-19 18:51:17.106 [info] Snippets: No changes found during synchronizing snippets.
2023-03-19 18:51:17.108 [info] Tasks: No changes found during synchronizing tasks.
2023-03-19 18:51:17.110 [info] GlobalState: No changes found during synchronizing ui state.
2023-03-19 18:51:17.144 [info] Extensions: No changes found during synchronizing extensions.
2023-03-19 18:51:17.146 [info] Profiles: No changes found during synchronizing profiles.
2023-03-19 18:51:17.147 [info] Sync done. Took 176ms
2023-03-19 18:56:17.147 [info] Auto Sync: Triggered by Interval
2023-03-19 18:56:17.147 [info] Sync started.
2023-03-19 18:56:17.267 [info] Settings: No changes found during synchronizing settings.
2023-03-19 18:56:17.269 [info] Keybindings: No changes found during synchronizing keybindings.
2023-03-19 18:56:17.271 [info] Snippets: No changes found during synchronizing snippets.
2023-03-19 18:56:17.272 [info] Tasks: No changes found during synchronizing tasks.
2023-03-19 18:56:17.275 [info] GlobalState: No changes found during synchronizing ui state.
2023-03-19 18:56:17.310 [info] Extensions: No changes found during synchronizing extensions.
2023-03-19 18:56:17.315 [info] Profiles: No changes found during synchronizing profiles.
2023-03-19 18:56:17.317 [info] Sync done. Took 170ms
2023-03-19 19:01:17.318 [info] Auto Sync: Triggered by Interval
2023-03-19 19:01:17.318 [info] Sync started.
2023-03-19 19:01:17.506 [info] Settings: No changes found during synchronizing settings.
2023-03-19 19:01:17.510 [info] Keybindings: No changes found during synchronizing keybindings.
2023-03-19 19:01:17.513 [info] Snippets: No changes found during synchronizing snippets.
2023-03-19 19:01:17.516 [info] Tasks: No changes found during synchronizing tasks.
2023-03-19 19:01:17.521 [info] GlobalState: No changes found during synchronizing ui state.
2023-03-19 19:01:17.566 [info] Extensions: No changes found during synchronizing extensions.
2023-03-19 19:01:17.569 [info] Profiles: No changes found during synchronizing profiles.
2023-03-19 19:01:17.569 [info] Sync done. Took 252ms
2023-03-19 19:06:17.571 [info] Auto Sync: Triggered by Interval
2023-03-19 19:06:17.571 [info] Sync started.
2023-03-19 19:06:17.801 [info] Settings: No changes found during synchronizing settings.
2023-03-19 19:06:17.806 [info] Keybindings: No changes found during synchronizing keybindings.
2023-03-19 19:06:17.810 [info] Snippets: No changes found during synchronizing snippets.
2023-03-19 19:06:17.812 [info] Tasks: No changes found during synchronizing tasks.
2023-03-19 19:06:17.814 [info] GlobalState: No changes found during synchronizing ui state.
2023-03-19 19:06:17.847 [info] Extensions: No changes found during synchronizing extensions.
2023-03-19 19:06:17.849 [info] Profiles: No changes found during synchronizing profiles.
2023-03-19 19:06:17.850 [info] Sync done. Took 280ms
2023-03-19 19:11:17.851 [info] Auto Sync: Triggered by Interval
2023-03-19 19:11:17.852 [info] Sync started.
2023-03-19 19:11:18.118 [info] Settings: No changes found during synchronizing settings.
2023-03-19 19:11:18.121 [info] Keybindings: No changes found during synchronizing keybindings.
2023-03-19 19:11:18.123 [info] Snippets: No changes found during synchronizing snippets.
2023-03-19 19:11:18.128 [info] Tasks: No changes found during synchronizing tasks.
2023-03-19 19:11:18.135 [info] GlobalState: No changes found during synchronizing ui state.
