2023-03-22 20:30:48.095 [info] Log level: Info
2023-03-22 20:30:48.095 [info] Validating found git in: "git"
2023-03-22 20:30:48.095 [info] Using git "2.39.2" from "git"
2023-03-22 20:30:48.095 [info] > git rev-parse --show-toplevel [7ms]
2023-03-22 20:30:48.095 [info] fatal: not a git repository (or any parent up to mount point /)
Stopping at filesystem boundary (GIT_DISCOVERY_ACROSS_FILESYSTEM not set).
2023-03-22 20:30:48.095 [info] > git rev-parse --show-toplevel [15ms]
2023-03-22 20:30:48.095 [info] > git rev-parse --git-dir --git-common-dir [10ms]
2023-03-22 20:30:48.095 [info] Open repository: /home/dima/.config
2023-03-22 20:30:48.095 [info] > git rev-parse --show-toplevel [55ms]
2023-03-22 20:30:48.095 [info] fatal: not a git repository (or any parent up to mount point /)
Stopping at filesystem boundary (GIT_DISCOVERY_ACROSS_FILESYSTEM not set).
2023-03-22 20:30:48.095 [info] > git rev-parse --show-toplevel [10ms]
2023-03-22 20:30:48.095 [info] fatal: not a git repository (or any parent up to mount point /)
Stopping at filesystem boundary (GIT_DISCOVERY_ACROSS_FILESYSTEM not set).
2023-03-22 20:30:48.095 [info] > git config --get commit.template [25ms]
2023-03-22 20:30:48.095 [info] > git rev-parse --show-toplevel [4ms]
2023-03-22 20:30:48.095 [info] fatal: not a git repository (or any parent up to mount point /)
Stopping at filesystem boundary (GIT_DISCOVERY_ACROSS_FILESYSTEM not set).
2023-03-22 20:30:48.116 [info] > git rev-parse --show-toplevel [18ms]
2023-03-22 20:30:48.116 [info] fatal: not a git repository (or any parent up to mount point /)
Stopping at filesystem boundary (GIT_DISCOVERY_ACROSS_FILESYSTEM not set).
2023-03-22 20:30:48.119 [info] > git for-each-ref --format=%(refname)%00%(upstream:short)%00%(objectname)%00%(upstream:track)%00%(upstream:remotename)%00%(upstream:remoteref) refs/heads/main refs/remotes/main [6ms]
2023-03-22 20:30:48.136 [info] > git status -z -uall [12ms]
2023-03-22 20:30:48.146 [info] > git config --get commit.template [3ms]
2023-03-22 20:30:48.150 [info] > git for-each-ref --format=%(refname)%00%(upstream:short)%00%(objectname)%00%(upstream:track)%00%(upstream:remotename)%00%(upstream:remoteref) refs/heads/main refs/remotes/main [1ms]
2023-03-22 20:30:48.153 [info] > git status -z -uall [1ms]
2023-03-22 20:30:48.217 [info] > git rev-parse --show-toplevel [9ms]
2023-03-22 20:30:48.217 [info] fatal: not a git repository (or any parent up to mount point /)
Stopping at filesystem boundary (GIT_DISCOVERY_ACROSS_FILESYSTEM not set).
2023-03-22 20:30:48.488 [info] > git show --textconv :i3/config [5ms]
2023-03-22 20:30:48.488 [info] > git ls-files --stage -- /home/dima/.config/i3/config [1ms]
2023-03-22 20:30:48.495 [info] > git cat-file -s 8410da9a8b95b6788908fe4f997e07ecf740def5 [4ms]
2023-03-22 20:30:48.550 [info] > git check-ignore -v -z --stdin [1ms]
