2023-03-19 19:11:40.207 [info] Using settings sync service https://vscode-sync.trafficmanager.net/
2023-03-19 19:11:40.207 [info] Auto Sync is enabled.
2023-03-19 19:11:40.207 [info] Auto Sync: Suspended until auth token is available.
2023-03-19 19:11:40.508 [info] Deleting non existing profile from backup /home/dima/.config/Code/User/sync/extensions
2023-03-19 19:11:40.510 [info] Deleting non existing profile from backup /home/dima/.config/Code/User/sync/globalState
2023-03-19 19:11:40.511 [info] Deleting non existing profile from backup /home/dima/.config/Code/User/sync/keybindings
2023-03-19 19:11:40.512 [info] Deleting non existing profile from backup /home/dima/.config/Code/User/sync/profiles
2023-03-19 19:11:40.513 [info] Deleting non existing profile from backup /home/dima/.config/Code/User/sync/settings
2023-03-19 19:11:40.513 [info] Deleting non existing profile from backup /home/dima/.config/Code/User/sync/snippets
2023-03-19 19:11:40.514 [info] Deleting non existing profile from backup /home/dima/.config/Code/User/sync/tasks
2023-03-19 19:11:40.824 [info] Auto Sync: Triggered by Interval
2023-03-19 19:11:40.824 [info] Sync started.
2023-03-19 19:11:41.064 [info] Settings: Last sync resource does not exist locally.
2023-03-19 19:11:41.139 [info] Settings: No changes found during synchronizing settings.
2023-03-19 19:11:41.141 [info] Keybindings: Last sync resource does not exist locally.
2023-03-19 19:11:41.202 [info] Keybindings: No changes found during synchronizing keybindings.
2023-03-19 19:11:41.204 [info] Snippets: Last sync resource does not exist locally.
2023-03-19 19:11:41.251 [info] Snippets: No changes found during synchronizing snippets.
2023-03-19 19:11:41.253 [info] Tasks: Last sync resource does not exist locally.
2023-03-19 19:11:41.321 [info] Tasks: No changes found during synchronizing tasks.
2023-03-19 19:11:41.323 [info] GlobalState: Last sync resource does not exist locally.
2023-03-19 19:11:41.614 [info] GlobalState: Updated remote ui state. Updated: workbench.activity.pinnedViewlets2.
2023-03-19 19:11:41.616 [info] GlobalState: Updated last synchronized ui state
2023-03-19 19:11:41.618 [info] Extensions: Last sync resource does not exist locally.
2023-03-19 19:11:41.733 [info] Extensions: No changes found during synchronizing extensions.
2023-03-19 19:11:41.735 [info] Profiles: Last sync resource does not exist locally.
2023-03-19 19:11:41.787 [info] Profiles: No changes found during synchronizing profiles.
2023-03-19 19:11:41.789 [info] Sync done. Took 966ms
