2023-03-19 09:15:23.039 [info] Added views:workbench.panel.markers.view in workbench.panel.markers
2023-03-19 09:15:23.039 [info] Added views:workbench.panel.output in workbench.panel.output
2023-03-19 09:15:23.039 [info] Added views:terminal in terminal
2023-03-19 09:15:23.039 [info] Added views:outline in workbench.view.explorer
2023-03-19 09:15:23.039 [info] Added views:workbench.scm in workbench.view.scm
2023-03-19 09:15:23.039 [info] Added views:workbench.view.search in workbench.view.search
2023-03-19 09:15:23.039 [info] Added views:timeline in workbench.view.explorer
2023-03-19 09:15:23.039 [info] Added views:workbench.explorer.fileView in workbench.view.explorer
2023-03-19 09:15:23.198 [info] Added views:outlinerExplorerView in workbench.view.extension.go-outliner
2023-03-19 09:15:23.199 [info] Added views:dockerContainers,dockerImages,dockerRegistries,dockerNetworks,dockerVolumes,vscode-docker.views.dockerContexts,vscode-docker.views.help in workbench.view.extension.dockerView
2023-03-19 09:15:23.199 [info] Added views:targetsContainers,devVolumes in workbench.view.remote
2023-03-19 09:15:23.199 [info] Added views:goTestExplorer in workbench.view.extension.testExplorer
2023-03-19 09:15:23.230 [info] Added views:workbench.debug.welcome in workbench.view.debug
2023-03-19 09:15:23.349 [info] Added views:workbench.panel.repl.view in workbench.panel.repl
2023-03-19 09:15:23.434 [info] Added views:workbench.panel.comments in workbench.panel.comments
2023-03-19 09:15:23.919 [info] Added views:workbench.view.testing in workbench.view.extension.test
2023-03-19 09:15:23.921 [info] Added views:go.explorer in workbench.view.explorer
2023-03-19 10:22:35.381 [info] Added views:tabnine-home in workbench.view.extension.tabnine-access
2023-03-19 10:22:35.382 [info] Added views:tabnine-notifications in workbench.view.extension.tabnine-access
2023-03-19 10:22:35.383 [info] Added views:tabnine-today in workbench.view.extension.tabnine-access
2023-03-19 10:22:58.718 [info] Removed views:workbench.view.testing from workbench.view.extension.test
2023-03-19 10:22:59.025 [info] Added views:workbench.panel.markers.view in workbench.panel.markers
2023-03-19 10:22:59.025 [info] Added views:workbench.panel.output in workbench.panel.output
2023-03-19 10:22:59.025 [info] Added views:terminal in terminal
2023-03-19 10:22:59.025 [info] Added views:outline in workbench.view.explorer
2023-03-19 10:22:59.025 [info] Added views:workbench.scm in workbench.view.scm
2023-03-19 10:22:59.025 [info] Added views:workbench.view.search in workbench.view.search
2023-03-19 10:22:59.025 [info] Added views:timeline in workbench.view.explorer
2023-03-19 10:22:59.025 [info] Added views:workbench.explorer.fileView in workbench.view.explorer
2023-03-19 10:22:59.109 [info] Added views:outlinerExplorerView in workbench.view.extension.go-outliner
2023-03-19 10:22:59.109 [info] Added views:dockerContainers,dockerImages,dockerRegistries,dockerNetworks,dockerVolumes,vscode-docker.views.dockerContexts,vscode-docker.views.help in workbench.view.extension.dockerView
2023-03-19 10:22:59.109 [info] Added views:targetsContainers,devVolumes in workbench.view.remote
2023-03-19 10:22:59.110 [info] Added views:goTestExplorer in workbench.view.extension.testExplorer
2023-03-19 10:22:59.182 [info] Added views:workbench.debug.variablesView,workbench.debug.watchExpressionsView,workbench.debug.callStackView,workbench.debug.breakPointsView in workbench.view.debug
2023-03-19 10:22:59.251 [info] Added views:workbench.panel.repl.view in workbench.panel.repl
2023-03-19 10:22:59.252 [info] Removed views:workbench.debug.breakPointsView,workbench.debug.callStackView,workbench.debug.watchExpressionsView,workbench.debug.variablesView from workbench.view.debug
2023-03-19 10:22:59.252 [info] Added views:workbench.debug.welcome in workbench.view.debug
2023-03-19 10:22:59.335 [info] Added views:workbench.panel.comments in workbench.panel.comments
2023-03-19 10:23:00.209 [info] Added views:tabnine-home in workbench.view.extension.tabnine-access
2023-03-19 10:23:00.211 [info] Added views:tabnine-notifications in workbench.view.extension.tabnine-access
2023-03-19 10:23:00.212 [info] Added views:tabnine-today in workbench.view.extension.tabnine-access
2023-03-19 10:23:24.393 [info] Added views:workbench.view.testing in workbench.view.extension.test
2023-03-19 10:24:10.310 [info] Added views:workbench.views.extensions.popular,extensions.recommendedList in workbench.view.extensions
2023-03-19 10:24:10.314 [info] Removed views:workbench.views.extensions.popular from workbench.view.extensions
2023-03-19 10:24:18.211 [info] Removed views:extensions.recommendedList from workbench.view.extensions
2023-03-19 10:24:18.225 [info] Added views:workbench.views.extensions.marketplace in workbench.view.extensions
