2023-03-21 07:12:46.238 [info] Log level: Info
2023-03-21 07:12:46.238 [info] Validating found git in: "git"
2023-03-21 07:12:46.238 [info] Using git "2.39.2" from "git"
2023-03-21 07:12:46.240 [info] > git rev-parse --show-toplevel [8ms]
2023-03-21 07:12:46.240 [info] fatal: not a git repository (or any parent up to mount point /)
Stopping at filesystem boundary (GIT_DISCOVERY_ACROSS_FILESYSTEM not set).
2023-03-21 07:12:46.280 [info] > git rev-parse --show-toplevel [38ms]
2023-03-21 07:12:46.317 [info] > git rev-parse --git-dir --git-common-dir [33ms]
2023-03-21 07:12:46.326 [info] Open repository: /home/dima/.config
2023-03-21 07:12:46.345 [info] > git rev-parse --show-toplevel [12ms]
2023-03-21 07:12:46.345 [info] fatal: not a git repository (or any parent up to mount point /)
Stopping at filesystem boundary (GIT_DISCOVERY_ACROSS_FILESYSTEM not set).
2023-03-21 07:12:46.362 [info] > git rev-parse --show-toplevel [13ms]
2023-03-21 07:12:46.362 [info] fatal: not a git repository (or any parent up to mount point /)
Stopping at filesystem boundary (GIT_DISCOVERY_ACROSS_FILESYSTEM not set).
2023-03-21 07:12:46.367 [info] > git config --get commit.template [23ms]
2023-03-21 07:12:46.372 [info] > git rev-parse --show-toplevel [6ms]
2023-03-21 07:12:46.372 [info] fatal: not a git repository (or any parent up to mount point /)
Stopping at filesystem boundary (GIT_DISCOVERY_ACROSS_FILESYSTEM not set).
2023-03-21 07:12:46.411 [info] > git for-each-ref --format=%(refname)%00%(upstream:short)%00%(objectname)%00%(upstream:track)%00%(upstream:remotename)%00%(upstream:remoteref) refs/heads/main refs/remotes/main [13ms]
2023-03-21 07:12:46.423 [info] > git status -z -uall [9ms]
2023-03-21 07:12:46.437 [info] > git config --get commit.template [2ms]
2023-03-21 07:12:46.442 [info] > git for-each-ref --format=%(refname)%00%(upstream:short)%00%(objectname)%00%(upstream:track)%00%(upstream:remotename)%00%(upstream:remoteref) refs/heads/main refs/remotes/main [1ms]
2023-03-21 07:12:46.453 [info] > git status -z -uall [7ms]
2023-03-21 07:12:46.765 [info] > git show --textconv :i3/config [4ms]
2023-03-21 07:12:46.766 [info] > git ls-files --stage -- /home/dima/.config/i3/config [1ms]
2023-03-21 07:12:46.771 [info] > git cat-file -s 8410da9a8b95b6788908fe4f997e07ecf740def5 [1ms]
2023-03-21 07:12:46.857 [info] > git check-ignore -v -z --stdin [1ms]
