2023-03-22 20:30:47.615 [info] Using settings sync service https://vscode-sync.trafficmanager.net/
2023-03-22 20:30:47.615 [info] Auto Sync is enabled.
2023-03-22 20:30:47.615 [info] Auto Sync: Suspended until auth token is available.
2023-03-22 20:30:47.971 [info] Deleting non existing profile from backup /home/dima/.config/Code/User/sync/extensions
2023-03-22 20:30:48.015 [info] Deleting non existing profile from backup /home/dima/.config/Code/User/sync/globalState
2023-03-22 20:30:48.036 [info] Deleting non existing profile from backup /home/dima/.config/Code/User/sync/keybindings
2023-03-22 20:30:48.074 [info] Deleting non existing profile from backup /home/dima/.config/Code/User/sync/profiles
2023-03-22 20:30:48.097 [info] Deleting non existing profile from backup /home/dima/.config/Code/User/sync/settings
2023-03-22 20:30:48.098 [info] Deleting non existing profile from backup /home/dima/.config/Code/User/sync/snippets
2023-03-22 20:30:48.099 [info] Deleting non existing profile from backup /home/dima/.config/Code/User/sync/tasks
2023-03-22 20:30:48.224 [info] Auto Sync: Triggered by Interval
2023-03-22 20:30:48.224 [info] Sync started.
2023-03-22 20:30:48.477 [info] Settings: Last sync resource does not exist locally.
2023-03-22 20:30:48.579 [info] Settings: No changes found during synchronizing settings.
2023-03-22 20:30:48.581 [info] Keybindings: Last sync resource does not exist locally.
2023-03-22 20:30:48.632 [info] Keybindings: No changes found during synchronizing keybindings.
2023-03-22 20:30:48.633 [info] Snippets: Last sync resource does not exist locally.
2023-03-22 20:30:48.682 [info] Snippets: No changes found during synchronizing snippets.
2023-03-22 20:30:48.683 [info] Tasks: Last sync resource does not exist locally.
2023-03-22 20:30:48.728 [info] Tasks: No changes found during synchronizing tasks.
2023-03-22 20:30:48.729 [info] GlobalState: Last sync resource does not exist locally.
2023-03-22 20:30:48.841 [info] GlobalState: No changes found during synchronizing ui state.
2023-03-22 20:30:48.851 [info] Extensions: Last sync resource does not exist locally.
2023-03-22 20:30:48.943 [info] Extensions: No changes found during synchronizing extensions.
2023-03-22 20:30:48.944 [info] Profiles: Last sync resource does not exist locally.
2023-03-22 20:30:48.995 [info] Profiles: No changes found during synchronizing profiles.
2023-03-22 20:30:48.996 [info] Sync done. Took 772ms
