2023-03-11T16:35:44.162Z [Modules] Modules initializing
2023-03-11T16:35:44.162Z [Modules] Distribution: remote
2023-03-11T16:35:44.163Z [Modules] Host updates: enabled
2023-03-11T16:35:44.163Z [Modules] Module updates: enabled
2023-03-11T16:35:44.163Z [Modules] Module install path: /home/dima/.config/discord/0.0.25/modules
2023-03-11T16:35:44.163Z [Modules] Module installed file path: /home/dima/.config/discord/0.0.25/modules/installed.json
2023-03-11T16:35:44.164Z [Modules] Module download path: /home/dima/.config/discord/0.0.25/modules/pending
2023-03-11T16:35:44.243Z [Modules] Bootstrapping...
2023-03-11T16:35:44.244Z [Modules] Installing discord_desktop_core@0 from /usr/share/discord/resources/bootstrap/discord_desktop_core.zip
2023-03-11T16:35:44.244Z [Modules] Failed installing discord_desktop_core@0: Error: ENOENT: no such file or directory, open '/usr/share/discord/resources/bootstrap/discord_desktop_core.zip'
2023-03-11T16:35:44.244Z [Modules] Installing discord_erlpack@0 from /usr/share/discord/resources/bootstrap/discord_erlpack.zip
2023-03-11T16:35:44.250Z [Modules] Failed installing discord_erlpack@0: Error: ENOENT: no such file or directory, open '/usr/share/discord/resources/bootstrap/discord_erlpack.zip'
2023-03-11T16:35:44.250Z [Modules] Installing discord_spellcheck@0 from /usr/share/discord/resources/bootstrap/discord_spellcheck.zip
2023-03-11T16:35:44.250Z [Modules] Failed installing discord_spellcheck@0: Error: ENOENT: no such file or directory, open '/usr/share/discord/resources/bootstrap/discord_spellcheck.zip'
2023-03-11T16:35:44.250Z [Modules] Installing discord_utils@0 from /usr/share/discord/resources/bootstrap/discord_utils.zip
2023-03-11T16:35:44.250Z [Modules] Failed installing discord_utils@0: Error: ENOENT: no such file or directory, open '/usr/share/discord/resources/bootstrap/discord_utils.zip'
2023-03-11T16:35:44.251Z [Modules] Installing discord_voice@0 from /usr/share/discord/resources/bootstrap/discord_voice.zip
2023-03-11T16:35:44.251Z [Modules] Failed installing discord_voice@0: Error: ENOENT: no such file or directory, open '/usr/share/discord/resources/bootstrap/discord_voice.zip'
2023-03-11T16:35:44.251Z [Modules] Finished module installations. [success: 0] [failure: 5]
2023-03-11T16:35:44.251Z [Modules] Checking for host updates.
2023-03-11T16:35:44.460Z [Modules] Host is up to date.
2023-03-11T16:35:44.460Z [Modules] Checking for module updates at https://discord.com/api/modules/stable/versions.json
2023-03-11T16:35:44.522Z [Modules] Module update available: discord_desktop_core@1 [installed: 0]
2023-03-11T16:35:44.522Z [Modules] Module update available: discord_erlpack@1 [installed: 0]
2023-03-11T16:35:44.522Z [Modules] Module update available: discord_spellcheck@1 [installed: 0]
2023-03-11T16:35:44.522Z [Modules] Module update available: discord_utils@1 [installed: 0]
2023-03-11T16:35:44.522Z [Modules] Module update available: discord_voice@1 [installed: 0]
2023-03-11T16:35:44.522Z [Modules] Fetching discord_desktop_core@1 from https://discord.com/api/modules/stable/discord_desktop_core/1
2023-03-11T16:35:44.522Z [Modules] Streaming discord_desktop_core@1 to /home/dima/.config/discord/0.0.25/modules/pending/discord_desktop_core-1.zip
2023-03-11T16:35:44.759Z [Modules] Streaming discord_desktop_core@1 to /home/dima/.config/discord/0.0.25/modules/pending/discord_desktop_core-1.zip: 3%
2023-03-11T16:35:44.760Z [Modules] Streaming discord_desktop_core@1 to /home/dima/.config/discord/0.0.25/modules/pending/discord_desktop_core-1.zip: 4%
2023-03-11T16:35:44.764Z [Modules] Streaming discord_desktop_core@1 to /home/dima/.config/discord/0.0.25/modules/pending/discord_desktop_core-1.zip: 7%
2023-03-11T16:35:44.766Z [Modules] Streaming discord_desktop_core@1 to /home/dima/.config/discord/0.0.25/modules/pending/discord_desktop_core-1.zip: 8%
2023-03-11T16:35:44.774Z [Modules] Streaming discord_desktop_core@1 to /home/dima/.config/discord/0.0.25/modules/pending/discord_desktop_core-1.zip: 11%
2023-03-11T16:35:44.775Z [Modules] Streaming discord_desktop_core@1 to /home/dima/.config/discord/0.0.25/modules/pending/discord_desktop_core-1.zip: 12%
2023-03-11T16:35:44.781Z [Modules] Streaming discord_desktop_core@1 to /home/dima/.config/discord/0.0.25/modules/pending/discord_desktop_core-1.zip: 15%
2023-03-11T16:35:44.782Z [Modules] Streaming discord_desktop_core@1 to /home/dima/.config/discord/0.0.25/modules/pending/discord_desktop_core-1.zip: 16%
2023-03-11T16:35:44.787Z [Modules] Streaming discord_desktop_core@1 to /home/dima/.config/discord/0.0.25/modules/pending/discord_desktop_core-1.zip: 20%
2023-03-11T16:35:44.792Z [Modules] Streaming discord_desktop_core@1 to /home/dima/.config/discord/0.0.25/modules/pending/discord_desktop_core-1.zip: 23%
2023-03-11T16:35:44.798Z [Modules] Streaming discord_desktop_core@1 to /home/dima/.config/discord/0.0.25/modules/pending/discord_desktop_core-1.zip: 27%
2023-03-11T16:35:44.801Z [Modules] Streaming discord_desktop_core@1 to /home/dima/.config/discord/0.0.25/modules/pending/discord_desktop_core-1.zip: 28%
2023-03-11T16:35:44.806Z [Modules] Streaming discord_desktop_core@1 to /home/dima/.config/discord/0.0.25/modules/pending/discord_desktop_core-1.zip: 32%
2023-03-11T16:35:44.812Z [Modules] Streaming discord_desktop_core@1 to /home/dima/.config/discord/0.0.25/modules/pending/discord_desktop_core-1.zip: 36%
2023-03-11T16:35:44.817Z [Modules] Streaming discord_desktop_core@1 to /home/dima/.config/discord/0.0.25/modules/pending/discord_desktop_core-1.zip: 39%
2023-03-11T16:35:44.823Z [Modules] Streaming discord_desktop_core@1 to /home/dima/.config/discord/0.0.25/modules/pending/discord_desktop_core-1.zip: 43%
2023-03-11T16:35:44.829Z [Modules] Streaming discord_desktop_core@1 to /home/dima/.config/discord/0.0.25/modules/pending/discord_desktop_core-1.zip: 46%
2023-03-11T16:35:44.834Z [Modules] Streaming discord_desktop_core@1 to /home/dima/.config/discord/0.0.25/modules/pending/discord_desktop_core-1.zip: 50%
2023-03-11T16:35:44.840Z [Modules] Streaming discord_desktop_core@1 to /home/dima/.config/discord/0.0.25/modules/pending/discord_desktop_core-1.zip: 53%
2023-03-11T16:35:44.845Z [Modules] Streaming discord_desktop_core@1 to /home/dima/.config/discord/0.0.25/modules/pending/discord_desktop_core-1.zip: 56%
2023-03-11T16:35:44.846Z [Modules] Streaming discord_desktop_core@1 to /home/dima/.config/discord/0.0.25/modules/pending/discord_desktop_core-1.zip: 57%
2023-03-11T16:35:44.851Z [Modules] Streaming discord_desktop_core@1 to /home/dima/.config/discord/0.0.25/modules/pending/discord_desktop_core-1.zip: 60%
2023-03-11T16:35:44.857Z [Modules] Streaming discord_desktop_core@1 to /home/dima/.config/discord/0.0.25/modules/pending/discord_desktop_core-1.zip: 64%
2023-03-11T16:35:44.862Z [Modules] Streaming discord_desktop_core@1 to /home/dima/.config/discord/0.0.25/modules/pending/discord_desktop_core-1.zip: 67%
2023-03-11T16:35:44.868Z [Modules] Streaming discord_desktop_core@1 to /home/dima/.config/discord/0.0.25/modules/pending/discord_desktop_core-1.zip: 71%
2023-03-11T16:35:44.874Z [Modules] Streaming discord_desktop_core@1 to /home/dima/.config/discord/0.0.25/modules/pending/discord_desktop_core-1.zip: 74%
2023-03-11T16:35:44.879Z [Modules] Streaming discord_desktop_core@1 to /home/dima/.config/discord/0.0.25/modules/pending/discord_desktop_core-1.zip: 78%
2023-03-11T16:35:44.884Z [Modules] Streaming discord_desktop_core@1 to /home/dima/.config/discord/0.0.25/modules/pending/discord_desktop_core-1.zip: 81%
2023-03-11T16:35:44.890Z [Modules] Streaming discord_desktop_core@1 to /home/dima/.config/discord/0.0.25/modules/pending/discord_desktop_core-1.zip: 84%
2023-03-11T16:35:44.890Z [Modules] Streaming discord_desktop_core@1 to /home/dima/.config/discord/0.0.25/modules/pending/discord_desktop_core-1.zip: 85%
2023-03-11T16:35:44.896Z [Modules] Streaming discord_desktop_core@1 to /home/dima/.config/discord/0.0.25/modules/pending/discord_desktop_core-1.zip: 88%
2023-03-11T16:35:44.901Z [Modules] Streaming discord_desktop_core@1 to /home/dima/.config/discord/0.0.25/modules/pending/discord_desktop_core-1.zip: 92%
2023-03-11T16:35:44.907Z [Modules] Streaming discord_desktop_core@1 to /home/dima/.config/discord/0.0.25/modules/pending/discord_desktop_core-1.zip: 95%
2023-03-11T16:35:44.913Z [Modules] Streaming discord_desktop_core@1 to /home/dima/.config/discord/0.0.25/modules/pending/discord_desktop_core-1.zip: 99%
2023-03-11T16:35:44.914Z [Modules] Streaming discord_desktop_core@1 to /home/dima/.config/discord/0.0.25/modules/pending/discord_desktop_core-1.zip: 100%
2023-03-11T16:35:44.918Z [Modules] Fetching discord_erlpack@1 from https://discord.com/api/modules/stable/discord_erlpack/1
2023-03-11T16:35:44.919Z [Modules] Streaming discord_erlpack@1 to /home/dima/.config/discord/0.0.25/modules/pending/discord_erlpack-1.zip
2023-03-11T16:35:45.099Z [Modules] Streaming discord_erlpack@1 to /home/dima/.config/discord/0.0.25/modules/pending/discord_erlpack-1.zip: 3%
2023-03-11T16:35:45.100Z [Modules] Streaming discord_erlpack@1 to /home/dima/.config/discord/0.0.25/modules/pending/discord_erlpack-1.zip: 4%
2023-03-11T16:35:45.106Z [Modules] Streaming discord_erlpack@1 to /home/dima/.config/discord/0.0.25/modules/pending/discord_erlpack-1.zip: 8%
2023-03-11T16:35:45.111Z [Modules] Streaming discord_erlpack@1 to /home/dima/.config/discord/0.0.25/modules/pending/discord_erlpack-1.zip: 12%
2023-03-11T16:35:45.116Z [Modules] Streaming discord_erlpack@1 to /home/dima/.config/discord/0.0.25/modules/pending/discord_erlpack-1.zip: 16%
2023-03-11T16:35:45.122Z [Modules] Streaming discord_erlpack@1 to /home/dima/.config/discord/0.0.25/modules/pending/discord_erlpack-1.zip: 20%
2023-03-11T16:35:45.127Z [Modules] Streaming discord_erlpack@1 to /home/dima/.config/discord/0.0.25/modules/pending/discord_erlpack-1.zip: 23%
2023-03-11T16:35:45.132Z [Modules] Streaming discord_erlpack@1 to /home/dima/.config/discord/0.0.25/modules/pending/discord_erlpack-1.zip: 27%
2023-03-11T16:35:45.137Z [Modules] Streaming discord_erlpack@1 to /home/dima/.config/discord/0.0.25/modules/pending/discord_erlpack-1.zip: 31%
2023-03-11T16:35:45.140Z [Modules] Streaming discord_erlpack@1 to /home/dima/.config/discord/0.0.25/modules/pending/discord_erlpack-1.zip: 32%
2023-03-11T16:35:45.146Z [Modules] Streaming discord_erlpack@1 to /home/dima/.config/discord/0.0.25/modules/pending/discord_erlpack-1.zip: 36%
2023-03-11T16:35:45.151Z [Modules] Streaming discord_erlpack@1 to /home/dima/.config/discord/0.0.25/modules/pending/discord_erlpack-1.zip: 40%
2023-03-11T16:35:45.157Z [Modules] Streaming discord_erlpack@1 to /home/dima/.config/discord/0.0.25/modules/pending/discord_erlpack-1.zip: 44%
2023-03-11T16:35:45.163Z [Modules] Streaming discord_erlpack@1 to /home/dima/.config/discord/0.0.25/modules/pending/discord_erlpack-1.zip: 48%
2023-03-11T16:35:45.166Z [Modules] Streaming discord_erlpack@1 to /home/dima/.config/discord/0.0.25/modules/pending/discord_erlpack-1.zip: 49%
2023-03-11T16:35:45.173Z [Modules] Streaming discord_erlpack@1 to /home/dima/.config/discord/0.0.25/modules/pending/discord_erlpack-1.zip: 53%
2023-03-11T16:35:45.178Z [Modules] Streaming discord_erlpack@1 to /home/dima/.config/discord/0.0.25/modules/pending/discord_erlpack-1.zip: 57%
2023-03-11T16:35:45.184Z [Modules] Streaming discord_erlpack@1 to /home/dima/.config/discord/0.0.25/modules/pending/discord_erlpack-1.zip: 61%
2023-03-11T16:35:45.187Z [Modules] Streaming discord_erlpack@1 to /home/dima/.config/discord/0.0.25/modules/pending/discord_erlpack-1.zip: 62%
2023-03-11T16:35:45.188Z [Modules] Streaming discord_erlpack@1 to /home/dima/.config/discord/0.0.25/modules/pending/discord_erlpack-1.zip: 63%
2023-03-11T16:35:45.192Z [Modules] Streaming discord_erlpack@1 to /home/dima/.config/discord/0.0.25/modules/pending/discord_erlpack-1.zip: 66%
2023-03-11T16:35:45.198Z [Modules] Streaming discord_erlpack@1 to /home/dima/.config/discord/0.0.25/modules/pending/discord_erlpack-1.zip: 70%
2023-03-11T16:35:45.203Z [Modules] Streaming discord_erlpack@1 to /home/dima/.config/discord/0.0.25/modules/pending/discord_erlpack-1.zip: 74%
2023-03-11T16:35:45.209Z [Modules] Streaming discord_erlpack@1 to /home/dima/.config/discord/0.0.25/modules/pending/discord_erlpack-1.zip: 78%
2023-03-11T16:35:45.214Z [Modules] Streaming discord_erlpack@1 to /home/dima/.config/discord/0.0.25/modules/pending/discord_erlpack-1.zip: 82%
2023-03-11T16:35:45.220Z [Modules] Streaming discord_erlpack@1 to /home/dima/.config/discord/0.0.25/modules/pending/discord_erlpack-1.zip: 86%
2023-03-11T16:35:45.226Z [Modules] Streaming discord_erlpack@1 to /home/dima/.config/discord/0.0.25/modules/pending/discord_erlpack-1.zip: 90%
2023-03-11T16:35:45.231Z [Modules] Streaming discord_erlpack@1 to /home/dima/.config/discord/0.0.25/modules/pending/discord_erlpack-1.zip: 93%
2023-03-11T16:35:45.232Z [Modules] Streaming discord_erlpack@1 to /home/dima/.config/discord/0.0.25/modules/pending/discord_erlpack-1.zip: 94%
2023-03-11T16:35:45.237Z [Modules] Streaming discord_erlpack@1 to /home/dima/.config/discord/0.0.25/modules/pending/discord_erlpack-1.zip: 98%
2023-03-11T16:35:45.239Z [Modules] Streaming discord_erlpack@1 to /home/dima/.config/discord/0.0.25/modules/pending/discord_erlpack-1.zip: 100%
2023-03-11T16:35:45.241Z [Modules] Fetching discord_spellcheck@1 from https://discord.com/api/modules/stable/discord_spellcheck/1
2023-03-11T16:35:45.241Z [Modules] Streaming discord_spellcheck@1 to /home/dima/.config/discord/0.0.25/modules/pending/discord_spellcheck-1.zip
2023-03-11T16:35:45.449Z [Modules] Streaming discord_spellcheck@1 to /home/dima/.config/discord/0.0.25/modules/pending/discord_spellcheck-1.zip: 1%
2023-03-11T16:35:45.454Z [Modules] Streaming discord_spellcheck@1 to /home/dima/.config/discord/0.0.25/modules/pending/discord_spellcheck-1.zip: 2%
2023-03-11T16:35:45.466Z [Modules] Streaming discord_spellcheck@1 to /home/dima/.config/discord/0.0.25/modules/pending/discord_spellcheck-1.zip: 3%
2023-03-11T16:35:45.473Z [Modules] Streaming discord_spellcheck@1 to /home/dima/.config/discord/0.0.25/modules/pending/discord_spellcheck-1.zip: 4%
2023-03-11T16:35:45.484Z [Modules] Streaming discord_spellcheck@1 to /home/dima/.config/discord/0.0.25/modules/pending/discord_spellcheck-1.zip: 5%
2023-03-11T16:35:45.495Z [Modules] Streaming discord_spellcheck@1 to /home/dima/.config/discord/0.0.25/modules/pending/discord_spellcheck-1.zip: 6%
2023-03-11T16:35:45.501Z [Modules] Streaming discord_spellcheck@1 to /home/dima/.config/discord/0.0.25/modules/pending/discord_spellcheck-1.zip: 7%
2023-03-11T16:35:45.512Z [Modules] Streaming discord_spellcheck@1 to /home/dima/.config/discord/0.0.25/modules/pending/discord_spellcheck-1.zip: 8%
2023-03-11T16:35:45.518Z [Modules] Streaming discord_spellcheck@1 to /home/dima/.config/discord/0.0.25/modules/pending/discord_spellcheck-1.zip: 9%
2023-03-11T16:35:45.525Z [Modules] Streaming discord_spellcheck@1 to /home/dima/.config/discord/0.0.25/modules/pending/discord_spellcheck-1.zip: 10%
2023-03-11T16:35:45.534Z [Modules] Streaming discord_spellcheck@1 to /home/dima/.config/discord/0.0.25/modules/pending/discord_spellcheck-1.zip: 11%
2023-03-11T16:35:45.545Z [Modules] Streaming discord_spellcheck@1 to /home/dima/.config/discord/0.0.25/modules/pending/discord_spellcheck-1.zip: 12%
2023-03-11T16:35:45.551Z [Modules] Streaming discord_spellcheck@1 to /home/dima/.config/discord/0.0.25/modules/pending/discord_spellcheck-1.zip: 13%
2023-03-11T16:35:45.562Z [Modules] Streaming discord_spellcheck@1 to /home/dima/.config/discord/0.0.25/modules/pending/discord_spellcheck-1.zip: 14%
2023-03-11T16:35:45.568Z [Modules] Streaming discord_spellcheck@1 to /home/dima/.config/discord/0.0.25/modules/pending/discord_spellcheck-1.zip: 15%
2023-03-11T16:35:45.582Z [Modules] Streaming discord_spellcheck@1 to /home/dima/.config/discord/0.0.25/modules/pending/discord_spellcheck-1.zip: 16%
2023-03-11T16:35:45.593Z [Modules] Streaming discord_spellcheck@1 to /home/dima/.config/discord/0.0.25/modules/pending/discord_spellcheck-1.zip: 17%
2023-03-11T16:35:45.598Z [Modules] Streaming discord_spellcheck@1 to /home/dima/.config/discord/0.0.25/modules/pending/discord_spellcheck-1.zip: 18%
2023-03-11T16:35:45.610Z [Modules] Streaming discord_spellcheck@1 to /home/dima/.config/discord/0.0.25/modules/pending/discord_spellcheck-1.zip: 19%
2023-03-11T16:35:45.616Z [Modules] Streaming discord_spellcheck@1 to /home/dima/.config/discord/0.0.25/modules/pending/discord_spellcheck-1.zip: 20%
2023-03-11T16:35:45.627Z [Modules] Streaming discord_spellcheck@1 to /home/dima/.config/discord/0.0.25/modules/pending/discord_spellcheck-1.zip: 21%
2023-03-11T16:35:45.632Z [Modules] Streaming discord_spellcheck@1 to /home/dima/.config/discord/0.0.25/modules/pending/discord_spellcheck-1.zip: 22%
2023-03-11T16:35:45.643Z [Modules] Streaming discord_spellcheck@1 to /home/dima/.config/discord/0.0.25/modules/pending/discord_spellcheck-1.zip: 23%
2023-03-11T16:35:45.649Z [Modules] Streaming discord_spellcheck@1 to /home/dima/.config/discord/0.0.25/modules/pending/discord_spellcheck-1.zip: 24%
2023-03-11T16:35:45.660Z [Modules] Streaming discord_spellcheck@1 to /home/dima/.config/discord/0.0.25/modules/pending/discord_spellcheck-1.zip: 25%
2023-03-11T16:35:45.666Z [Modules] Streaming discord_spellcheck@1 to /home/dima/.config/discord/0.0.25/modules/pending/discord_spellcheck-1.zip: 26%
2023-03-11T16:35:45.681Z [Modules] Streaming discord_spellcheck@1 to /home/dima/.config/discord/0.0.25/modules/pending/discord_spellcheck-1.zip: 27%
2023-03-11T16:35:45.693Z [Modules] Streaming discord_spellcheck@1 to /home/dima/.config/discord/0.0.25/modules/pending/discord_spellcheck-1.zip: 28%
2023-03-11T16:35:45.698Z [Modules] Streaming discord_spellcheck@1 to /home/dima/.config/discord/0.0.25/modules/pending/discord_spellcheck-1.zip: 29%
2023-03-11T16:35:45.709Z [Modules] Streaming discord_spellcheck@1 to /home/dima/.config/discord/0.0.25/modules/pending/discord_spellcheck-1.zip: 30%
2023-03-11T16:35:45.715Z [Modules] Streaming discord_spellcheck@1 to /home/dima/.config/discord/0.0.25/modules/pending/discord_spellcheck-1.zip: 31%
2023-03-11T16:35:45.728Z [Modules] Streaming discord_spellcheck@1 to /home/dima/.config/discord/0.0.25/modules/pending/discord_spellcheck-1.zip: 32%
2023-03-11T16:35:45.733Z [Modules] Streaming discord_spellcheck@1 to /home/dima/.config/discord/0.0.25/modules/pending/discord_spellcheck-1.zip: 33%
2023-03-11T16:35:45.745Z [Modules] Streaming discord_spellcheck@1 to /home/dima/.config/discord/0.0.25/modules/pending/discord_spellcheck-1.zip: 34%
2023-03-11T16:35:45.750Z [Modules] Streaming discord_spellcheck@1 to /home/dima/.config/discord/0.0.25/modules/pending/discord_spellcheck-1.zip: 35%
2023-03-11T16:35:45.761Z [Modules] Streaming discord_spellcheck@1 to /home/dima/.config/discord/0.0.25/modules/pending/discord_spellcheck-1.zip: 36%
2023-03-11T16:35:45.772Z [Modules] Streaming discord_spellcheck@1 to /home/dima/.config/discord/0.0.25/modules/pending/discord_spellcheck-1.zip: 37%
2023-03-11T16:35:45.781Z [Modules] Streaming discord_spellcheck@1 to /home/dima/.config/discord/0.0.25/modules/pending/discord_spellcheck-1.zip: 38%
2023-03-11T16:35:45.792Z [Modules] Streaming discord_spellcheck@1 to /home/dima/.config/discord/0.0.25/modules/pending/discord_spellcheck-1.zip: 39%
2023-03-11T16:35:45.797Z [Modules] Streaming discord_spellcheck@1 to /home/dima/.config/discord/0.0.25/modules/pending/discord_spellcheck-1.zip: 40%
2023-03-11T16:35:45.808Z [Modules] Streaming discord_spellcheck@1 to /home/dima/.config/discord/0.0.25/modules/pending/discord_spellcheck-1.zip: 41%
2023-03-11T16:35:45.814Z [Modules] Streaming discord_spellcheck@1 to /home/dima/.config/discord/0.0.25/modules/pending/discord_spellcheck-1.zip: 42%
2023-03-11T16:35:45.825Z [Modules] Streaming discord_spellcheck@1 to /home/dima/.config/discord/0.0.25/modules/pending/discord_spellcheck-1.zip: 43%
2023-03-11T16:35:45.831Z [Modules] Streaming discord_spellcheck@1 to /home/dima/.config/discord/0.0.25/modules/pending/discord_spellcheck-1.zip: 44%
2023-03-11T16:35:45.842Z [Modules] Streaming discord_spellcheck@1 to /home/dima/.config/discord/0.0.25/modules/pending/discord_spellcheck-1.zip: 45%
2023-03-11T16:35:45.847Z [Modules] Streaming discord_spellcheck@1 to /home/dima/.config/discord/0.0.25/modules/pending/discord_spellcheck-1.zip: 46%
2023-03-11T16:35:45.859Z [Modules] Streaming discord_spellcheck@1 to /home/dima/.config/discord/0.0.25/modules/pending/discord_spellcheck-1.zip: 47%
2023-03-11T16:35:45.870Z [Modules] Streaming discord_spellcheck@1 to /home/dima/.config/discord/0.0.25/modules/pending/discord_spellcheck-1.zip: 48%
2023-03-11T16:35:45.880Z [Modules] Streaming discord_spellcheck@1 to /home/dima/.config/discord/0.0.25/modules/pending/discord_spellcheck-1.zip: 49%
2023-03-11T16:35:45.886Z [Modules] Streaming discord_spellcheck@1 to /home/dima/.config/discord/0.0.25/modules/pending/discord_spellcheck-1.zip: 50%
2023-03-11T16:35:45.897Z [Modules] Streaming discord_spellcheck@1 to /home/dima/.config/discord/0.0.25/modules/pending/discord_spellcheck-1.zip: 51%
2023-03-11T16:35:45.906Z [Modules] Streaming discord_spellcheck@1 to /home/dima/.config/discord/0.0.25/modules/pending/discord_spellcheck-1.zip: 52%
2023-03-11T16:35:45.911Z [Modules] Streaming discord_spellcheck@1 to /home/dima/.config/discord/0.0.25/modules/pending/discord_spellcheck-1.zip: 53%
2023-03-11T16:35:45.923Z [Modules] Streaming discord_spellcheck@1 to /home/dima/.config/discord/0.0.25/modules/pending/discord_spellcheck-1.zip: 54%
2023-03-11T16:35:45.928Z [Modules] Streaming discord_spellcheck@1 to /home/dima/.config/discord/0.0.25/modules/pending/discord_spellcheck-1.zip: 55%
2023-03-11T16:35:45.940Z [Modules] Streaming discord_spellcheck@1 to /home/dima/.config/discord/0.0.25/modules/pending/discord_spellcheck-1.zip: 56%
2023-03-11T16:35:45.945Z [Modules] Streaming discord_spellcheck@1 to /home/dima/.config/discord/0.0.25/modules/pending/discord_spellcheck-1.zip: 57%
2023-03-11T16:35:45.956Z [Modules] Streaming discord_spellcheck@1 to /home/dima/.config/discord/0.0.25/modules/pending/discord_spellcheck-1.zip: 58%
2023-03-11T16:35:45.967Z [Modules] Streaming discord_spellcheck@1 to /home/dima/.config/discord/0.0.25/modules/pending/discord_spellcheck-1.zip: 59%
2023-03-11T16:35:45.973Z [Modules] Streaming discord_spellcheck@1 to /home/dima/.config/discord/0.0.25/modules/pending/discord_spellcheck-1.zip: 60%
2023-03-11T16:35:45.986Z [Modules] Streaming discord_spellcheck@1 to /home/dima/.config/discord/0.0.25/modules/pending/discord_spellcheck-1.zip: 61%
2023-03-11T16:35:45.991Z [Modules] Streaming discord_spellcheck@1 to /home/dima/.config/discord/0.0.25/modules/pending/discord_spellcheck-1.zip: 62%
2023-03-11T16:35:46.002Z [Modules] Streaming discord_spellcheck@1 to /home/dima/.config/discord/0.0.25/modules/pending/discord_spellcheck-1.zip: 63%
2023-03-11T16:35:46.008Z [Modules] Streaming discord_spellcheck@1 to /home/dima/.config/discord/0.0.25/modules/pending/discord_spellcheck-1.zip: 64%
2023-03-11T16:35:46.019Z [Modules] Streaming discord_spellcheck@1 to /home/dima/.config/discord/0.0.25/modules/pending/discord_spellcheck-1.zip: 65%
2023-03-11T16:35:46.025Z [Modules] Streaming discord_spellcheck@1 to /home/dima/.config/discord/0.0.25/modules/pending/discord_spellcheck-1.zip: 66%
2023-03-11T16:35:46.036Z [Modules] Streaming discord_spellcheck@1 to /home/dima/.config/discord/0.0.25/modules/pending/discord_spellcheck-1.zip: 67%
2023-03-11T16:35:46.041Z [Modules] Streaming discord_spellcheck@1 to /home/dima/.config/discord/0.0.25/modules/pending/discord_spellcheck-1.zip: 68%
2023-03-11T16:35:46.053Z [Modules] Streaming discord_spellcheck@1 to /home/dima/.config/discord/0.0.25/modules/pending/discord_spellcheck-1.zip: 69%
2023-03-11T16:35:46.064Z [Modules] Streaming discord_spellcheck@1 to /home/dima/.config/discord/0.0.25/modules/pending/discord_spellcheck-1.zip: 70%
2023-03-11T16:35:46.070Z [Modules] Streaming discord_spellcheck@1 to /home/dima/.config/discord/0.0.25/modules/pending/discord_spellcheck-1.zip: 71%
2023-03-11T16:35:46.081Z [Modules] Streaming discord_spellcheck@1 to /home/dima/.config/discord/0.0.25/modules/pending/discord_spellcheck-1.zip: 72%
2023-03-11T16:35:46.087Z [Modules] Streaming discord_spellcheck@1 to /home/dima/.config/discord/0.0.25/modules/pending/discord_spellcheck-1.zip: 73%
2023-03-11T16:35:46.098Z [Modules] Streaming discord_spellcheck@1 to /home/dima/.config/discord/0.0.25/modules/pending/discord_spellcheck-1.zip: 74%
2023-03-11T16:35:46.103Z [Modules] Streaming discord_spellcheck@1 to /home/dima/.config/discord/0.0.25/modules/pending/discord_spellcheck-1.zip: 75%
2023-03-11T16:35:46.114Z [Modules] Streaming discord_spellcheck@1 to /home/dima/.config/discord/0.0.25/modules/pending/discord_spellcheck-1.zip: 76%
2023-03-11T16:35:46.120Z [Modules] Streaming discord_spellcheck@1 to /home/dima/.config/discord/0.0.25/modules/pending/discord_spellcheck-1.zip: 77%
2023-03-11T16:35:46.131Z [Modules] Streaming discord_spellcheck@1 to /home/dima/.config/discord/0.0.25/modules/pending/discord_spellcheck-1.zip: 78%
2023-03-11T16:35:46.137Z [Modules] Streaming discord_spellcheck@1 to /home/dima/.config/discord/0.0.25/modules/pending/discord_spellcheck-1.zip: 79%
2023-03-11T16:35:46.148Z [Modules] Streaming discord_spellcheck@1 to /home/dima/.config/discord/0.0.25/modules/pending/discord_spellcheck-1.zip: 80%
2023-03-11T16:35:46.159Z [Modules] Streaming discord_spellcheck@1 to /home/dima/.config/discord/0.0.25/modules/pending/discord_spellcheck-1.zip: 81%
2023-03-11T16:35:46.165Z [Modules] Streaming discord_spellcheck@1 to /home/dima/.config/discord/0.0.25/modules/pending/discord_spellcheck-1.zip: 82%
2023-03-11T16:35:46.176Z [Modules] Streaming discord_spellcheck@1 to /home/dima/.config/discord/0.0.25/modules/pending/discord_spellcheck-1.zip: 83%
2023-03-11T16:35:46.182Z [Modules] Streaming discord_spellcheck@1 to /home/dima/.config/discord/0.0.25/modules/pending/discord_spellcheck-1.zip: 84%
2023-03-11T16:35:46.193Z [Modules] Streaming discord_spellcheck@1 to /home/dima/.config/discord/0.0.25/modules/pending/discord_spellcheck-1.zip: 85%
2023-03-11T16:35:46.199Z [Modules] Streaming discord_spellcheck@1 to /home/dima/.config/discord/0.0.25/modules/pending/discord_spellcheck-1.zip: 86%
2023-03-11T16:35:46.210Z [Modules] Streaming discord_spellcheck@1 to /home/dima/.config/discord/0.0.25/modules/pending/discord_spellcheck-1.zip: 87%
2023-03-11T16:35:46.216Z [Modules] Streaming discord_spellcheck@1 to /home/dima/.config/discord/0.0.25/modules/pending/discord_spellcheck-1.zip: 88%
2023-03-11T16:35:46.226Z [Modules] Streaming discord_spellcheck@1 to /home/dima/.config/discord/0.0.25/modules/pending/discord_spellcheck-1.zip: 89%
2023-03-11T16:35:46.232Z [Modules] Streaming discord_spellcheck@1 to /home/dima/.config/discord/0.0.25/modules/pending/discord_spellcheck-1.zip: 90%
2023-03-11T16:35:46.243Z [Modules] Streaming discord_spellcheck@1 to /home/dima/.config/discord/0.0.25/modules/pending/discord_spellcheck-1.zip: 91%
2023-03-11T16:35:46.255Z [Modules] Streaming discord_spellcheck@1 to /home/dima/.config/discord/0.0.25/modules/pending/discord_spellcheck-1.zip: 92%
2023-03-11T16:35:46.260Z [Modules] Streaming discord_spellcheck@1 to /home/dima/.config/discord/0.0.25/modules/pending/discord_spellcheck-1.zip: 93%
2023-03-11T16:35:46.271Z [Modules] Streaming discord_spellcheck@1 to /home/dima/.config/discord/0.0.25/modules/pending/discord_spellcheck-1.zip: 94%
2023-03-11T16:35:46.276Z [Modules] Streaming discord_spellcheck@1 to /home/dima/.config/discord/0.0.25/modules/pending/discord_spellcheck-1.zip: 95%
2023-03-11T16:35:46.287Z [Modules] Streaming discord_spellcheck@1 to /home/dima/.config/discord/0.0.25/modules/pending/discord_spellcheck-1.zip: 96%
2023-03-11T16:35:46.298Z [Modules] Streaming discord_spellcheck@1 to /home/dima/.config/discord/0.0.25/modules/pending/discord_spellcheck-1.zip: 97%
2023-03-11T16:35:46.304Z [Modules] Streaming discord_spellcheck@1 to /home/dima/.config/discord/0.0.25/modules/pending/discord_spellcheck-1.zip: 98%
2023-03-11T16:35:46.311Z [Modules] Streaming discord_spellcheck@1 to /home/dima/.config/discord/0.0.25/modules/pending/discord_spellcheck-1.zip: 99%
2023-03-11T16:35:46.318Z [Modules] Streaming discord_spellcheck@1 to /home/dima/.config/discord/0.0.25/modules/pending/discord_spellcheck-1.zip: 100%
2023-03-11T16:35:46.321Z [Modules] Fetching discord_utils@1 from https://discord.com/api/modules/stable/discord_utils/1
2023-03-11T16:35:46.321Z [Modules] Streaming discord_utils@1 to /home/dima/.config/discord/0.0.25/modules/pending/discord_utils-1.zip
2023-03-11T16:35:46.509Z [Modules] Streaming discord_utils@1 to /home/dima/.config/discord/0.0.25/modules/pending/discord_utils-1.zip: 2%
2023-03-11T16:35:46.514Z [Modules] Streaming discord_utils@1 to /home/dima/.config/discord/0.0.25/modules/pending/discord_utils-1.zip: 4%
2023-03-11T16:35:46.521Z [Modules] Streaming discord_utils@1 to /home/dima/.config/discord/0.0.25/modules/pending/discord_utils-1.zip: 6%
2023-03-11T16:35:46.527Z [Modules] Streaming discord_utils@1 to /home/dima/.config/discord/0.0.25/modules/pending/discord_utils-1.zip: 9%
2023-03-11T16:35:46.532Z [Modules] Streaming discord_utils@1 to /home/dima/.config/discord/0.0.25/modules/pending/discord_utils-1.zip: 11%
2023-03-11T16:35:46.538Z [Modules] Streaming discord_utils@1 to /home/dima/.config/discord/0.0.25/modules/pending/discord_utils-1.zip: 13%
2023-03-11T16:35:46.543Z [Modules] Streaming discord_utils@1 to /home/dima/.config/discord/0.0.25/modules/pending/discord_utils-1.zip: 15%
2023-03-11T16:35:46.549Z [Modules] Streaming discord_utils@1 to /home/dima/.config/discord/0.0.25/modules/pending/discord_utils-1.zip: 17%
2023-03-11T16:35:46.555Z [Modules] Streaming discord_utils@1 to /home/dima/.config/discord/0.0.25/modules/pending/discord_utils-1.zip: 19%
2023-03-11T16:35:46.560Z [Modules] Streaming discord_utils@1 to /home/dima/.config/discord/0.0.25/modules/pending/discord_utils-1.zip: 22%
2023-03-11T16:35:46.565Z [Modules] Streaming discord_utils@1 to /home/dima/.config/discord/0.0.25/modules/pending/discord_utils-1.zip: 23%
2023-03-11T16:35:46.573Z [Modules] Streaming discord_utils@1 to /home/dima/.config/discord/0.0.25/modules/pending/discord_utils-1.zip: 25%
2023-03-11T16:35:46.578Z [Modules] Streaming discord_utils@1 to /home/dima/.config/discord/0.0.25/modules/pending/discord_utils-1.zip: 28%
2023-03-11T16:35:46.584Z [Modules] Streaming discord_utils@1 to /home/dima/.config/discord/0.0.25/modules/pending/discord_utils-1.zip: 30%
2023-03-11T16:35:46.590Z [Modules] Streaming discord_utils@1 to /home/dima/.config/discord/0.0.25/modules/pending/discord_utils-1.zip: 32%
2023-03-11T16:35:46.595Z [Modules] Streaming discord_utils@1 to /home/dima/.config/discord/0.0.25/modules/pending/discord_utils-1.zip: 34%
2023-03-11T16:35:46.598Z [Modules] Streaming discord_utils@1 to /home/dima/.config/discord/0.0.25/modules/pending/discord_utils-1.zip: 35%
2023-03-11T16:35:46.602Z [Modules] Streaming discord_utils@1 to /home/dima/.config/discord/0.0.25/modules/pending/discord_utils-1.zip: 37%
2023-03-11T16:35:46.608Z [Modules] Streaming discord_utils@1 to /home/dima/.config/discord/0.0.25/modules/pending/discord_utils-1.zip: 39%
2023-03-11T16:35:46.614Z [Modules] Streaming discord_utils@1 to /home/dima/.config/discord/0.0.25/modules/pending/discord_utils-1.zip: 41%
2023-03-11T16:35:46.619Z [Modules] Streaming discord_utils@1 to /home/dima/.config/discord/0.0.25/modules/pending/discord_utils-1.zip: 43%
2023-03-11T16:35:46.625Z [Modules] Streaming discord_utils@1 to /home/dima/.config/discord/0.0.25/modules/pending/discord_utils-1.zip: 46%
2023-03-11T16:35:46.630Z [Modules] Streaming discord_utils@1 to /home/dima/.config/discord/0.0.25/modules/pending/discord_utils-1.zip: 48%
2023-03-11T16:35:46.636Z [Modules] Streaming discord_utils@1 to /home/dima/.config/discord/0.0.25/modules/pending/discord_utils-1.zip: 50%
2023-03-11T16:35:46.641Z [Modules] Streaming discord_utils@1 to /home/dima/.config/discord/0.0.25/modules/pending/discord_utils-1.zip: 52%
2023-03-11T16:35:46.647Z [Modules] Streaming discord_utils@1 to /home/dima/.config/discord/0.0.25/modules/pending/discord_utils-1.zip: 54%
2023-03-11T16:35:46.652Z [Modules] Streaming discord_utils@1 to /home/dima/.config/discord/0.0.25/modules/pending/discord_utils-1.zip: 56%
2023-03-11T16:35:46.658Z [Modules] Streaming discord_utils@1 to /home/dima/.config/discord/0.0.25/modules/pending/discord_utils-1.zip: 59%
2023-03-11T16:35:46.664Z [Modules] Streaming discord_utils@1 to /home/dima/.config/discord/0.0.25/modules/pending/discord_utils-1.zip: 61%
2023-03-11T16:35:46.673Z [Modules] Streaming discord_utils@1 to /home/dima/.config/discord/0.0.25/modules/pending/discord_utils-1.zip: 63%
2023-03-11T16:35:46.678Z [Modules] Streaming discord_utils@1 to /home/dima/.config/discord/0.0.25/modules/pending/discord_utils-1.zip: 66%
2023-03-11T16:35:46.684Z [Modules] Streaming discord_utils@1 to /home/dima/.config/discord/0.0.25/modules/pending/discord_utils-1.zip: 68%
2023-03-11T16:35:46.688Z [Modules] Streaming discord_utils@1 to /home/dima/.config/discord/0.0.25/modules/pending/discord_utils-1.zip: 69%
2023-03-11T16:35:46.694Z [Modules] Streaming discord_utils@1 to /home/dima/.config/discord/0.0.25/modules/pending/discord_utils-1.zip: 72%
2023-03-11T16:35:46.699Z [Modules] Streaming discord_utils@1 to /home/dima/.config/discord/0.0.25/modules/pending/discord_utils-1.zip: 74%
2023-03-11T16:35:46.705Z [Modules] Streaming discord_utils@1 to /home/dima/.config/discord/0.0.25/modules/pending/discord_utils-1.zip: 76%
2023-03-11T16:35:46.710Z [Modules] Streaming discord_utils@1 to /home/dima/.config/discord/0.0.25/modules/pending/discord_utils-1.zip: 78%
2023-03-11T16:35:46.716Z [Modules] Streaming discord_utils@1 to /home/dima/.config/discord/0.0.25/modules/pending/discord_utils-1.zip: 80%
2023-03-11T16:35:46.722Z [Modules] Streaming discord_utils@1 to /home/dima/.config/discord/0.0.25/modules/pending/discord_utils-1.zip: 82%
2023-03-11T16:35:46.727Z [Modules] Streaming discord_utils@1 to /home/dima/.config/discord/0.0.25/modules/pending/discord_utils-1.zip: 85%
2023-03-11T16:35:46.733Z [Modules] Streaming discord_utils@1 to /home/dima/.config/discord/0.0.25/modules/pending/discord_utils-1.zip: 86%
2023-03-11T16:35:46.733Z [Modules] Streaming discord_utils@1 to /home/dima/.config/discord/0.0.25/modules/pending/discord_utils-1.zip: 87%
2023-03-11T16:35:46.738Z [Modules] Streaming discord_utils@1 to /home/dima/.config/discord/0.0.25/modules/pending/discord_utils-1.zip: 89%
2023-03-11T16:35:46.744Z [Modules] Streaming discord_utils@1 to /home/dima/.config/discord/0.0.25/modules/pending/discord_utils-1.zip: 91%
2023-03-11T16:35:46.749Z [Modules] Streaming discord_utils@1 to /home/dima/.config/discord/0.0.25/modules/pending/discord_utils-1.zip: 93%
2023-03-11T16:35:46.755Z [Modules] Streaming discord_utils@1 to /home/dima/.config/discord/0.0.25/modules/pending/discord_utils-1.zip: 95%
2023-03-11T16:35:46.761Z [Modules] Streaming discord_utils@1 to /home/dima/.config/discord/0.0.25/modules/pending/discord_utils-1.zip: 98%
2023-03-11T16:35:46.765Z [Modules] Streaming discord_utils@1 to /home/dima/.config/discord/0.0.25/modules/pending/discord_utils-1.zip: 100%
2023-03-11T16:35:46.771Z [Modules] Fetching discord_voice@1 from https://discord.com/api/modules/stable/discord_voice/1
2023-03-11T16:35:46.772Z [Modules] Streaming discord_voice@1 to /home/dima/.config/discord/0.0.25/modules/pending/discord_voice-1.zip
2023-03-11T16:35:46.987Z [Modules] Streaming discord_voice@1 to /home/dima/.config/discord/0.0.25/modules/pending/discord_voice-1.zip: 1%
2023-03-11T16:35:47.005Z [Modules] Streaming discord_voice@1 to /home/dima/.config/discord/0.0.25/modules/pending/discord_voice-1.zip: 2%
2023-03-11T16:35:47.021Z [Modules] Streaming discord_voice@1 to /home/dima/.config/discord/0.0.25/modules/pending/discord_voice-1.zip: 3%
2023-03-11T16:35:47.038Z [Modules] Streaming discord_voice@1 to /home/dima/.config/discord/0.0.25/modules/pending/discord_voice-1.zip: 4%
2023-03-11T16:35:47.055Z [Modules] Streaming discord_voice@1 to /home/dima/.config/discord/0.0.25/modules/pending/discord_voice-1.zip: 5%
2023-03-11T16:35:47.071Z [Modules] Streaming discord_voice@1 to /home/dima/.config/discord/0.0.25/modules/pending/discord_voice-1.zip: 6%
2023-03-11T16:35:47.086Z [Modules] Streaming discord_voice@1 to /home/dima/.config/discord/0.0.25/modules/pending/discord_voice-1.zip: 7%
2023-03-11T16:35:47.103Z [Modules] Streaming discord_voice@1 to /home/dima/.config/discord/0.0.25/modules/pending/discord_voice-1.zip: 8%
2023-03-11T16:35:47.118Z [Modules] Streaming discord_voice@1 to /home/dima/.config/discord/0.0.25/modules/pending/discord_voice-1.zip: 9%
2023-03-11T16:35:47.135Z [Modules] Streaming discord_voice@1 to /home/dima/.config/discord/0.0.25/modules/pending/discord_voice-1.zip: 10%
2023-03-11T16:35:47.152Z [Modules] Streaming discord_voice@1 to /home/dima/.config/discord/0.0.25/modules/pending/discord_voice-1.zip: 11%
2023-03-11T16:35:47.169Z [Modules] Streaming discord_voice@1 to /home/dima/.config/discord/0.0.25/modules/pending/discord_voice-1.zip: 12%
2023-03-11T16:35:47.185Z [Modules] Streaming discord_voice@1 to /home/dima/.config/discord/0.0.25/modules/pending/discord_voice-1.zip: 13%
2023-03-11T16:35:47.202Z [Modules] Streaming discord_voice@1 to /home/dima/.config/discord/0.0.25/modules/pending/discord_voice-1.zip: 14%
2023-03-11T16:35:47.219Z [Modules] Streaming discord_voice@1 to /home/dima/.config/discord/0.0.25/modules/pending/discord_voice-1.zip: 15%
2023-03-11T16:35:47.236Z [Modules] Streaming discord_voice@1 to /home/dima/.config/discord/0.0.25/modules/pending/discord_voice-1.zip: 16%
2023-03-11T16:35:47.247Z [Modules] Streaming discord_voice@1 to /home/dima/.config/discord/0.0.25/modules/pending/discord_voice-1.zip: 17%
2023-03-11T16:35:47.264Z [Modules] Streaming discord_voice@1 to /home/dima/.config/discord/0.0.25/modules/pending/discord_voice-1.zip: 18%
2023-03-11T16:35:47.281Z [Modules] Streaming discord_voice@1 to /home/dima/.config/discord/0.0.25/modules/pending/discord_voice-1.zip: 19%
2023-03-11T16:35:47.298Z [Modules] Streaming discord_voice@1 to /home/dima/.config/discord/0.0.25/modules/pending/discord_voice-1.zip: 20%
2023-03-11T16:35:47.315Z [Modules] Streaming discord_voice@1 to /home/dima/.config/discord/0.0.25/modules/pending/discord_voice-1.zip: 21%
2023-03-11T16:35:47.332Z [Modules] Streaming discord_voice@1 to /home/dima/.config/discord/0.0.25/modules/pending/discord_voice-1.zip: 22%
2023-03-11T16:35:47.348Z [Modules] Streaming discord_voice@1 to /home/dima/.config/discord/0.0.25/modules/pending/discord_voice-1.zip: 23%
2023-03-11T16:35:47.365Z [Modules] Streaming discord_voice@1 to /home/dima/.config/discord/0.0.25/modules/pending/discord_voice-1.zip: 24%
2023-03-11T16:35:47.384Z [Modules] Streaming discord_voice@1 to /home/dima/.config/discord/0.0.25/modules/pending/discord_voice-1.zip: 25%
2023-03-11T16:35:47.401Z [Modules] Streaming discord_voice@1 to /home/dima/.config/discord/0.0.25/modules/pending/discord_voice-1.zip: 26%
2023-03-11T16:35:47.412Z [Modules] Streaming discord_voice@1 to /home/dima/.config/discord/0.0.25/modules/pending/discord_voice-1.zip: 27%
2023-03-11T16:35:47.429Z [Modules] Streaming discord_voice@1 to /home/dima/.config/discord/0.0.25/modules/pending/discord_voice-1.zip: 28%
2023-03-11T16:35:47.445Z [Modules] Streaming discord_voice@1 to /home/dima/.config/discord/0.0.25/modules/pending/discord_voice-1.zip: 29%
2023-03-11T16:35:47.462Z [Modules] Streaming discord_voice@1 to /home/dima/.config/discord/0.0.25/modules/pending/discord_voice-1.zip: 30%
2023-03-11T16:35:47.479Z [Modules] Streaming discord_voice@1 to /home/dima/.config/discord/0.0.25/modules/pending/discord_voice-1.zip: 31%
2023-03-11T16:35:47.496Z [Modules] Streaming discord_voice@1 to /home/dima/.config/discord/0.0.25/modules/pending/discord_voice-1.zip: 32%
2023-03-11T16:35:47.513Z [Modules] Streaming discord_voice@1 to /home/dima/.config/discord/0.0.25/modules/pending/discord_voice-1.zip: 33%
2023-03-11T16:35:47.530Z [Modules] Streaming discord_voice@1 to /home/dima/.config/discord/0.0.25/modules/pending/discord_voice-1.zip: 34%
2023-03-11T16:35:47.547Z [Modules] Streaming discord_voice@1 to /home/dima/.config/discord/0.0.25/modules/pending/discord_voice-1.zip: 35%
2023-03-11T16:35:47.558Z [Modules] Streaming discord_voice@1 to /home/dima/.config/discord/0.0.25/modules/pending/discord_voice-1.zip: 36%
2023-03-11T16:35:47.575Z [Modules] Streaming discord_voice@1 to /home/dima/.config/discord/0.0.25/modules/pending/discord_voice-1.zip: 37%
2023-03-11T16:35:47.591Z [Modules] Streaming discord_voice@1 to /home/dima/.config/discord/0.0.25/modules/pending/discord_voice-1.zip: 38%
2023-03-11T16:35:47.608Z [Modules] Streaming discord_voice@1 to /home/dima/.config/discord/0.0.25/modules/pending/discord_voice-1.zip: 39%
2023-03-11T16:35:47.625Z [Modules] Streaming discord_voice@1 to /home/dima/.config/discord/0.0.25/modules/pending/discord_voice-1.zip: 40%
2023-03-11T16:35:47.641Z [Modules] Streaming discord_voice@1 to /home/dima/.config/discord/0.0.25/modules/pending/discord_voice-1.zip: 41%
2023-03-11T16:35:47.658Z [Modules] Streaming discord_voice@1 to /home/dima/.config/discord/0.0.25/modules/pending/discord_voice-1.zip: 42%
2023-03-11T16:35:47.675Z [Modules] Streaming discord_voice@1 to /home/dima/.config/discord/0.0.25/modules/pending/discord_voice-1.zip: 43%
2023-03-11T16:35:47.691Z [Modules] Streaming discord_voice@1 to /home/dima/.config/discord/0.0.25/modules/pending/discord_voice-1.zip: 44%
2023-03-11T16:35:47.704Z [Modules] Streaming discord_voice@1 to /home/dima/.config/discord/0.0.25/modules/pending/discord_voice-1.zip: 45%
2023-03-11T16:35:47.721Z [Modules] Streaming discord_voice@1 to /home/dima/.config/discord/0.0.25/modules/pending/discord_voice-1.zip: 46%
2023-03-11T16:35:47.737Z [Modules] Streaming discord_voice@1 to /home/dima/.config/discord/0.0.25/modules/pending/discord_voice-1.zip: 47%
2023-03-11T16:35:47.754Z [Modules] Streaming discord_voice@1 to /home/dima/.config/discord/0.0.25/modules/pending/discord_voice-1.zip: 48%
2023-03-11T16:35:47.771Z [Modules] Streaming discord_voice@1 to /home/dima/.config/discord/0.0.25/modules/pending/discord_voice-1.zip: 49%
2023-03-11T16:35:47.788Z [Modules] Streaming discord_voice@1 to /home/dima/.config/discord/0.0.25/modules/pending/discord_voice-1.zip: 50%
2023-03-11T16:35:47.805Z [Modules] Streaming discord_voice@1 to /home/dima/.config/discord/0.0.25/modules/pending/discord_voice-1.zip: 51%
2023-03-11T16:35:47.822Z [Modules] Streaming discord_voice@1 to /home/dima/.config/discord/0.0.25/modules/pending/discord_voice-1.zip: 52%
2023-03-11T16:35:47.838Z [Modules] Streaming discord_voice@1 to /home/dima/.config/discord/0.0.25/modules/pending/discord_voice-1.zip: 53%
2023-03-11T16:35:47.855Z [Modules] Streaming discord_voice@1 to /home/dima/.config/discord/0.0.25/modules/pending/discord_voice-1.zip: 54%
2023-03-11T16:35:47.867Z [Modules] Streaming discord_voice@1 to /home/dima/.config/discord/0.0.25/modules/pending/discord_voice-1.zip: 55%
2023-03-11T16:35:47.885Z [Modules] Streaming discord_voice@1 to /home/dima/.config/discord/0.0.25/modules/pending/discord_voice-1.zip: 56%
2023-03-11T16:35:47.902Z [Modules] Streaming discord_voice@1 to /home/dima/.config/discord/0.0.25/modules/pending/discord_voice-1.zip: 57%
2023-03-11T16:35:47.918Z [Modules] Streaming discord_voice@1 to /home/dima/.config/discord/0.0.25/modules/pending/discord_voice-1.zip: 58%
2023-03-11T16:35:47.935Z [Modules] Streaming discord_voice@1 to /home/dima/.config/discord/0.0.25/modules/pending/discord_voice-1.zip: 59%
2023-03-11T16:35:47.952Z [Modules] Streaming discord_voice@1 to /home/dima/.config/discord/0.0.25/modules/pending/discord_voice-1.zip: 60%
2023-03-11T16:35:47.969Z [Modules] Streaming discord_voice@1 to /home/dima/.config/discord/0.0.25/modules/pending/discord_voice-1.zip: 61%
2023-03-11T16:35:47.985Z [Modules] Streaming discord_voice@1 to /home/dima/.config/discord/0.0.25/modules/pending/discord_voice-1.zip: 62%
2023-03-11T16:35:48.001Z [Modules] Streaming discord_voice@1 to /home/dima/.config/discord/0.0.25/modules/pending/discord_voice-1.zip: 63%
2023-03-11T16:35:48.014Z [Modules] Streaming discord_voice@1 to /home/dima/.config/discord/0.0.25/modules/pending/discord_voice-1.zip: 64%
2023-03-11T16:35:48.031Z [Modules] Streaming discord_voice@1 to /home/dima/.config/discord/0.0.25/modules/pending/discord_voice-1.zip: 65%
2023-03-11T16:35:48.047Z [Modules] Streaming discord_voice@1 to /home/dima/.config/discord/0.0.25/modules/pending/discord_voice-1.zip: 66%
2023-03-11T16:35:48.064Z [Modules] Streaming discord_voice@1 to /home/dima/.config/discord/0.0.25/modules/pending/discord_voice-1.zip: 67%
2023-03-11T16:35:48.084Z [Modules] Streaming discord_voice@1 to /home/dima/.config/discord/0.0.25/modules/pending/discord_voice-1.zip: 68%
2023-03-11T16:35:48.100Z [Modules] Streaming discord_voice@1 to /home/dima/.config/discord/0.0.25/modules/pending/discord_voice-1.zip: 69%
2023-03-11T16:35:48.117Z [Modules] Streaming discord_voice@1 to /home/dima/.config/discord/0.0.25/modules/pending/discord_voice-1.zip: 70%
2023-03-11T16:35:48.133Z [Modules] Streaming discord_voice@1 to /home/dima/.config/discord/0.0.25/modules/pending/discord_voice-1.zip: 71%
2023-03-11T16:35:48.150Z [Modules] Streaming discord_voice@1 to /home/dima/.config/discord/0.0.25/modules/pending/discord_voice-1.zip: 72%
2023-03-11T16:35:48.161Z [Modules] Streaming discord_voice@1 to /home/dima/.config/discord/0.0.25/modules/pending/discord_voice-1.zip: 73%
2023-03-11T16:35:48.178Z [Modules] Streaming discord_voice@1 to /home/dima/.config/discord/0.0.25/modules/pending/discord_voice-1.zip: 74%
2023-03-11T16:35:48.195Z [Modules] Streaming discord_voice@1 to /home/dima/.config/discord/0.0.25/modules/pending/discord_voice-1.zip: 75%
2023-03-11T16:35:48.212Z [Modules] Streaming discord_voice@1 to /home/dima/.config/discord/0.0.25/modules/pending/discord_voice-1.zip: 76%
2023-03-11T16:35:48.228Z [Modules] Streaming discord_voice@1 to /home/dima/.config/discord/0.0.25/modules/pending/discord_voice-1.zip: 77%
2023-03-11T16:35:48.245Z [Modules] Streaming discord_voice@1 to /home/dima/.config/discord/0.0.25/modules/pending/discord_voice-1.zip: 78%
2023-03-11T16:35:48.262Z [Modules] Streaming discord_voice@1 to /home/dima/.config/discord/0.0.25/modules/pending/discord_voice-1.zip: 79%
2023-03-11T16:35:48.279Z [Modules] Streaming discord_voice@1 to /home/dima/.config/discord/0.0.25/modules/pending/discord_voice-1.zip: 80%
2023-03-11T16:35:48.296Z [Modules] Streaming discord_voice@1 to /home/dima/.config/discord/0.0.25/modules/pending/discord_voice-1.zip: 81%
2023-03-11T16:35:48.312Z [Modules] Streaming discord_voice@1 to /home/dima/.config/discord/0.0.25/modules/pending/discord_voice-1.zip: 82%
2023-03-11T16:35:48.324Z [Modules] Streaming discord_voice@1 to /home/dima/.config/discord/0.0.25/modules/pending/discord_voice-1.zip: 83%
2023-03-11T16:35:48.340Z [Modules] Streaming discord_voice@1 to /home/dima/.config/discord/0.0.25/modules/pending/discord_voice-1.zip: 84%
2023-03-11T16:35:48.357Z [Modules] Streaming discord_voice@1 to /home/dima/.config/discord/0.0.25/modules/pending/discord_voice-1.zip: 85%
2023-03-11T16:35:48.374Z [Modules] Streaming discord_voice@1 to /home/dima/.config/discord/0.0.25/modules/pending/discord_voice-1.zip: 86%
2023-03-11T16:35:48.391Z [Modules] Streaming discord_voice@1 to /home/dima/.config/discord/0.0.25/modules/pending/discord_voice-1.zip: 87%
2023-03-11T16:35:48.407Z [Modules] Streaming discord_voice@1 to /home/dima/.config/discord/0.0.25/modules/pending/discord_voice-1.zip: 88%
2023-03-11T16:35:48.424Z [Modules] Streaming discord_voice@1 to /home/dima/.config/discord/0.0.25/modules/pending/discord_voice-1.zip: 89%
2023-03-11T16:35:48.441Z [Modules] Streaming discord_voice@1 to /home/dima/.config/discord/0.0.25/modules/pending/discord_voice-1.zip: 90%
2023-03-11T16:35:48.458Z [Modules] Streaming discord_voice@1 to /home/dima/.config/discord/0.0.25/modules/pending/discord_voice-1.zip: 91%
2023-03-11T16:35:48.473Z [Modules] Streaming discord_voice@1 to /home/dima/.config/discord/0.0.25/modules/pending/discord_voice-1.zip: 92%
2023-03-11T16:35:48.490Z [Modules] Streaming discord_voice@1 to /home/dima/.config/discord/0.0.25/modules/pending/discord_voice-1.zip: 93%
2023-03-11T16:35:48.504Z [Modules] Streaming discord_voice@1 to /home/dima/.config/discord/0.0.25/modules/pending/discord_voice-1.zip: 94%
2023-03-11T16:35:48.521Z [Modules] Streaming discord_voice@1 to /home/dima/.config/discord/0.0.25/modules/pending/discord_voice-1.zip: 95%
2023-03-11T16:35:48.537Z [Modules] Streaming discord_voice@1 to /home/dima/.config/discord/0.0.25/modules/pending/discord_voice-1.zip: 96%
2023-03-11T16:35:48.554Z [Modules] Streaming discord_voice@1 to /home/dima/.config/discord/0.0.25/modules/pending/discord_voice-1.zip: 97%
2023-03-11T16:35:48.571Z [Modules] Streaming discord_voice@1 to /home/dima/.config/discord/0.0.25/modules/pending/discord_voice-1.zip: 98%
2023-03-11T16:35:48.588Z [Modules] Streaming discord_voice@1 to /home/dima/.config/discord/0.0.25/modules/pending/discord_voice-1.zip: 99%
2023-03-11T16:35:48.599Z [Modules] Streaming discord_voice@1 to /home/dima/.config/discord/0.0.25/modules/pending/discord_voice-1.zip: 100%
2023-03-11T16:35:48.602Z [Modules] Finished module downloads. [success: 5] [failure: 0]
2023-03-11T16:35:48.603Z [Modules] Installing updates...
2023-03-11T16:35:48.603Z [Modules] Installing discord_desktop_core@1 from /home/dima/.config/discord/0.0.25/modules/pending/discord_desktop_core-1.zip
2023-03-11T16:35:48.663Z [Modules] Installing discord_erlpack@1 from /home/dima/.config/discord/0.0.25/modules/pending/discord_erlpack-1.zip
2023-03-11T16:35:48.711Z [Modules] Installing discord_spellcheck@1 from /home/dima/.config/discord/0.0.25/modules/pending/discord_spellcheck-1.zip
2023-03-11T16:35:49.016Z [Modules] Installing discord_utils@1 from /home/dima/.config/discord/0.0.25/modules/pending/discord_utils-1.zip
2023-03-11T16:35:49.265Z [Modules] Installing discord_voice@1 from /home/dima/.config/discord/0.0.25/modules/pending/discord_voice-1.zip
2023-03-11T16:35:49.711Z [Modules] Finished module installations. [success: 5] [failure: 0]
2023-03-11T16:35:49.711Z [Modules] Checking for host updates.
2023-03-11T16:35:49.886Z [Modules] Host is up to date.
2023-03-11T16:35:49.886Z [Modules] Checking for module updates at https://discord.com/api/modules/stable/versions.json
2023-03-11T16:35:49.888Z [Modules] No module updates available.
2023-03-11T16:35:51.318Z [Modules] Starting to install discord_krisp...
2023-03-11T16:35:51.318Z [Modules] Fetching discord_krisp@1 from https://discord.com/api/modules/stable/discord_krisp/1
2023-03-11T16:35:51.318Z [Modules] Streaming discord_krisp@1 to /home/dima/.config/discord/0.0.25/modules/pending/discord_krisp-1.zip
2023-03-11T16:35:51.366Z [Modules] Starting to install discord_game_utils...
2023-03-11T16:35:51.584Z [Modules] Streaming discord_krisp@1 to /home/dima/.config/discord/0.0.25/modules/pending/discord_krisp-1.zip: 1%
2023-03-11T16:35:51.600Z [Modules] Streaming discord_krisp@1 to /home/dima/.config/discord/0.0.25/modules/pending/discord_krisp-1.zip: 2%
2023-03-11T16:35:51.625Z [Modules] Streaming discord_krisp@1 to /home/dima/.config/discord/0.0.25/modules/pending/discord_krisp-1.zip: 3%
2023-03-11T16:35:51.641Z [Modules] Streaming discord_krisp@1 to /home/dima/.config/discord/0.0.25/modules/pending/discord_krisp-1.zip: 4%
2023-03-11T16:35:51.665Z [Modules] Streaming discord_krisp@1 to /home/dima/.config/discord/0.0.25/modules/pending/discord_krisp-1.zip: 5%
2023-03-11T16:35:51.687Z [Modules] Streaming discord_krisp@1 to /home/dima/.config/discord/0.0.25/modules/pending/discord_krisp-1.zip: 6%
2023-03-11T16:35:51.707Z [Modules] Streaming discord_krisp@1 to /home/dima/.config/discord/0.0.25/modules/pending/discord_krisp-1.zip: 7%
2023-03-11T16:35:51.729Z [Modules] Streaming discord_krisp@1 to /home/dima/.config/discord/0.0.25/modules/pending/discord_krisp-1.zip: 8%
2023-03-11T16:35:51.749Z [Modules] Streaming discord_krisp@1 to /home/dima/.config/discord/0.0.25/modules/pending/discord_krisp-1.zip: 9%
2023-03-11T16:35:51.772Z [Modules] Streaming discord_krisp@1 to /home/dima/.config/discord/0.0.25/modules/pending/discord_krisp-1.zip: 10%
2023-03-11T16:35:51.793Z [Modules] Streaming discord_krisp@1 to /home/dima/.config/discord/0.0.25/modules/pending/discord_krisp-1.zip: 11%
2023-03-11T16:35:51.822Z [Modules] Streaming discord_krisp@1 to /home/dima/.config/discord/0.0.25/modules/pending/discord_krisp-1.zip: 12%
2023-03-11T16:35:51.838Z [Modules] Streaming discord_krisp@1 to /home/dima/.config/discord/0.0.25/modules/pending/discord_krisp-1.zip: 13%
2023-03-11T16:35:51.858Z [Modules] Streaming discord_krisp@1 to /home/dima/.config/discord/0.0.25/modules/pending/discord_krisp-1.zip: 14%
2023-03-11T16:35:51.886Z [Modules] Streaming discord_krisp@1 to /home/dima/.config/discord/0.0.25/modules/pending/discord_krisp-1.zip: 15%
2023-03-11T16:35:51.908Z [Modules] Streaming discord_krisp@1 to /home/dima/.config/discord/0.0.25/modules/pending/discord_krisp-1.zip: 16%
2023-03-11T16:35:51.927Z [Modules] Streaming discord_krisp@1 to /home/dima/.config/discord/0.0.25/modules/pending/discord_krisp-1.zip: 17%
2023-03-11T16:35:51.943Z [Modules] Streaming discord_krisp@1 to /home/dima/.config/discord/0.0.25/modules/pending/discord_krisp-1.zip: 18%
2023-03-11T16:35:51.966Z [Modules] Streaming discord_krisp@1 to /home/dima/.config/discord/0.0.25/modules/pending/discord_krisp-1.zip: 19%
2023-03-11T16:35:52.000Z [Modules] Streaming discord_krisp@1 to /home/dima/.config/discord/0.0.25/modules/pending/discord_krisp-1.zip: 20%
2023-03-11T16:35:52.016Z [Modules] Streaming discord_krisp@1 to /home/dima/.config/discord/0.0.25/modules/pending/discord_krisp-1.zip: 21%
2023-03-11T16:35:52.038Z [Modules] Streaming discord_krisp@1 to /home/dima/.config/discord/0.0.25/modules/pending/discord_krisp-1.zip: 22%
2023-03-11T16:35:52.055Z [Modules] Streaming discord_krisp@1 to /home/dima/.config/discord/0.0.25/modules/pending/discord_krisp-1.zip: 23%
2023-03-11T16:35:52.079Z [Modules] Streaming discord_krisp@1 to /home/dima/.config/discord/0.0.25/modules/pending/discord_krisp-1.zip: 24%
2023-03-11T16:35:52.096Z [Modules] Streaming discord_krisp@1 to /home/dima/.config/discord/0.0.25/modules/pending/discord_krisp-1.zip: 25%
2023-03-11T16:35:52.119Z [Modules] Streaming discord_krisp@1 to /home/dima/.config/discord/0.0.25/modules/pending/discord_krisp-1.zip: 26%
2023-03-11T16:35:52.131Z [Modules] Checking for host updates.
2023-03-11T16:35:52.136Z [Modules] Streaming discord_krisp@1 to /home/dima/.config/discord/0.0.25/modules/pending/discord_krisp-1.zip: 27%
2023-03-11T16:35:52.158Z [Modules] Streaming discord_krisp@1 to /home/dima/.config/discord/0.0.25/modules/pending/discord_krisp-1.zip: 28%
2023-03-11T16:35:52.179Z [Modules] Streaming discord_krisp@1 to /home/dima/.config/discord/0.0.25/modules/pending/discord_krisp-1.zip: 29%
2023-03-11T16:35:52.196Z [Modules] Streaming discord_krisp@1 to /home/dima/.config/discord/0.0.25/modules/pending/discord_krisp-1.zip: 30%
2023-03-11T16:35:52.217Z [Modules] Streaming discord_krisp@1 to /home/dima/.config/discord/0.0.25/modules/pending/discord_krisp-1.zip: 31%
2023-03-11T16:35:52.233Z [Modules] Streaming discord_krisp@1 to /home/dima/.config/discord/0.0.25/modules/pending/discord_krisp-1.zip: 32%
2023-03-11T16:35:52.238Z [Modules] Starting to install discord_rpc...
2023-03-11T16:35:52.256Z [Modules] Streaming discord_krisp@1 to /home/dima/.config/discord/0.0.25/modules/pending/discord_krisp-1.zip: 33%
2023-03-11T16:35:52.273Z [Modules] Streaming discord_krisp@1 to /home/dima/.config/discord/0.0.25/modules/pending/discord_krisp-1.zip: 34%
2023-03-11T16:35:52.297Z [Modules] Streaming discord_krisp@1 to /home/dima/.config/discord/0.0.25/modules/pending/discord_krisp-1.zip: 35%
2023-03-11T16:35:52.301Z [Modules] Host is up to date.
2023-03-11T16:35:52.301Z [Modules] Checking for module updates at https://discord.com/api/modules/stable/versions.json
2023-03-11T16:35:52.302Z [Modules] No module updates available.
2023-03-11T16:35:52.317Z [Modules] Streaming discord_krisp@1 to /home/dima/.config/discord/0.0.25/modules/pending/discord_krisp-1.zip: 36%
2023-03-11T16:35:52.354Z [Modules] Streaming discord_krisp@1 to /home/dima/.config/discord/0.0.25/modules/pending/discord_krisp-1.zip: 37%
2023-03-11T16:35:52.358Z [Modules] Streaming discord_krisp@1 to /home/dima/.config/discord/0.0.25/modules/pending/discord_krisp-1.zip: 38%
2023-03-11T16:35:52.381Z [Modules] Streaming discord_krisp@1 to /home/dima/.config/discord/0.0.25/modules/pending/discord_krisp-1.zip: 39%
2023-03-11T16:35:52.399Z [Modules] Streaming discord_krisp@1 to /home/dima/.config/discord/0.0.25/modules/pending/discord_krisp-1.zip: 40%
2023-03-11T16:35:52.416Z [Modules] Streaming discord_krisp@1 to /home/dima/.config/discord/0.0.25/modules/pending/discord_krisp-1.zip: 41%
2023-03-11T16:35:52.438Z [Modules] Streaming discord_krisp@1 to /home/dima/.config/discord/0.0.25/modules/pending/discord_krisp-1.zip: 42%
2023-03-11T16:35:52.455Z [Modules] Streaming discord_krisp@1 to /home/dima/.config/discord/0.0.25/modules/pending/discord_krisp-1.zip: 43%
2023-03-11T16:35:52.475Z [Modules] Streaming discord_krisp@1 to /home/dima/.config/discord/0.0.25/modules/pending/discord_krisp-1.zip: 44%
2023-03-11T16:35:52.501Z [Modules] Streaming discord_krisp@1 to /home/dima/.config/discord/0.0.25/modules/pending/discord_krisp-1.zip: 45%
2023-03-11T16:35:52.518Z [Modules] Streaming discord_krisp@1 to /home/dima/.config/discord/0.0.25/modules/pending/discord_krisp-1.zip: 46%
2023-03-11T16:35:52.537Z [Modules] Streaming discord_krisp@1 to /home/dima/.config/discord/0.0.25/modules/pending/discord_krisp-1.zip: 47%
2023-03-11T16:35:52.554Z [Modules] Streaming discord_krisp@1 to /home/dima/.config/discord/0.0.25/modules/pending/discord_krisp-1.zip: 48%
2023-03-11T16:35:52.580Z [Modules] Streaming discord_krisp@1 to /home/dima/.config/discord/0.0.25/modules/pending/discord_krisp-1.zip: 49%
2023-03-11T16:35:52.596Z [Modules] Streaming discord_krisp@1 to /home/dima/.config/discord/0.0.25/modules/pending/discord_krisp-1.zip: 50%
2023-03-11T16:35:52.619Z [Modules] Streaming discord_krisp@1 to /home/dima/.config/discord/0.0.25/modules/pending/discord_krisp-1.zip: 51%
2023-03-11T16:35:52.635Z [Modules] Streaming discord_krisp@1 to /home/dima/.config/discord/0.0.25/modules/pending/discord_krisp-1.zip: 52%
2023-03-11T16:35:52.658Z [Modules] Streaming discord_krisp@1 to /home/dima/.config/discord/0.0.25/modules/pending/discord_krisp-1.zip: 53%
2023-03-11T16:35:52.678Z [Modules] Streaming discord_krisp@1 to /home/dima/.config/discord/0.0.25/modules/pending/discord_krisp-1.zip: 54%
2023-03-11T16:35:52.695Z [Modules] Streaming discord_krisp@1 to /home/dima/.config/discord/0.0.25/modules/pending/discord_krisp-1.zip: 55%
2023-03-11T16:35:52.716Z [Modules] Streaming discord_krisp@1 to /home/dima/.config/discord/0.0.25/modules/pending/discord_krisp-1.zip: 56%
2023-03-11T16:35:52.733Z [Modules] Streaming discord_krisp@1 to /home/dima/.config/discord/0.0.25/modules/pending/discord_krisp-1.zip: 57%
2023-03-11T16:35:52.755Z [Modules] Streaming discord_krisp@1 to /home/dima/.config/discord/0.0.25/modules/pending/discord_krisp-1.zip: 58%
2023-03-11T16:35:52.772Z [Modules] Streaming discord_krisp@1 to /home/dima/.config/discord/0.0.25/modules/pending/discord_krisp-1.zip: 59%
2023-03-11T16:35:52.797Z [Modules] Streaming discord_krisp@1 to /home/dima/.config/discord/0.0.25/modules/pending/discord_krisp-1.zip: 60%
2023-03-11T16:35:52.814Z [Modules] Streaming discord_krisp@1 to /home/dima/.config/discord/0.0.25/modules/pending/discord_krisp-1.zip: 61%
2023-03-11T16:35:52.830Z [Modules] Streaming discord_krisp@1 to /home/dima/.config/discord/0.0.25/modules/pending/discord_krisp-1.zip: 62%
2023-03-11T16:35:52.853Z [Modules] Streaming discord_krisp@1 to /home/dima/.config/discord/0.0.25/modules/pending/discord_krisp-1.zip: 63%
2023-03-11T16:35:52.870Z [Modules] Streaming discord_krisp@1 to /home/dima/.config/discord/0.0.25/modules/pending/discord_krisp-1.zip: 64%
2023-03-11T16:35:52.892Z [Modules] Streaming discord_krisp@1 to /home/dima/.config/discord/0.0.25/modules/pending/discord_krisp-1.zip: 65%
2023-03-11T16:35:52.912Z [Modules] Streaming discord_krisp@1 to /home/dima/.config/discord/0.0.25/modules/pending/discord_krisp-1.zip: 66%
2023-03-11T16:35:52.934Z [Modules] Streaming discord_krisp@1 to /home/dima/.config/discord/0.0.25/modules/pending/discord_krisp-1.zip: 67%
2023-03-11T16:35:52.951Z [Modules] Streaming discord_krisp@1 to /home/dima/.config/discord/0.0.25/modules/pending/discord_krisp-1.zip: 68%
2023-03-11T16:35:52.973Z [Modules] Streaming discord_krisp@1 to /home/dima/.config/discord/0.0.25/modules/pending/discord_krisp-1.zip: 69%
2023-03-11T16:35:52.991Z [Modules] Streaming discord_krisp@1 to /home/dima/.config/discord/0.0.25/modules/pending/discord_krisp-1.zip: 70%
2023-03-11T16:35:53.008Z [Modules] Streaming discord_krisp@1 to /home/dima/.config/discord/0.0.25/modules/pending/discord_krisp-1.zip: 71%
2023-03-11T16:35:53.030Z [Modules] Streaming discord_krisp@1 to /home/dima/.config/discord/0.0.25/modules/pending/discord_krisp-1.zip: 72%
2023-03-11T16:35:53.046Z [Modules] Streaming discord_krisp@1 to /home/dima/.config/discord/0.0.25/modules/pending/discord_krisp-1.zip: 73%
2023-03-11T16:35:53.069Z [Modules] Streaming discord_krisp@1 to /home/dima/.config/discord/0.0.25/modules/pending/discord_krisp-1.zip: 74%
2023-03-11T16:35:53.090Z [Modules] Streaming discord_krisp@1 to /home/dima/.config/discord/0.0.25/modules/pending/discord_krisp-1.zip: 75%
2023-03-11T16:35:53.108Z [Modules] Streaming discord_krisp@1 to /home/dima/.config/discord/0.0.25/modules/pending/discord_krisp-1.zip: 76%
2023-03-11T16:35:53.125Z [Modules] Streaming discord_krisp@1 to /home/dima/.config/discord/0.0.25/modules/pending/discord_krisp-1.zip: 77%
2023-03-11T16:35:53.142Z [Modules] Streaming discord_krisp@1 to /home/dima/.config/discord/0.0.25/modules/pending/discord_krisp-1.zip: 78%
2023-03-11T16:35:53.172Z [Modules] Streaming discord_krisp@1 to /home/dima/.config/discord/0.0.25/modules/pending/discord_krisp-1.zip: 79%
2023-03-11T16:35:53.188Z [Modules] Streaming discord_krisp@1 to /home/dima/.config/discord/0.0.25/modules/pending/discord_krisp-1.zip: 80%
2023-03-11T16:35:53.211Z [Modules] Streaming discord_krisp@1 to /home/dima/.config/discord/0.0.25/modules/pending/discord_krisp-1.zip: 81%
2023-03-11T16:35:53.228Z [Modules] Streaming discord_krisp@1 to /home/dima/.config/discord/0.0.25/modules/pending/discord_krisp-1.zip: 82%
2023-03-11T16:35:53.250Z [Modules] Streaming discord_krisp@1 to /home/dima/.config/discord/0.0.25/modules/pending/discord_krisp-1.zip: 83%
2023-03-11T16:35:53.266Z [Modules] Streaming discord_krisp@1 to /home/dima/.config/discord/0.0.25/modules/pending/discord_krisp-1.zip: 84%
2023-03-11T16:35:53.290Z [Modules] Streaming discord_krisp@1 to /home/dima/.config/discord/0.0.25/modules/pending/discord_krisp-1.zip: 85%
2023-03-11T16:35:53.307Z [Modules] Streaming discord_krisp@1 to /home/dima/.config/discord/0.0.25/modules/pending/discord_krisp-1.zip: 86%
2023-03-11T16:35:53.324Z [Modules] Streaming discord_krisp@1 to /home/dima/.config/discord/0.0.25/modules/pending/discord_krisp-1.zip: 87%
2023-03-11T16:35:53.346Z [Modules] Streaming discord_krisp@1 to /home/dima/.config/discord/0.0.25/modules/pending/discord_krisp-1.zip: 88%
2023-03-11T16:35:53.363Z [Modules] Streaming discord_krisp@1 to /home/dima/.config/discord/0.0.25/modules/pending/discord_krisp-1.zip: 89%
2023-03-11T16:35:53.384Z [Modules] Streaming discord_krisp@1 to /home/dima/.config/discord/0.0.25/modules/pending/discord_krisp-1.zip: 90%
2023-03-11T16:35:53.403Z [Modules] Streaming discord_krisp@1 to /home/dima/.config/discord/0.0.25/modules/pending/discord_krisp-1.zip: 91%
2023-03-11T16:35:53.420Z [Modules] Streaming discord_krisp@1 to /home/dima/.config/discord/0.0.25/modules/pending/discord_krisp-1.zip: 92%
2023-03-11T16:35:53.442Z [Modules] Streaming discord_krisp@1 to /home/dima/.config/discord/0.0.25/modules/pending/discord_krisp-1.zip: 93%
2023-03-11T16:35:53.464Z [Modules] Streaming discord_krisp@1 to /home/dima/.config/discord/0.0.25/modules/pending/discord_krisp-1.zip: 94%
2023-03-11T16:35:53.480Z [Modules] Streaming discord_krisp@1 to /home/dima/.config/discord/0.0.25/modules/pending/discord_krisp-1.zip: 95%
2023-03-11T16:35:53.497Z [Modules] Streaming discord_krisp@1 to /home/dima/.config/discord/0.0.25/modules/pending/discord_krisp-1.zip: 96%
2023-03-11T16:35:53.520Z [Modules] Streaming discord_krisp@1 to /home/dima/.config/discord/0.0.25/modules/pending/discord_krisp-1.zip: 97%
2023-03-11T16:35:53.536Z [Modules] Streaming discord_krisp@1 to /home/dima/.config/discord/0.0.25/modules/pending/discord_krisp-1.zip: 98%
2023-03-11T16:35:53.559Z [Modules] Streaming discord_krisp@1 to /home/dima/.config/discord/0.0.25/modules/pending/discord_krisp-1.zip: 99%
2023-03-11T16:35:53.573Z [Modules] Streaming discord_krisp@1 to /home/dima/.config/discord/0.0.25/modules/pending/discord_krisp-1.zip: 100%
2023-03-11T16:35:53.575Z [Modules] Fetching discord_game_utils@1 from https://discord.com/api/modules/stable/discord_game_utils/1
2023-03-11T16:35:53.575Z [Modules] Streaming discord_game_utils@1 to /home/dima/.config/discord/0.0.25/modules/pending/discord_game_utils-1.zip
2023-03-11T16:35:53.576Z [Modules] Installing discord_krisp@1 from /home/dima/.config/discord/0.0.25/modules/pending/discord_krisp-1.zip
2023-03-11T16:35:53.773Z [Modules] Streaming discord_game_utils@1 to /home/dima/.config/discord/0.0.25/modules/pending/discord_game_utils-1.zip: 1%
2023-03-11T16:35:53.781Z [Modules] Streaming discord_game_utils@1 to /home/dima/.config/discord/0.0.25/modules/pending/discord_game_utils-1.zip: 3%
2023-03-11T16:35:53.786Z [Modules] Streaming discord_game_utils@1 to /home/dima/.config/discord/0.0.25/modules/pending/discord_game_utils-1.zip: 6%
2023-03-11T16:35:53.792Z [Modules] Streaming discord_game_utils@1 to /home/dima/.config/discord/0.0.25/modules/pending/discord_game_utils-1.zip: 9%
2023-03-11T16:35:53.798Z [Modules] Streaming discord_game_utils@1 to /home/dima/.config/discord/0.0.25/modules/pending/discord_game_utils-1.zip: 11%
2023-03-11T16:35:53.799Z [Modules] Streaming discord_game_utils@1 to /home/dima/.config/discord/0.0.25/modules/pending/discord_game_utils-1.zip: 12%
2023-03-11T16:35:53.804Z [Modules] Streaming discord_game_utils@1 to /home/dima/.config/discord/0.0.25/modules/pending/discord_game_utils-1.zip: 15%
2023-03-11T16:35:53.810Z [Modules] Streaming discord_game_utils@1 to /home/dima/.config/discord/0.0.25/modules/pending/discord_game_utils-1.zip: 17%
2023-03-11T16:35:53.815Z [Modules] Streaming discord_game_utils@1 to /home/dima/.config/discord/0.0.25/modules/pending/discord_game_utils-1.zip: 20%
2023-03-11T16:35:53.819Z [Modules] Streaming discord_game_utils@1 to /home/dima/.config/discord/0.0.25/modules/pending/discord_game_utils-1.zip: 21%
2023-03-11T16:35:53.824Z [Modules] Streaming discord_game_utils@1 to /home/dima/.config/discord/0.0.25/modules/pending/discord_game_utils-1.zip: 24%
2023-03-11T16:35:53.829Z [Modules] Streaming discord_game_utils@1 to /home/dima/.config/discord/0.0.25/modules/pending/discord_game_utils-1.zip: 27%
2023-03-11T16:35:53.835Z [Modules] Streaming discord_game_utils@1 to /home/dima/.config/discord/0.0.25/modules/pending/discord_game_utils-1.zip: 29%
2023-03-11T16:35:53.841Z [Modules] Streaming discord_game_utils@1 to /home/dima/.config/discord/0.0.25/modules/pending/discord_game_utils-1.zip: 32%
2023-03-11T16:35:53.846Z [Modules] Streaming discord_game_utils@1 to /home/dima/.config/discord/0.0.25/modules/pending/discord_game_utils-1.zip: 35%
2023-03-11T16:35:53.852Z [Modules] Streaming discord_game_utils@1 to /home/dima/.config/discord/0.0.25/modules/pending/discord_game_utils-1.zip: 37%
2023-03-11T16:35:53.857Z [Modules] Streaming discord_game_utils@1 to /home/dima/.config/discord/0.0.25/modules/pending/discord_game_utils-1.zip: 40%
2023-03-11T16:35:53.863Z [Modules] Streaming discord_game_utils@1 to /home/dima/.config/discord/0.0.25/modules/pending/discord_game_utils-1.zip: 42%
2023-03-11T16:35:53.863Z [Modules] Streaming discord_game_utils@1 to /home/dima/.config/discord/0.0.25/modules/pending/discord_game_utils-1.zip: 43%
2023-03-11T16:35:53.869Z [Modules] Streaming discord_game_utils@1 to /home/dima/.config/discord/0.0.25/modules/pending/discord_game_utils-1.zip: 45%
2023-03-11T16:35:53.874Z [Modules] Streaming discord_game_utils@1 to /home/dima/.config/discord/0.0.25/modules/pending/discord_game_utils-1.zip: 47%
2023-03-11T16:35:53.880Z [Modules] Streaming discord_game_utils@1 to /home/dima/.config/discord/0.0.25/modules/pending/discord_game_utils-1.zip: 49%
2023-03-11T16:35:53.885Z [Modules] Streaming discord_game_utils@1 to /home/dima/.config/discord/0.0.25/modules/pending/discord_game_utils-1.zip: 52%
2023-03-11T16:35:53.891Z [Modules] Streaming discord_game_utils@1 to /home/dima/.config/discord/0.0.25/modules/pending/discord_game_utils-1.zip: 55%
2023-03-11T16:35:53.897Z [Modules] Streaming discord_game_utils@1 to /home/dima/.config/discord/0.0.25/modules/pending/discord_game_utils-1.zip: 57%
2023-03-11T16:35:53.902Z [Modules] Streaming discord_game_utils@1 to /home/dima/.config/discord/0.0.25/modules/pending/discord_game_utils-1.zip: 60%
2023-03-11T16:35:53.908Z [Modules] Streaming discord_game_utils@1 to /home/dima/.config/discord/0.0.25/modules/pending/discord_game_utils-1.zip: 63%
2023-03-11T16:35:53.911Z [Modules] Streaming discord_game_utils@1 to /home/dima/.config/discord/0.0.25/modules/pending/discord_game_utils-1.zip: 64%
2023-03-11T16:35:53.916Z [Modules] Streaming discord_game_utils@1 to /home/dima/.config/discord/0.0.25/modules/pending/discord_game_utils-1.zip: 67%
2023-03-11T16:35:53.922Z [Modules] Streaming discord_game_utils@1 to /home/dima/.config/discord/0.0.25/modules/pending/discord_game_utils-1.zip: 69%
2023-03-11T16:35:53.927Z [Modules] Streaming discord_game_utils@1 to /home/dima/.config/discord/0.0.25/modules/pending/discord_game_utils-1.zip: 72%
2023-03-11T16:35:53.933Z [Modules] Streaming discord_game_utils@1 to /home/dima/.config/discord/0.0.25/modules/pending/discord_game_utils-1.zip: 74%
2023-03-11T16:35:53.939Z [Modules] Streaming discord_game_utils@1 to /home/dima/.config/discord/0.0.25/modules/pending/discord_game_utils-1.zip: 77%
2023-03-11T16:35:53.941Z [Modules] Finished module installations. [success: 1] [failure: 0]
2023-03-11T16:35:53.944Z [Modules] Streaming discord_game_utils@1 to /home/dima/.config/discord/0.0.25/modules/pending/discord_game_utils-1.zip: 80%
2023-03-11T16:35:53.950Z [Modules] Streaming discord_game_utils@1 to /home/dima/.config/discord/0.0.25/modules/pending/discord_game_utils-1.zip: 82%
2023-03-11T16:35:53.955Z [Modules] Streaming discord_game_utils@1 to /home/dima/.config/discord/0.0.25/modules/pending/discord_game_utils-1.zip: 85%
2023-03-11T16:35:53.961Z [Modules] Streaming discord_game_utils@1 to /home/dima/.config/discord/0.0.25/modules/pending/discord_game_utils-1.zip: 88%
2023-03-11T16:35:53.966Z [Modules] Streaming discord_game_utils@1 to /home/dima/.config/discord/0.0.25/modules/pending/discord_game_utils-1.zip: 90%
2023-03-11T16:35:53.972Z [Modules] Streaming discord_game_utils@1 to /home/dima/.config/discord/0.0.25/modules/pending/discord_game_utils-1.zip: 93%
2023-03-11T16:35:53.975Z [Modules] Streaming discord_game_utils@1 to /home/dima/.config/discord/0.0.25/modules/pending/discord_game_utils-1.zip: 94%
2023-03-11T16:35:53.981Z [Modules] Streaming discord_game_utils@1 to /home/dima/.config/discord/0.0.25/modules/pending/discord_game_utils-1.zip: 96%
2023-03-11T16:35:53.987Z [Modules] Streaming discord_game_utils@1 to /home/dima/.config/discord/0.0.25/modules/pending/discord_game_utils-1.zip: 99%
2023-03-11T16:35:53.987Z [Modules] Streaming discord_game_utils@1 to /home/dima/.config/discord/0.0.25/modules/pending/discord_game_utils-1.zip: 100%
2023-03-11T16:35:53.988Z [Modules] Fetching discord_rpc@1 from https://discord.com/api/modules/stable/discord_rpc/1
2023-03-11T16:35:53.988Z [Modules] Streaming discord_rpc@1 to /home/dima/.config/discord/0.0.25/modules/pending/discord_rpc-1.zip
2023-03-11T16:35:53.988Z [Modules] Installing discord_game_utils@1 from /home/dima/.config/discord/0.0.25/modules/pending/discord_game_utils-1.zip
2023-03-11T16:35:54.033Z [Modules] Finished module installations. [success: 1] [failure: 0]
2023-03-11T16:35:54.173Z [Modules] Streaming discord_rpc@1 to /home/dima/.config/discord/0.0.25/modules/pending/discord_rpc-1.zip: 75%
2023-03-11T16:35:54.176Z [Modules] Streaming discord_rpc@1 to /home/dima/.config/discord/0.0.25/modules/pending/discord_rpc-1.zip: 100%
2023-03-11T16:35:54.176Z [Modules] Finished module downloads. [success: 3] [failure: 0]
2023-03-11T16:35:54.176Z [Modules] Installing discord_rpc@1 from /home/dima/.config/discord/0.0.25/modules/pending/discord_rpc-1.zip
2023-03-11T16:35:54.183Z [Modules] Finished module installations. [success: 1] [failure: 0]
2023-03-11T21:23:44.881Z [Modules] Modules initializing
2023-03-11T21:23:44.881Z [Modules] Distribution: remote
2023-03-11T21:23:44.881Z [Modules] Host updates: enabled
2023-03-11T21:23:44.881Z [Modules] Module updates: enabled
2023-03-11T21:23:44.881Z [Modules] Module install path: /home/dima/.config/discord/0.0.25/modules
2023-03-11T21:23:44.881Z [Modules] Module installed file path: /home/dima/.config/discord/0.0.25/modules/installed.json
2023-03-11T21:23:44.881Z [Modules] Module download path: /home/dima/.config/discord/0.0.25/modules/pending
2023-03-11T21:23:45.010Z [Modules] No updates to install
2023-03-11T21:23:45.011Z [Modules] Checking for host updates.
2023-03-11T21:23:45.220Z [Modules] Host is up to date.
2023-03-11T21:23:45.221Z [Modules] Checking for module updates at https://discord.com/api/modules/stable/versions.json
2023-03-11T21:23:45.241Z [Modules] No module updates available.
2023-03-11T21:23:46.972Z [Modules] Checking for host updates.
2023-03-11T21:23:47.132Z [Modules] Host is up to date.
2023-03-11T21:23:47.133Z [Modules] Checking for module updates at https://discord.com/api/modules/stable/versions.json
2023-03-11T21:23:47.134Z [Modules] No module updates available.
2023-03-11T22:45:18.053Z [Modules] Modules initializing
2023-03-11T22:45:18.053Z [Modules] Distribution: remote
2023-03-11T22:45:18.053Z [Modules] Host updates: enabled
2023-03-11T22:45:18.053Z [Modules] Module updates: enabled
2023-03-11T22:45:18.053Z [Modules] Module install path: /home/dima/.config/discord/0.0.25/modules
2023-03-11T22:45:18.053Z [Modules] Module installed file path: /home/dima/.config/discord/0.0.25/modules/installed.json
2023-03-11T22:45:18.053Z [Modules] Module download path: /home/dima/.config/discord/0.0.25/modules/pending
2023-03-11T22:45:18.190Z [Modules] No updates to install
2023-03-11T22:45:18.190Z [Modules] Checking for host updates.
2023-03-11T22:45:18.398Z [Modules] Host is up to date.
2023-03-11T22:45:18.398Z [Modules] Checking for module updates at https://discord.com/api/modules/stable/versions.json
2023-03-11T22:45:18.418Z [Modules] No module updates available.
2023-03-11T22:45:19.713Z [Modules] Checking for host updates.
2023-03-11T22:45:19.882Z [Modules] Host is up to date.
2023-03-11T22:45:19.882Z [Modules] Checking for module updates at https://discord.com/api/modules/stable/versions.json
2023-03-11T22:45:19.883Z [Modules] No module updates available.
2023-03-12T12:23:09.750Z [Modules] Modules initializing
2023-03-12T12:23:09.750Z [Modules] Distribution: remote
2023-03-12T12:23:09.750Z [Modules] Host updates: enabled
2023-03-12T12:23:09.750Z [Modules] Module updates: enabled
2023-03-12T12:23:09.751Z [Modules] Module install path: /home/dima/.config/discord/0.0.25/modules
2023-03-12T12:23:09.751Z [Modules] Module installed file path: /home/dima/.config/discord/0.0.25/modules/installed.json
2023-03-12T12:23:09.751Z [Modules] Module download path: /home/dima/.config/discord/0.0.25/modules/pending
2023-03-12T12:23:09.884Z [Modules] No updates to install
2023-03-12T12:23:09.885Z [Modules] Checking for host updates.
2023-03-12T12:23:10.075Z [Modules] Host is up to date.
2023-03-12T12:23:10.076Z [Modules] Checking for module updates at https://discord.com/api/modules/stable/versions.json
2023-03-12T12:23:10.117Z [Modules] No module updates available.
2023-03-12T12:23:12.016Z [Modules] Checking for host updates.
2023-03-12T12:23:12.176Z [Modules] Host is up to date.
2023-03-12T12:23:12.177Z [Modules] Checking for module updates at https://discord.com/api/modules/stable/versions.json
2023-03-12T12:23:12.178Z [Modules] No module updates available.
2023-03-12T15:01:25.950Z [Modules] Modules initializing
2023-03-12T15:01:25.950Z [Modules] Distribution: remote
2023-03-12T15:01:25.950Z [Modules] Host updates: enabled
2023-03-12T15:01:25.950Z [Modules] Module updates: enabled
2023-03-12T15:01:25.950Z [Modules] Module install path: /home/dima/.config/discord/0.0.25/modules
2023-03-12T15:01:25.950Z [Modules] Module installed file path: /home/dima/.config/discord/0.0.25/modules/installed.json
2023-03-12T15:01:25.950Z [Modules] Module download path: /home/dima/.config/discord/0.0.25/modules/pending
2023-03-12T15:01:26.078Z [Modules] No updates to install
2023-03-12T15:01:26.078Z [Modules] Checking for host updates.
2023-03-12T15:01:26.318Z [Modules] Host is up to date.
2023-03-12T15:01:26.318Z [Modules] Checking for module updates at https://discord.com/api/modules/stable/versions.json
2023-03-12T15:01:26.356Z [Modules] No module updates available.
2023-03-12T15:01:28.371Z [Modules] Checking for host updates.
2023-03-12T15:01:28.568Z [Modules] Host is up to date.
2023-03-12T15:01:28.568Z [Modules] Checking for module updates at https://discord.com/api/modules/stable/versions.json
2023-03-12T15:01:28.569Z [Modules] No module updates available.
2023-03-12T16:01:28.388Z [Modules] Checking for host updates.
2023-03-12T16:01:28.575Z [Modules] Host is up to date.
2023-03-12T16:01:28.575Z [Modules] Checking for module updates at https://discord.com/api/modules/stable/versions.json
2023-03-12T16:01:28.613Z [Modules] No module updates available.
2023-03-12T17:01:28.371Z [Modules] Checking for host updates.
2023-03-12T17:01:28.605Z [Modules] Host is up to date.
2023-03-12T17:01:28.606Z [Modules] Checking for module updates at https://discord.com/api/modules/stable/versions.json
2023-03-12T17:01:28.642Z [Modules] No module updates available.
2023-03-12T18:01:28.371Z [Modules] Checking for host updates.
2023-03-12T18:01:28.560Z [Modules] Host is up to date.
2023-03-12T18:01:28.560Z [Modules] Checking for module updates at https://discord.com/api/modules/stable/versions.json
2023-03-12T18:01:28.591Z [Modules] No module updates available.
2023-03-16T18:17:29.949Z [Modules] Modules initializing
2023-03-16T18:17:29.949Z [Modules] Distribution: remote
2023-03-16T18:17:29.949Z [Modules] Host updates: enabled
2023-03-16T18:17:29.949Z [Modules] Module updates: enabled
2023-03-16T18:17:29.950Z [Modules] Module install path: /home/dima/.config/discord/0.0.25/modules
2023-03-16T18:17:29.950Z [Modules] Module installed file path: /home/dima/.config/discord/0.0.25/modules/installed.json
2023-03-16T18:17:29.950Z [Modules] Module download path: /home/dima/.config/discord/0.0.25/modules/pending
2023-03-16T18:17:30.107Z [Modules] No updates to install
2023-03-16T18:17:30.107Z [Modules] Checking for host updates.
2023-03-16T18:17:30.326Z [Modules] Host is up to date.
2023-03-16T18:17:30.326Z [Modules] Checking for module updates at https://discord.com/api/modules/stable/versions.json
2023-03-16T18:17:30.382Z [Modules] No module updates available.
2023-03-16T18:17:32.979Z [Modules] Checking for host updates.
2023-03-16T18:17:33.175Z [Modules] Host is up to date.
2023-03-16T18:17:33.175Z [Modules] Checking for module updates at https://discord.com/api/modules/stable/versions.json
2023-03-16T18:17:33.176Z [Modules] No module updates available.
2023-03-19T06:58:19.348Z [Modules] Modules initializing
2023-03-19T06:58:19.348Z [Modules] Distribution: remote
2023-03-19T06:58:19.348Z [Modules] Host updates: enabled
2023-03-19T06:58:19.348Z [Modules] Module updates: enabled
2023-03-19T06:58:19.348Z [Modules] Module install path: /home/dima/.config/discord/0.0.25/modules
2023-03-19T06:58:19.349Z [Modules] Module installed file path: /home/dima/.config/discord/0.0.25/modules/installed.json
2023-03-19T06:58:19.349Z [Modules] Module download path: /home/dima/.config/discord/0.0.25/modules/pending
2023-03-19T06:58:19.508Z [Modules] No updates to install
2023-03-19T06:58:19.509Z [Modules] Checking for host updates.
2023-03-19T06:58:19.712Z [Modules] Host is up to date.
2023-03-19T06:58:19.712Z [Modules] Checking for module updates at https://discord.com/api/modules/stable/versions.json
2023-03-19T06:58:19.797Z [Modules] No module updates available.
2023-03-19T06:58:22.325Z [Modules] Checking for host updates.
2023-03-19T06:58:22.494Z [Modules] Host is up to date.
2023-03-19T06:58:22.494Z [Modules] Checking for module updates at https://discord.com/api/modules/stable/versions.json
2023-03-19T06:58:22.496Z [Modules] No module updates available.
2023-03-19T07:58:22.328Z [Modules] Checking for host updates.
2023-03-19T07:58:22.515Z [Modules] Host is up to date.
2023-03-19T07:58:22.516Z [Modules] Checking for module updates at https://discord.com/api/modules/stable/versions.json
2023-03-19T07:58:22.538Z [Modules] No module updates available.
