2023-03-19 11:05:13.944 [info] Log level: Info
2023-03-19 11:05:13.944 [info] Validating found git in: "git"
2023-03-19 11:05:13.944 [info] Using git "2.39.2" from "git"
2023-03-19 11:05:13.946 [info] > git rev-parse --show-toplevel [17ms]
2023-03-19 11:05:13.946 [info] fatal: not a git repository (or any parent up to mount point /)
Stopping at filesystem boundary (GIT_DISCOVERY_ACROSS_FILESYSTEM not set).
2023-03-19 11:05:13.974 [info] > git rev-parse --show-toplevel [25ms]
2023-03-19 11:05:13.997 [info] > git rev-parse --git-dir --git-common-dir [20ms]
2023-03-19 11:05:14.004 [info] Open repository: /home/dima/.config
2023-03-19 11:05:14.015 [info] > git rev-parse --show-toplevel [5ms]
2023-03-19 11:05:14.015 [info] fatal: not a git repository (or any parent up to mount point /)
Stopping at filesystem boundary (GIT_DISCOVERY_ACROSS_FILESYSTEM not set).
2023-03-19 11:05:14.028 [info] > git rev-parse --show-toplevel [10ms]
2023-03-19 11:05:14.028 [info] fatal: not a git repository (or any parent up to mount point /)
Stopping at filesystem boundary (GIT_DISCOVERY_ACROSS_FILESYSTEM not set).
2023-03-19 11:05:14.031 [info] > git config --get commit.template [17ms]
2023-03-19 11:05:14.045 [info] > git rev-parse --show-toplevel [14ms]
2023-03-19 11:05:14.045 [info] fatal: not a git repository (or any parent up to mount point /)
Stopping at filesystem boundary (GIT_DISCOVERY_ACROSS_FILESYSTEM not set).
2023-03-19 11:05:14.068 [info] > git for-each-ref --format=%(refname)%00%(upstream:short)%00%(objectname)%00%(upstream:track)%00%(upstream:remotename)%00%(upstream:remoteref) refs/heads/main refs/remotes/main [12ms]
2023-03-19 11:05:14.089 [info] > git status -z -uall [15ms]
2023-03-19 11:05:14.125 [info] > git rev-parse --show-toplevel [21ms]
2023-03-19 11:05:14.125 [info] fatal: not a git repository (or any parent up to mount point /)
Stopping at filesystem boundary (GIT_DISCOVERY_ACROSS_FILESYSTEM not set).
2023-03-19 11:05:14.131 [info] > git config --get commit.template [21ms]
2023-03-19 11:05:14.141 [info] > git for-each-ref --format=%(refname)%00%(upstream:short)%00%(objectname)%00%(upstream:track)%00%(upstream:remotename)%00%(upstream:remoteref) refs/heads/main refs/remotes/main [2ms]
2023-03-19 11:05:14.145 [info] > git status -z -uall [1ms]
2023-03-19 11:05:14.460 [info] > git show --textconv :i3/config [3ms]
2023-03-19 11:05:14.461 [info] > git ls-files --stage -- /home/dima/.config/i3/config [1ms]
2023-03-19 11:05:14.464 [info] > git cat-file -s 8410da9a8b95b6788908fe4f997e07ecf740def5 [1ms]
2023-03-19 11:05:14.579 [info] > git check-ignore -v -z --stdin [1ms]
2023-03-19 11:05:48.911 [info] > git config --get commit.template [1ms]
2023-03-19 11:05:48.914 [info] > git for-each-ref --format=%(refname)%00%(upstream:short)%00%(objectname)%00%(upstream:track)%00%(upstream:remotename)%00%(upstream:remoteref) refs/heads/main refs/remotes/main [0ms]
2023-03-19 11:05:48.917 [info] > git status -z -uall [0ms]
2023-03-19 11:05:53.922 [info] > git config --get commit.template [1ms]
2023-03-19 11:05:53.928 [info] > git for-each-ref --format=%(refname)%00%(upstream:short)%00%(objectname)%00%(upstream:track)%00%(upstream:remotename)%00%(upstream:remoteref) refs/heads/main refs/remotes/main [1ms]
2023-03-19 11:05:53.934 [info] > git status -z -uall [2ms]
2023-03-19 11:06:00.063 [info] > git config --get commit.template [3ms]
2023-03-19 11:06:00.071 [info] > git for-each-ref --format=%(refname)%00%(upstream:short)%00%(objectname)%00%(upstream:track)%00%(upstream:remotename)%00%(upstream:remoteref) refs/heads/main refs/remotes/main [2ms]
2023-03-19 11:06:00.077 [info] > git status -z -uall [2ms]
