2023-03-23 07:13:09.737 [info] Log level: Info
2023-03-23 07:13:09.737 [info] Validating found git in: "git"
2023-03-23 07:13:09.737 [info] Using git "2.39.2" from "git"
2023-03-23 07:13:09.738 [info] > git rev-parse --show-toplevel [4ms]
2023-03-23 07:13:09.738 [info] fatal: not a git repository (or any parent up to mount point /)
Stopping at filesystem boundary (GIT_DISCOVERY_ACROSS_FILESYSTEM not set).
2023-03-23 07:13:09.768 [info] > git rev-parse --show-toplevel [27ms]
2023-03-23 07:13:09.793 [info] > git rev-parse --git-dir --git-common-dir [22ms]
2023-03-23 07:13:09.798 [info] Open repository: /home/dima/.config
2023-03-23 07:13:09.818 [info] > git rev-parse --show-toplevel [15ms]
2023-03-23 07:13:09.818 [info] fatal: not a git repository (or any parent up to mount point /)
Stopping at filesystem boundary (GIT_DISCOVERY_ACROSS_FILESYSTEM not set).
2023-03-23 07:13:09.824 [info] > git config --get commit.template [6ms]
2023-03-23 07:13:09.835 [info] > git rev-parse --show-toplevel [15ms]
2023-03-23 07:13:09.835 [info] fatal: not a git repository (or any parent up to mount point /)
Stopping at filesystem boundary (GIT_DISCOVERY_ACROSS_FILESYSTEM not set).
2023-03-23 07:13:09.852 [info] > git for-each-ref --format=%(refname)%00%(upstream:short)%00%(objectname)%00%(upstream:track)%00%(upstream:remotename)%00%(upstream:remoteref) refs/heads/main refs/remotes/main [10ms]
2023-03-23 07:13:09.857 [info] > git rev-parse --show-toplevel [18ms]
2023-03-23 07:13:09.857 [info] fatal: not a git repository (or any parent up to mount point /)
Stopping at filesystem boundary (GIT_DISCOVERY_ACROSS_FILESYSTEM not set).
2023-03-23 07:13:09.862 [info] > git status -z -uall [5ms]
2023-03-23 07:13:09.869 [info] > git config --get commit.template [1ms]
2023-03-23 07:13:09.872 [info] > git for-each-ref --format=%(refname)%00%(upstream:short)%00%(objectname)%00%(upstream:track)%00%(upstream:remotename)%00%(upstream:remoteref) refs/heads/main refs/remotes/main [0ms]
2023-03-23 07:13:09.879 [info] > git status -z -uall [5ms]
2023-03-23 07:13:09.987 [info] > git rev-parse --show-toplevel [3ms]
2023-03-23 07:13:09.987 [info] fatal: not a git repository (or any parent up to mount point /)
Stopping at filesystem boundary (GIT_DISCOVERY_ACROSS_FILESYSTEM not set).
2023-03-23 07:13:10.178 [info] > git show --textconv :i3/config [6ms]
2023-03-23 07:13:10.179 [info] > git ls-files --stage -- /home/dima/.config/i3/config [2ms]
2023-03-23 07:13:10.183 [info] > git cat-file -s 8410da9a8b95b6788908fe4f997e07ecf740def5 [1ms]
2023-03-23 07:13:10.436 [info] > git check-ignore -v -z --stdin [1ms]
