2023-03-19 09:15:23.673 [info] Log level: Info
2023-03-19 09:15:23.673 [info] Validating found git in: "git"
2023-03-19 09:15:23.673 [info] Using git "2.39.2" from "git"
2023-03-19 09:15:23.675 [info] > git rev-parse --show-toplevel [91ms]
2023-03-19 09:15:23.675 [info] fatal: not a git repository (or any parent up to mount point /)
Stopping at filesystem boundary (GIT_DISCOVERY_ACROSS_FILESYSTEM not set).
2023-03-19 09:15:23.702 [info] > git rev-parse --show-toplevel [25ms]
2023-03-19 09:15:23.731 [info] > git rev-parse --git-dir --git-common-dir [26ms]
2023-03-19 09:15:23.736 [info] Open repository: /home/dima/.config
2023-03-19 09:15:23.804 [info] > git rev-parse --show-toplevel [65ms]
2023-03-19 09:15:23.804 [info] fatal: not a git repository (or any parent up to mount point /)
Stopping at filesystem boundary (GIT_DISCOVERY_ACROSS_FILESYSTEM not set).
2023-03-19 09:15:23.814 [info] > git rev-parse --show-toplevel [8ms]
2023-03-19 09:15:23.814 [info] fatal: not a git repository (or any parent up to mount point /)
Stopping at filesystem boundary (GIT_DISCOVERY_ACROSS_FILESYSTEM not set).
2023-03-19 09:15:23.815 [info] > git config --get commit.template [40ms]
2023-03-19 09:15:23.833 [info] > git rev-parse --show-toplevel [10ms]
2023-03-19 09:15:23.833 [info] fatal: not a git repository (or any parent up to mount point /)
Stopping at filesystem boundary (GIT_DISCOVERY_ACROSS_FILESYSTEM not set).
2023-03-19 09:15:23.847 [info] > git for-each-ref --format=%(refname)%00%(upstream:short)%00%(objectname)%00%(upstream:track)%00%(upstream:remotename)%00%(upstream:remoteref) refs/heads/main refs/remotes/main [15ms]
2023-03-19 09:15:23.852 [info] > git status -z -uall [2ms]
2023-03-19 09:15:23.865 [info] > git config --get commit.template [0ms]
2023-03-19 09:15:23.869 [info] > git for-each-ref --format=%(refname)%00%(upstream:short)%00%(objectname)%00%(upstream:track)%00%(upstream:remotename)%00%(upstream:remoteref) refs/heads/main refs/remotes/main [2ms]
2023-03-19 09:15:23.873 [info] > git status -z -uall [1ms]
2023-03-19 09:15:24.256 [info] > git show --textconv :picom/picom.conf [4ms]
2023-03-19 09:15:24.256 [info] > git ls-files --stage -- /home/dima/.config/picom/picom.conf [1ms]
2023-03-19 09:15:24.325 [info] > git check-ignore -v -z --stdin [1ms]
2023-03-19 10:22:35.371 [info] > git config --get commit.template [0ms]
2023-03-19 10:22:35.374 [info] > git for-each-ref --format=%(refname)%00%(upstream:short)%00%(objectname)%00%(upstream:track)%00%(upstream:remotename)%00%(upstream:remoteref) refs/heads/main refs/remotes/main [0ms]
2023-03-19 10:22:35.377 [info] > git status -z -uall [1ms]
2023-03-19 10:22:40.383 [info] > git config --get commit.template [3ms]
2023-03-19 10:22:40.383 [info] > git for-each-ref --format=%(refname)%00%(upstream:short)%00%(objectname)%00%(upstream:track)%00%(upstream:remotename)%00%(upstream:remoteref) refs/heads/main refs/remotes/main [0ms]
2023-03-19 10:22:40.386 [info] > git status -z -uall [1ms]
2023-03-19 10:22:45.393 [info] > git config --get commit.template [3ms]
2023-03-19 10:22:45.393 [info] > git for-each-ref --format=%(refname)%00%(upstream:short)%00%(objectname)%00%(upstream:track)%00%(upstream:remotename)%00%(upstream:remoteref) refs/heads/main refs/remotes/main [0ms]
2023-03-19 10:22:45.396 [info] > git status -z -uall [1ms]
2023-03-19 10:22:45.493 [info] > git show --textconv :i3/config [8ms]
2023-03-19 10:22:45.495 [info] > git ls-files --stage -- /home/dima/.config/i3/config [3ms]
2023-03-19 10:22:45.506 [info] > git cat-file -s 8410da9a8b95b6788908fe4f997e07ecf740def5 [3ms]
2023-03-19 10:22:45.764 [info] > git check-ignore -v -z --stdin [3ms]
2023-03-19 10:22:50.411 [info] > git config --get commit.template [1ms]
2023-03-19 10:22:50.419 [info] > git for-each-ref --format=%(refname)%00%(upstream:short)%00%(objectname)%00%(upstream:track)%00%(upstream:remotename)%00%(upstream:remoteref) refs/heads/main refs/remotes/main [2ms]
2023-03-19 10:22:50.425 [info] > git status -z -uall [1ms]
2023-03-19 10:22:55.439 [info] > git config --get commit.template [2ms]
2023-03-19 10:22:55.447 [info] > git for-each-ref --format=%(refname)%00%(upstream:short)%00%(objectname)%00%(upstream:track)%00%(upstream:remotename)%00%(upstream:remoteref) refs/heads/main refs/remotes/main [2ms]
2023-03-19 10:22:55.453 [info] > git status -z -uall [2ms]
2023-03-19 10:22:59.526 [info] Log level: Info
2023-03-19 10:22:59.526 [info] Validating found git in: "git"
2023-03-19 10:22:59.526 [info] Using git "2.39.2" from "git"
2023-03-19 10:22:59.526 [info] > git rev-parse --show-toplevel [4ms]
2023-03-19 10:22:59.526 [info] fatal: not a git repository (or any parent up to mount point /)
Stopping at filesystem boundary (GIT_DISCOVERY_ACROSS_FILESYSTEM not set).
2023-03-19 10:22:59.526 [info] > git rev-parse --show-toplevel [14ms]
2023-03-19 10:22:59.526 [info] fatal: not a git repository (or any parent up to mount point /)
Stopping at filesystem boundary (GIT_DISCOVERY_ACROSS_FILESYSTEM not set).
2023-03-19 10:22:59.526 [info] > git rev-parse --show-toplevel [9ms]
2023-03-19 10:22:59.526 [info] fatal: not a git repository (or any parent up to mount point /)
Stopping at filesystem boundary (GIT_DISCOVERY_ACROSS_FILESYSTEM not set).
2023-03-19 10:22:59.579 [info] > git rev-parse --show-toplevel [11ms]
2023-03-19 10:22:59.579 [info] fatal: not a git repository (or any parent up to mount point /)
Stopping at filesystem boundary (GIT_DISCOVERY_ACROSS_FILESYSTEM not set).
2023-03-19 10:23:24.249 [info] > git rev-parse --show-toplevel [0ms]
2023-03-19 10:23:24.249 [info] fatal: not a git repository (or any parent up to mount point /)
Stopping at filesystem boundary (GIT_DISCOVERY_ACROSS_FILESYSTEM not set).
2023-03-19 10:24:24.198 [info] > git rev-parse --show-toplevel [4ms]
2023-03-19 10:24:24.198 [info] fatal: not a git repository (or any parent up to mount point /)
Stopping at filesystem boundary (GIT_DISCOVERY_ACROSS_FILESYSTEM not set).
2023-03-19 10:24:26.115 [info] > git rev-parse --show-toplevel [5ms]
2023-03-19 10:24:26.115 [info] fatal: not a git repository (or any parent up to mount point /)
Stopping at filesystem boundary (GIT_DISCOVERY_ACROSS_FILESYSTEM not set).
2023-03-19 10:24:40.315 [info] > git rev-parse --show-toplevel [2ms]
2023-03-19 10:24:40.315 [info] fatal: not a git repository (or any parent up to mount point /)
Stopping at filesystem boundary (GIT_DISCOVERY_ACROSS_FILESYSTEM not set).
2023-03-19 10:25:49.648 [info] > git rev-parse --show-toplevel [1ms]
2023-03-19 10:25:49.648 [info] fatal: not a git repository (or any parent up to mount point /)
Stopping at filesystem boundary (GIT_DISCOVERY_ACROSS_FILESYSTEM not set).
2023-03-19 11:03:19.593 [info] > git rev-parse --show-toplevel [1ms]
2023-03-19 11:03:19.593 [info] fatal: not a git repository (or any parent up to mount point /)
Stopping at filesystem boundary (GIT_DISCOVERY_ACROSS_FILESYSTEM not set).
2023-03-19 11:03:55.817 [info] > git rev-parse --show-toplevel [0ms]
2023-03-19 11:03:55.820 [info] > git rev-parse --git-dir --git-common-dir [1ms]
2023-03-19 11:03:55.824 [info] Open repository: /home/dima/.config
2023-03-19 11:03:55.828 [info] > git config --get commit.template [1ms]
2023-03-19 11:03:55.832 [info] > git for-each-ref --format=%(refname)%00%(upstream:short)%00%(objectname)%00%(upstream:track)%00%(upstream:remotename)%00%(upstream:remoteref) refs/heads/main refs/remotes/main [0ms]
2023-03-19 11:03:55.837 [info] > git status -z -uall [1ms]
2023-03-19 11:03:55.844 [info] > git config --get commit.template [0ms]
2023-03-19 11:03:55.847 [info] > git for-each-ref --format=%(refname)%00%(upstream:short)%00%(objectname)%00%(upstream:track)%00%(upstream:remotename)%00%(upstream:remoteref) refs/heads/main refs/remotes/main [0ms]
2023-03-19 11:03:55.851 [info] > git status -z -uall [1ms]
2023-03-19 11:03:56.145 [info] > git show --textconv :i3/config [7ms]
2023-03-19 11:03:56.147 [info] > git ls-files --stage -- /home/dima/.config/i3/config [1ms]
2023-03-19 11:03:56.151 [info] > git cat-file -s 8410da9a8b95b6788908fe4f997e07ecf740def5 [1ms]
2023-03-19 11:03:56.352 [info] > git check-ignore -v -z --stdin [1ms]
2023-03-19 11:03:57.234 [info] > git config --get commit.template [1ms]
2023-03-19 11:03:57.245 [info] > git for-each-ref --format=%(refname)%00%(upstream:short)%00%(objectname)%00%(upstream:track)%00%(upstream:remotename)%00%(upstream:remoteref) refs/heads/main refs/remotes/main [3ms]
2023-03-19 11:03:57.258 [info] > git status -z -uall [4ms]
2023-03-19 11:04:02.281 [info] > git config --get commit.template [8ms]
2023-03-19 11:04:02.281 [info] > git for-each-ref --format=%(refname)%00%(upstream:short)%00%(objectname)%00%(upstream:track)%00%(upstream:remotename)%00%(upstream:remoteref) refs/heads/main refs/remotes/main [0ms]
2023-03-19 11:04:02.292 [info] > git status -z -uall [3ms]
2023-03-19 11:04:07.301 [info] > git config --get commit.template [0ms]
2023-03-19 11:04:07.305 [info] > git for-each-ref --format=%(refname)%00%(upstream:short)%00%(objectname)%00%(upstream:track)%00%(upstream:remotename)%00%(upstream:remoteref) refs/heads/main refs/remotes/main [1ms]
2023-03-19 11:04:07.311 [info] > git status -z -uall [2ms]
2023-03-19 11:04:12.322 [info] > git config --get commit.template [4ms]
2023-03-19 11:04:12.322 [info] > git for-each-ref --format=%(refname)%00%(upstream:short)%00%(objectname)%00%(upstream:track)%00%(upstream:remotename)%00%(upstream:remoteref) refs/heads/main refs/remotes/main [1ms]
2023-03-19 11:04:12.329 [info] > git status -z -uall [1ms]
2023-03-19 11:04:17.337 [info] > git config --get commit.template [1ms]
2023-03-19 11:04:17.341 [info] > git for-each-ref --format=%(refname)%00%(upstream:short)%00%(objectname)%00%(upstream:track)%00%(upstream:remotename)%00%(upstream:remoteref) refs/heads/main refs/remotes/main [1ms]
2023-03-19 11:04:17.345 [info] > git status -z -uall [1ms]
2023-03-19 11:04:34.930 [info] > git config --get commit.template [2ms]
2023-03-19 11:04:34.938 [info] > git for-each-ref --format=%(refname)%00%(upstream:short)%00%(objectname)%00%(upstream:track)%00%(upstream:remotename)%00%(upstream:remoteref) refs/heads/main refs/remotes/main [1ms]
2023-03-19 11:04:34.948 [info] > git status -z -uall [1ms]
2023-03-19 11:04:45.312 [info] > git config --get commit.template [2ms]
2023-03-19 11:04:45.317 [info] > git for-each-ref --format=%(refname)%00%(upstream:short)%00%(objectname)%00%(upstream:track)%00%(upstream:remotename)%00%(upstream:remoteref) refs/heads/main refs/remotes/main [1ms]
2023-03-19 11:04:45.322 [info] > git status -z -uall [1ms]
