2023-03-19 19:11:40.581 [info] Log level: Info
2023-03-19 19:11:40.581 [info] Validating found git in: "git"
2023-03-19 19:11:40.581 [info] Using git "2.39.2" from "git"
2023-03-19 19:11:40.581 [info] > git rev-parse --show-toplevel [35ms]
2023-03-19 19:11:40.581 [info] fatal: not a git repository (or any parent up to mount point /)
Stopping at filesystem boundary (GIT_DISCOVERY_ACROSS_FILESYSTEM not set).
2023-03-19 19:11:40.583 [info] > git rev-parse --show-toplevel [50ms]
2023-03-19 19:11:40.616 [info] > git rev-parse --git-dir --git-common-dir [30ms]
2023-03-19 19:11:40.626 [info] Open repository: /home/dima/.config
2023-03-19 19:11:40.653 [info] > git rev-parse --show-toplevel [22ms]
2023-03-19 19:11:40.653 [info] fatal: not a git repository (or any parent up to mount point /)
Stopping at filesystem boundary (GIT_DISCOVERY_ACROSS_FILESYSTEM not set).
2023-03-19 19:11:40.659 [info] > git rev-parse --show-toplevel [2ms]
2023-03-19 19:11:40.659 [info] fatal: not a git repository (or any parent up to mount point /)
Stopping at filesystem boundary (GIT_DISCOVERY_ACROSS_FILESYSTEM not set).
2023-03-19 19:11:40.663 [info] > git config --get commit.template [15ms]
2023-03-19 19:11:40.664 [info] > git rev-parse --show-toplevel [1ms]
2023-03-19 19:11:40.664 [info] fatal: not a git repository (or any parent up to mount point /)
Stopping at filesystem boundary (GIT_DISCOVERY_ACROSS_FILESYSTEM not set).
2023-03-19 19:11:40.693 [info] > git for-each-ref --format=%(refname)%00%(upstream:short)%00%(objectname)%00%(upstream:track)%00%(upstream:remotename)%00%(upstream:remoteref) refs/heads/main refs/remotes/main [6ms]
2023-03-19 19:11:40.706 [info] > git status -z -uall [10ms]
2023-03-19 19:11:40.718 [info] > git config --get commit.template [2ms]
2023-03-19 19:11:40.730 [info] > git for-each-ref --format=%(refname)%00%(upstream:short)%00%(objectname)%00%(upstream:track)%00%(upstream:remotename)%00%(upstream:remoteref) refs/heads/main refs/remotes/main [2ms]
2023-03-19 19:11:40.739 [info] > git status -z -uall [5ms]
2023-03-19 19:11:40.841 [info] > git rev-parse --show-toplevel [1ms]
2023-03-19 19:11:40.841 [info] fatal: not a git repository (or any parent up to mount point /)
Stopping at filesystem boundary (GIT_DISCOVERY_ACROSS_FILESYSTEM not set).
2023-03-19 19:11:41.057 [info] > git show --textconv :i3/config [6ms]
2023-03-19 19:11:41.057 [info] > git ls-files --stage -- /home/dima/.config/i3/config [1ms]
2023-03-19 19:11:41.065 [info] > git cat-file -s 8410da9a8b95b6788908fe4f997e07ecf740def5 [4ms]
2023-03-19 19:11:41.196 [info] > git check-ignore -v -z --stdin [1ms]
