2023-03-20 07:08:00.651 [info] Log level: Info
2023-03-20 07:08:00.651 [info] Validating found git in: "git"
2023-03-20 07:08:00.651 [info] Using git "2.39.2" from "git"
2023-03-20 07:08:00.653 [info] > git rev-parse --show-toplevel [19ms]
2023-03-20 07:08:00.653 [info] fatal: not a git repository (or any parent up to mount point /)
Stopping at filesystem boundary (GIT_DISCOVERY_ACROSS_FILESYSTEM not set).
2023-03-20 07:08:00.677 [info] > git rev-parse --show-toplevel [21ms]
2023-03-20 07:08:00.699 [info] > git rev-parse --git-dir --git-common-dir [19ms]
2023-03-20 07:08:00.706 [info] Open repository: /home/dima/.config
2023-03-20 07:08:00.726 [info] > git rev-parse --show-toplevel [15ms]
2023-03-20 07:08:00.726 [info] fatal: not a git repository (or any parent up to mount point /)
Stopping at filesystem boundary (GIT_DISCOVERY_ACROSS_FILESYSTEM not set).
2023-03-20 07:08:00.738 [info] > git rev-parse --show-toplevel [8ms]
2023-03-20 07:08:00.738 [info] fatal: not a git repository (or any parent up to mount point /)
Stopping at filesystem boundary (GIT_DISCOVERY_ACROSS_FILESYSTEM not set).
2023-03-20 07:08:00.742 [info] > git config --get commit.template [17ms]
2023-03-20 07:08:00.742 [info] > git rev-parse --show-toplevel [1ms]
2023-03-20 07:08:00.742 [info] fatal: not a git repository (or any parent up to mount point /)
Stopping at filesystem boundary (GIT_DISCOVERY_ACROSS_FILESYSTEM not set).
2023-03-20 07:08:00.780 [info] > git for-each-ref --format=%(refname)%00%(upstream:short)%00%(objectname)%00%(upstream:track)%00%(upstream:remotename)%00%(upstream:remoteref) refs/heads/main refs/remotes/main [5ms]
2023-03-20 07:08:00.797 [info] > git status -z -uall [14ms]
2023-03-20 07:08:00.826 [info] > git config --get commit.template [13ms]
2023-03-20 07:08:00.841 [info] > git for-each-ref --format=%(refname)%00%(upstream:short)%00%(objectname)%00%(upstream:track)%00%(upstream:remotename)%00%(upstream:remoteref) refs/heads/main refs/remotes/main [3ms]
2023-03-20 07:08:00.846 [info] > git status -z -uall [1ms]
2023-03-20 07:08:00.906 [info] > git rev-parse --show-toplevel [2ms]
2023-03-20 07:08:00.906 [info] fatal: not a git repository (or any parent up to mount point /)
Stopping at filesystem boundary (GIT_DISCOVERY_ACROSS_FILESYSTEM not set).
2023-03-20 07:08:01.158 [info] > git show --textconv :i3/config [4ms]
2023-03-20 07:08:01.158 [info] > git ls-files --stage -- /home/dima/.config/i3/config [1ms]
2023-03-20 07:08:01.163 [info] > git cat-file -s 8410da9a8b95b6788908fe4f997e07ecf740def5 [2ms]
2023-03-20 07:08:01.237 [info] > git check-ignore -v -z --stdin [1ms]
