2023-03-19 09:15:23.951 [info] Reading sessions from keychain...
2023-03-19 09:15:23.951 [info] Getting sessions for user:email...
2023-03-19 09:15:23.951 [info] Got stored sessions!
2023-03-19 09:15:23.951 [info] Got 1 verified sessions.
2023-03-19 09:15:23.951 [info] Got 1 sessions for user:email...
2023-03-19 09:15:24.075 [info] Getting sessions for all scopes...
2023-03-19 09:15:24.075 [info] Got 1 sessions for ...
2023-03-19 09:15:25.446 [info] Getting user info...
2023-03-19 09:15:25.700 [info] Got account info!
2023-03-19 10:22:35.371 [info] Getting sessions for all scopes...
2023-03-19 10:22:35.371 [info] Got 1 sessions for ...
2023-03-19 10:22:59.526 [info] Reading sessions from keychain...
2023-03-19 10:22:59.526 [info] Getting sessions for user:email...
2023-03-19 10:22:59.526 [info] Got stored sessions!
2023-03-19 10:22:59.526 [info] Got 1 verified sessions.
2023-03-19 10:22:59.526 [info] Got 1 sessions for user:email...
2023-03-19 10:22:59.526 [info] Getting sessions for all scopes...
2023-03-19 10:22:59.526 [info] Got 1 sessions for ...
2023-03-19 10:22:59.574 [info] Getting sessions for all scopes...
2023-03-19 10:22:59.574 [info] Got 1 sessions for ...
2023-03-19 10:23:00.202 [info] Getting sessions for all scopes...
2023-03-19 10:23:00.202 [info] Got 1 sessions for ...
2023-03-19 10:23:01.101 [info] Getting user info...
2023-03-19 10:23:01.380 [info] Got account info!
